#
# There is insufficient memory for the Java Runtime Environment to continue.
# Native memory allocation (malloc) failed to allocate 506896 bytes for Chunk::new
# Possible reasons:
#   The system is out of physical RAM or swap space
#   In 32 bit mode, the process size limit was hit
# Possible solutions:
#   Reduce memory load on the system
#   Increase physical memory or swap space
#   Check if swap backing store is full
#   Use 64 bit Java on a 64 bit OS
#   Decrease Java heap size (-Xmx/-Xms)
#   Decrease number of Java threads
#   Decrease Java thread stack sizes (-Xss)
#   Set larger code cache with -XX:ReservedCodeCacheSize=
# This output file may be truncated or incomplete.
#
#  Out of Memory Error (allocation.cpp:390), pid=14384, tid=0x00000000000034c0
#
# JRE version: OpenJDK Runtime Environment (8.0_76-b01) (build 1.8.0_76-release-b01)
# Java VM: OpenJDK 64-Bit Server VM (25.76-b01 mixed mode windows-amd64 compressed oops)
# Failed to write core dump. Minidumps are not enabled by default on client versions of Windows
#

---------------  T H R E A D  ---------------

Current thread (0x0000000014909800):  JavaThread "C2 CompilerThread1" daemon [_thread_in_native, id=13504, stack(0x0000000016050000,0x0000000016150000)]

Stack: [0x0000000016050000,0x0000000016150000]
[error occurred during error reporting (printing stack bounds), id 0xc0000005]

Native frames: (J=compiled Java code, j=interpreted, Vv=VM code, C=native code)


Current CompileTask:
C2:   1174  937       4       com.android.dex.Dex$Section::readCode (136 bytes)


---------------  P R O C E S S  ---------------

Java Threads: ( => current thread )
  0x0000000016280800 JavaThread "Service Thread" daemon [_thread_blocked, id=9960, stack(0x0000000016650000,0x0000000016750000)]
  0x0000000014914000 JavaThread "C1 CompilerThread2" daemon [_thread_blocked, id=12156, stack(0x0000000016150000,0x0000000016250000)]
=>0x0000000014909800 JavaThread "C2 CompilerThread1" daemon [_thread_in_native, id=13504, stack(0x0000000016050000,0x0000000016150000)]
  0x000000001491b000 JavaThread "C2 CompilerThread0" daemon [_thread_in_native, id=8280, stack(0x0000000015f50000,0x0000000016050000)]
  0x0000000014918800 JavaThread "Attach Listener" daemon [_thread_blocked, id=13688, stack(0x0000000015e50000,0x0000000015f50000)]
  0x0000000014916800 JavaThread "Signal Dispatcher" daemon [_thread_blocked, id=4464, stack(0x0000000015d50000,0x0000000015e50000)]
  0x00000000148f8800 JavaThread "Finalizer" daemon [_thread_blocked, id=11976, stack(0x0000000015b70000,0x0000000015c70000)]
  0x00000000148d6800 JavaThread "Reference Handler" daemon [_thread_blocked, id=13764, stack(0x0000000015a70000,0x0000000015b70000)]
  0x0000000002142800 JavaThread "main" [_thread_in_Java, id=7488, stack(0x0000000002040000,0x0000000002140000)]

Other Threads:
  0x00000000148d4000 VMThread [stack: 0x0000000015970000,0x0000000015a70000] [id=7452]
  0x000000001496e000 WatcherThread [stack: 0x0000000016750000,0x0000000016850000] [id=1944]

VM state:not at safepoint (normal execution)

VM Mutex/Monitor currently owned by a thread: None

Heap:
 PSYoungGen      total 72704K, used 21509K [0x00000000eab00000, 0x00000000f3900000, 0x0000000100000000)
  eden space 65536K, 21% used [0x00000000eab00000,0x00000000eb903b08,0x00000000eeb00000)
  from space 7168K, 99% used [0x00000000f3200000,0x00000000f38fdcc8,0x00000000f3900000)
  to   space 2560K, 0% used [0x00000000eeb00000,0x00000000eeb00000,0x00000000eed80000)
 ParOldGen       total 44032K, used 31215K [0x00000000c0000000, 0x00000000c2b00000, 0x00000000eab00000)
  object space 44032K, 70% used [0x00000000c0000000,0x00000000c1e7bd70,0x00000000c2b00000)
 Metaspace       used 4595K, capacity 5430K, committed 5632K, reserved 1056768K
  class space    used 472K, capacity 489K, committed 512K, reserved 1048576K

Card table byte_map: [0x0000000011600000,0x0000000011810000] byte_map_base: 0x0000000011000000

Marking Bits: (ParMarkBitMap*) 0x0000000054749d00
 Begin Bits: [0x0000000011d70000, 0x0000000012d70000)
 End Bits:   [0x0000000012d70000, 0x0000000013d70000)

Polling page: 0x0000000000850000

CodeCache: size=245760Kb used=3341Kb max_used=3354Kb free=242418Kb
 bounds [0x0000000002240000, 0x0000000002590000, 0x0000000011240000]
 total_blobs=1243 nmethods=969 adapters=188
 compilation: enabled

Compilation events (10 events):
Event: 1.116 Thread 0x0000000014914000  990 %     3       com.android.dx.merge.DexMerger::getSortedTypes @ 51 (139 bytes)
Event: 1.117 Thread 0x000000001491b000 nmethod 964 0x000000000256f350 code [0x000000000256f4a0, 0x000000000256f578]
Event: 1.117 Thread 0x000000001491b000  991       4       com.android.dex.Dex$Section::readTypeList (28 bytes)
Event: 1.117 Thread 0x0000000014914000 nmethod 990% 0x0000000002582610 code [0x0000000002582880, 0x00000000025837e8]
Event: 1.118 Thread 0x0000000014914000  992 %     3       java.util.TimSort::binarySort @ 32 (223 bytes)
Event: 1.118 Thread 0x0000000014914000 nmethod 992% 0x0000000002581550 code [0x0000000002581720, 0x0000000002582178]
Event: 1.118 Thread 0x0000000014914000  993       2       java.util.TimSort::mergeLo (659 bytes)
Event: 1.120 Thread 0x0000000014914000 nmethod 993 0x0000000002583fd0 code [0x0000000002584260, 0x0000000002585938]
Event: 1.128 Thread 0x000000001491b000 nmethod 991 0x0000000002589a90 code [0x0000000002589c00, 0x000000000258a398]
Event: 1.128 Thread 0x000000001491b000  997       4       com.android.dx.merge.DexMerger::transformMethods (126 bytes)

GC Heap History (10 events):
Event: 0.419 GC heap before
{Heap before GC invocations=2 (full 0):
 PSYoungGen      total 18944K, used 18781K [0x00000000eab00000, 0x00000000ed000000, 0x0000000100000000)
  eden space 16384K, 99% used [0x00000000eab00000,0x00000000ebade948,0x00000000ebb00000)
  from space 2560K, 98% used [0x00000000ebb00000,0x00000000ebd78c18,0x00000000ebd80000)
  to   space 2560K, 0% used [0x00000000ecd80000,0x00000000ecd80000,0x00000000ed000000)
 ParOldGen       total 44032K, used 2906K [0x00000000c0000000, 0x00000000c2b00000, 0x00000000eab00000)
  object space 44032K, 6% used [0x00000000c0000000,0x00000000c02d68b8,0x00000000c2b00000)
 Metaspace       used 4436K, capacity 5424K, committed 5632K, reserved 1056768K
  class space    used 463K, capacity 488K, committed 512K, reserved 1048576K
Event: 0.421 GC heap after
Heap after GC invocations=2 (full 0):
 PSYoungGen      total 35328K, used 2554K [0x00000000eab00000, 0x00000000ed000000, 0x0000000100000000)
  eden space 32768K, 0% used [0x00000000eab00000,0x00000000eab00000,0x00000000ecb00000)
  from space 2560K, 99% used [0x00000000ecd80000,0x00000000ecffe910,0x00000000ed000000)
  to   space 2560K, 0% used [0x00000000ecb00000,0x00000000ecb00000,0x00000000ecd80000)
 ParOldGen       total 44032K, used 2962K [0x00000000c0000000, 0x00000000c2b00000, 0x00000000eab00000)
  object space 44032K, 6% used [0x00000000c0000000,0x00000000c02e48b8,0x00000000c2b00000)
 Metaspace       used 4436K, capacity 5424K, committed 5632K, reserved 1056768K
  class space    used 463K, capacity 488K, committed 512K, reserved 1048576K
}
Event: 0.587 GC heap before
{Heap before GC invocations=3 (full 0):
 PSYoungGen      total 35328K, used 34533K [0x00000000eab00000, 0x00000000ed000000, 0x0000000100000000)
  eden space 32768K, 97% used [0x00000000eab00000,0x00000000eca3ac10,0x00000000ecb00000)
  from space 2560K, 99% used [0x00000000ecd80000,0x00000000ecffe910,0x00000000ed000000)
  to   space 2560K, 0% used [0x00000000ecb00000,0x00000000ecb00000,0x00000000ecd80000)
 ParOldGen       total 44032K, used 2962K [0x00000000c0000000, 0x00000000c2b00000, 0x00000000eab00000)
  object space 44032K, 6% used [0x00000000c0000000,0x00000000c02e48b8,0x00000000c2b00000)
 Metaspace       used 4542K, capacity 5430K, committed 5632K, reserved 1056768K
  class space    used 472K, capacity 489K, committed 512K, reserved 1048576K
Event: 0.590 GC heap after
Heap after GC invocations=3 (full 0):
 PSYoungGen      total 35328K, used 2548K [0x00000000eab00000, 0x00000000ef000000, 0x0000000100000000)
  eden space 32768K, 0% used [0x00000000eab00000,0x00000000eab00000,0x00000000ecb00000)
  from space 2560K, 99% used [0x00000000ecb00000,0x00000000ecd7d068,0x00000000ecd80000)
  to   space 2560K, 0% used [0x00000000eed80000,0x00000000eed80000,0x00000000ef000000)
 ParOldGen       total 44032K, used 5825K [0x00000000c0000000, 0x00000000c2b00000, 0x00000000eab00000)
  object space 44032K, 13% used [0x00000000c0000000,0x00000000c05b0468,0x00000000c2b00000)
 Metaspace       used 4542K, capacity 5430K, committed 5632K, reserved 1056768K
  class space    used 472K, capacity 489K, committed 512K, reserved 1048576K
}
Event: 0.712 GC heap before
{Heap before GC invocations=4 (full 0):
 PSYoungGen      total 35328K, used 35316K [0x00000000eab00000, 0x00000000ef000000, 0x0000000100000000)
  eden space 32768K, 100% used [0x00000000eab00000,0x00000000ecb00000,0x00000000ecb00000)
  from space 2560K, 99% used [0x00000000ecb00000,0x00000000ecd7d068,0x00000000ecd80000)
  to   space 2560K, 0% used [0x00000000eed80000,0x00000000eed80000,0x00000000ef000000)
 ParOldGen       total 44032K, used 5825K [0x00000000c0000000, 0x00000000c2b00000, 0x00000000eab00000)
  object space 44032K, 13% used [0x00000000c0000000,0x00000000c05b0468,0x00000000c2b00000)
 Metaspace       used 4559K, capacity 5430K, committed 5632K, reserved 1056768K
  class space    used 472K, capacity 489K, committed 512K, reserved 1048576K
Event: 0.717 GC heap after
Heap after GC invocations=4 (full 0):
 PSYoungGen      total 68096K, used 2200K [0x00000000eab00000, 0x00000000ef000000, 0x0000000100000000)
  eden space 65536K, 0% used [0x00000000eab00000,0x00000000eab00000,0x00000000eeb00000)
  from space 2560K, 85% used [0x00000000eed80000,0x00000000eefa6180,0x00000000ef000000)
  to   space 2560K, 0% used [0x00000000eeb00000,0x00000000eeb00000,0x00000000eed80000)
 ParOldGen       total 44032K, used 12249K [0x00000000c0000000, 0x00000000c2b00000, 0x00000000eab00000)
  object space 44032K, 27% used [0x00000000c0000000,0x00000000c0bf6610,0x00000000c2b00000)
 Metaspace       used 4559K, capacity 5430K, committed 5632K, reserved 1056768K
  class space    used 472K, capacity 489K, committed 512K, reserved 1048576K
}
Event: 0.925 GC heap before
{Heap before GC invocations=5 (full 0):
 PSYoungGen      total 68096K, used 67736K [0x00000000eab00000, 0x00000000ef000000, 0x0000000100000000)
  eden space 65536K, 100% used [0x00000000eab00000,0x00000000eeb00000,0x00000000eeb00000)
  from space 2560K, 85% used [0x00000000eed80000,0x00000000eefa6180,0x00000000ef000000)
  to   space 2560K, 0% used [0x00000000eeb00000,0x00000000eeb00000,0x00000000eed80000)
 ParOldGen       total 44032K, used 12249K [0x00000000c0000000, 0x00000000c2b00000, 0x00000000eab00000)
  object space 44032K, 27% used [0x00000000c0000000,0x00000000c0bf6610,0x00000000c2b00000)
 Metaspace       used 4584K, capacity 5430K, committed 5632K, reserved 1056768K
  class space    used 472K, capacity 489K, committed 512K, reserved 1048576K
Event: 0.934 GC heap after
Heap after GC invocations=5 (full 0):
 PSYoungGen      total 68096K, used 2000K [0x00000000eab00000, 0x00000000f3900000, 0x0000000100000000)
  eden space 65536K, 0% used [0x00000000eab00000,0x00000000eab00000,0x00000000eeb00000)
  from space 2560K, 78% used [0x00000000eeb00000,0x00000000eecf40a0,0x00000000eed80000)
  to   space 7168K, 0% used [0x00000000f3200000,0x00000000f3200000,0x00000000f3900000)
 ParOldGen       total 44032K, used 26427K [0x00000000c0000000, 0x00000000c2b00000, 0x00000000eab00000)
  object space 44032K, 60% used [0x00000000c0000000,0x00000000c19ced58,0x00000000c2b00000)
 Metaspace       used 4584K, capacity 5430K, committed 5632K, reserved 1056768K
  class space    used 472K, capacity 489K, committed 512K, reserved 1048576K
}
Event: 1.131 GC heap before
{Heap before GC invocations=6 (full 0):
 PSYoungGen      total 68096K, used 67536K [0x00000000eab00000, 0x00000000f3900000, 0x0000000100000000)
  eden space 65536K, 100% used [0x00000000eab00000,0x00000000eeb00000,0x00000000eeb00000)
  from space 2560K, 78% used [0x00000000eeb00000,0x00000000eecf40a0,0x00000000eed80000)
  to   space 7168K, 0% used [0x00000000f3200000,0x00000000f3200000,0x00000000f3900000)
 ParOldGen       total 44032K, used 26427K [0x00000000c0000000, 0x00000000c2b00000, 0x00000000eab00000)
  object space 44032K, 60% used [0x00000000c0000000,0x00000000c19ced58,0x00000000c2b00000)
 Metaspace       used 4595K, capacity 5430K, committed 5632K, reserved 1056768K
  class space    used 472K, capacity 489K, committed 512K, reserved 1048576K
Event: 1.137 GC heap after
Heap after GC invocations=6 (full 0):
 PSYoungGen      total 72704K, used 7159K [0x00000000eab00000, 0x00000000f3900000, 0x0000000100000000)
  eden space 65536K, 0% used [0x00000000eab00000,0x00000000eab00000,0x00000000eeb00000)
  from space 7168K, 99% used [0x00000000f3200000,0x00000000f38fdcc8,0x00000000f3900000)
  to   space 2560K, 0% used [0x00000000eeb00000,0x00000000eeb00000,0x00000000eed80000)
 ParOldGen       total 44032K, used 31215K [0x00000000c0000000, 0x00000000c2b00000, 0x00000000eab00000)
  object space 44032K, 70% used [0x00000000c0000000,0x00000000c1e7bd70,0x00000000c2b00000)
 Metaspace       used 4595K, capacity 5430K, committed 5632K, reserved 1056768K
  class space    used 472K, capacity 489K, committed 512K, reserved 1048576K
}

Deoptimization events (6 events):
Event: 0.191 Thread 0x0000000002142800 Uncommon trap: reason=unstable_if action=reinterpret pc=0x000000000239bc94 method=java.lang.String.indexOf(II)I @ 49
Event: 0.290 Thread 0x0000000002142800 Uncommon trap: reason=predicate action=maybe_recompile pc=0x0000000002441fa0 method=com.android.dex.Leb128.readUnsignedLeb128(Lcom/android/dex/util/ByteInput;)I @ 41
Event: 0.306 Thread 0x0000000002142800 Uncommon trap: reason=unstable_if action=reinterpret pc=0x000000000240a708 method=com.android.dex.Mutf8.decode(Lcom/android/dex/util/ByteInput;[C)Ljava/lang/String; @ 37
Event: 0.306 Thread 0x0000000002142800 Uncommon trap: reason=unstable_if action=reinterpret pc=0x0000000002410444 method=com.android.dex.Mutf8.countBytes(Ljava/lang/String;Z)J @ 35
Event: 0.306 Thread 0x0000000002142800 Uncommon trap: reason=unstable_if action=reinterpret pc=0x0000000002415eec method=com.android.dex.Mutf8.encode([BILjava/lang/String;)V @ 31
Event: 0.609 Thread 0x0000000002142800 Uncommon trap: reason=unstable_if action=reinterpret pc=0x000000000252a45c method=com.android.dex.EncodedValueCodec.readUnsignedInt(Lcom/android/dex/util/ByteInput;IZ)I @ 3

Internal exceptions (2 events):
Event: 0.021 Thread 0x0000000002142800 Exception <a 'java/lang/NoSuchMethodError': Method sun.misc.Unsafe.defineClass(Ljava/lang/String;[BII)Ljava/lang/Class; name or signature does not match> (0x00000000eab07cc0) thrown at [C:\src\android\AOSP-openjdk\external\jetbrains\jdk\hotspot\src\share\v˚Œ»iJÅï?
Event: 0.021 Thread 0x0000000002142800 Exception <a 'java/lang/NoSuchMethodError': Method sun.misc.Unsafe.prefetchRead(Ljava/lang/Object;J)V name or signature does not match> (0x00000000eab07fa8) thrown at [C:\src\android\AOSP-openjdk\external\jetbrains\jdk\hotspot\src\share\vm\prims\jni.cpp, l

Events (10 events):
Event: 0.858 Thread 0x0000000002142800 DEOPT PACKING pc=0x0000000002495985 sp=0x000000000213f270
Event: 0.858 Thread 0x0000000002142800 DEOPT UNPACKING pc=0x00000000022875bf sp=0x000000000213ef90 mode 0
Event: 0.925 Executing VM operation: ParallelGCFailedAllocation
Event: 0.934 Executing VM operation: ParallelGCFailedAllocation done
Event: 1.082 Thread 0x0000000002142800 DEOPT PACKING pc=0x000000000251cf69 sp=0x000000000213f3b0
Event: 1.082 Thread 0x0000000002142800 DEOPT UNPACKING pc=0x00000000022875bf sp=0x000000000213f130 mode 0
Event: 1.095 Thread 0x0000000002142800 DEOPT PACKING pc=0x000000000251cf69 sp=0x000000000213f3b0
Event: 1.095 Thread 0x0000000002142800 DEOPT UNPACKING pc=0x00000000022875bf sp=0x000000000213f130 mode 0
Event: 1.131 Executing VM operation: ParallelGCFailedAllocation
Event: 1.137 Executing VM operation: ParallelGCFailedAllocation done


Dynamic libraries:
0x00007ff7f2bd0000 - 0x00007ff7f2c05000 	C:\android-studio\jre\bin\java.exe
0x00007fff3dee0000 - 0x00007fff3e08a000 	C:\Windows\SYSTEM32\ntdll.dll
0x00007fff3cfd0000 - 0x00007fff3d10a000 	C:\Windows\system32\KERNEL32.DLL
0x00007fff3b500000 - 0x00007fff3b610000 	C:\Windows\system32\KERNELBASE.dll
0x00007fff3cf20000 - 0x00007fff3cfc5000 	C:\Windows\system32\ADVAPI32.dll
0x00007fff3b760000 - 0x00007fff3b8d1000 	C:\Windows\system32\USER32.dll
0x00007fff38960000 - 0x00007fff38bba000 	C:\Windows\WinSxS\amd64_microsoft.windows.common-controls_6595b64144ccf1df_6.0.9600.17031_none_6242a4b3ecbb55a1\COMCTL32.dll
0x00007fff3d630000 - 0x00007fff3d6d7000 	C:\Windows\system32\msvcrt.dll
0x00007fff3ddd0000 - 0x00007fff3de27000 	C:\Windows\SYSTEM32\sechost.dll
0x00007fff3d840000 - 0x00007fff3d976000 	C:\Windows\system32\RPCRT4.dll
0x00007fff3d6f0000 - 0x00007fff3d835000 	C:\Windows\system32\GDI32.dll
0x00007fff3d4f0000 - 0x00007fff3d524000 	C:\Windows\system32\IMM32.DLL
0x00007fff3d110000 - 0x00007fff3d249000 	C:\Windows\system32\MSCTF.dll
0x0000000053eb0000 - 0x0000000053f82000 	C:\android-studio\jre\jre\bin\msvcr100.dll
0x0000000053f90000 - 0x00000000547c4000 	C:\android-studio\jre\jre\bin\server\jvm.dll
0x00007fff370d0000 - 0x00007fff370d9000 	C:\Windows\SYSTEM32\WSOCK32.dll
0x00007fff36e40000 - 0x00007fff36e5f000 	C:\Windows\SYSTEM32\WINMM.dll
0x00007fff33c90000 - 0x00007fff33c9a000 	C:\Windows\SYSTEM32\VERSION.dll
0x00007fff3ddc0000 - 0x00007fff3ddc7000 	C:\Windows\system32\PSAPI.DLL
0x00007fff3db80000 - 0x00007fff3dbd8000 	C:\Windows\system32\WS2_32.dll
0x00007fff36e10000 - 0x00007fff36e3a000 	C:\Windows\SYSTEM32\WINMMBASE.dll
0x00007fff3b8e0000 - 0x00007fff3b8e9000 	C:\Windows\system32\NSI.dll
0x00007fff3b710000 - 0x00007fff3b75a000 	C:\Windows\SYSTEM32\cfgmgr32.dll
0x00007fff3a0e0000 - 0x00007fff3a106000 	C:\Windows\SYSTEM32\DEVOBJ.dll
0x00007fff36500000 - 0x00007fff3650f000 	C:\android-studio\jre\jre\bin\verify.dll
0x00007fff34ca0000 - 0x00007fff34cc9000 	C:\android-studio\jre\jre\bin\java.dll
0x00007fff34c10000 - 0x00007fff34c26000 	C:\android-studio\jre\jre\bin\zip.dll
0x00007fff3b960000 - 0x00007fff3cd77000 	C:\Windows\system32\SHELL32.dll
0x00007fff3d980000 - 0x00007fff3db56000 	C:\Windows\SYSTEM32\combase.dll
0x00007fff3b900000 - 0x00007fff3b951000 	C:\Windows\system32\SHLWAPI.dll
0x00007fff396a0000 - 0x00007fff3973f000 	C:\Windows\SYSTEM32\SHCORE.dll
0x00007fff3b250000 - 0x00007fff3b264000 	C:\Windows\SYSTEM32\profapi.dll

VM Arguments:
jvm_args: -Djava.awt.headless=true -Xmx1024M -Dfile.encoding=windows-1252 -Duser.country=US -Duser.language=en -Duser.variant 
java_command: com.android.dx.command.Main --dex --force-jumbo --no-optimize --output C:\Users\Sid\AndroidStudioProjects\XMPPDemo\app\build\intermediates\transforms\dex\debug\folders\1000\1f\main C:\Users\Sid\AndroidStudioProjects\XMPPDemo\app\build\intermediates\pre-dexed\debug\instant-run-bootstrap_f5ee84d9689688a3504cf47c7b92d64a4f4d2004.jar C:\Users\Sid\AndroidStudioProjects\XMPPDemo\app\build\intermediates\pre-dexed\debug\smack-android-4.1.0_244648358d761ec8a16dd3ef027e966dcf35461d.jar C:\Users\Sid\AndroidStudioProjects\XMPPDemo\app\build\intermediates\pre-dexed\debug\support-annotations-23.4.0_b712715183bea4efe51462acf9b32a7fb8da5e68.jar C:\Users\Sid\AndroidStudioProjects\XMPPDemo\app\build\intermediates\pre-dexed\debug\smack-resolver-minidns-4.1.0_cd166a16aeb8a061c2870be9cf3cdeb98003ef25.jar C:\Users\Sid\AndroidStudioProjects\XMPPDemo\app\build\intermediates\pre-dexed\debug\smack-android-extensions-4.1.0_8265bac8ce4a135f0505c10fca623d780c672766.jar C:\Users\Sid\AndroidStudioProjects\XMPPDemo\app\build\intermediates\pre-dexed\debug\jxmpp-util-cache-0.4.2-beta1_a898059e0bf6eec822d6ab7f1329ddb91bed0d2d.jar C:\Users\Sid\AndroidStudioProjects\XMPPDemo\app\build\intermediates\pre-dexed\debug\smack-sasl-provided-4.1.0_68702b5687dee83861a53a04d496373e6f84979a.jar C:\Users\Sid\AndroidStudioProjects\XMPPDemo\app\build\intermediates\pre-dexed\debug\com.android.support-animated-vector-drawable-23.4.0_14977f4b20f4b733d1e1f43e7ca43ab8ea594cc5.jar C:\Users\Sid\AndroidStudioProjects\XMPPDemo\app\build\intermediates\pre-dexed\debug\jxmpp-core-0.4.2-beta1_ee3603a0161945f816553f94388ea787e6ff0bee.jar C:\Users\Sid\AndroidStudioProjects\XMPPDemo\app\build\intermediates\pre-dexed\debug\minidns-0.1.7_8d0307afa02cf53ec983ab75ffc5744c355de9c9.jar C:\Users\Sid\AndroidStudioProjects\XMPPDemo\app\build\intermediates\pre-dexed\debug\com.android.support-support-vector-drawable-23.4.0_00f04980b794e5a87509144b939dd1cd561860dc.jar C:\Users\Sid\AndroidStudioProjects\XMPPDemo\app\build\interm
java_class_path (initial): C:\Users\Sid\sdk1\build-tools\22.0.1\lib\dx.jar
Launcher Type: SUN_STANDARD

Environment Variables:
JAVA_HOME=C:\Program Files\Java\jdk1.7.0_76
PATH=C:\Windows\system32;C:\Windows;C:\Windows\System32\Wbem;C:\Windows\System32\WindowsPowerShell\v1.0\;C:\Program Files (x86)\ATI Technologies\ATI.ACE\Core-Static;C:\Program Files\adb;C:\Python27;C:\Python27\Scripts;C:\Program Files (x86)\Heroku\bin;C:\Program Files (x86)\git\cmd;C:\Program Files (x86)\GnuWin32\bin;C:\OpenSSL\bin;C:\Program Files\Microsoft SQL Server\110\Tools\Binn\;%ANDROID_HOME%\tools;%ANDROID_HOME%\platform-tools,%JAVA_HOME%\bin;C:\Users\Sid\sdk1\tools;%ANT_HOME%\bin;C:\Users\Sid\sencha\Sencha\Cmd\5.1.2.52;C:\Program Files (x86)\Git\bin;C:\Program Files\Java\jdk1.7.0_76\bin;C:\Program Files\nodejs\;%USERPROFILE%\.dnx\bin;C:\Program Files\Microsoft DNX\Dnvm\;C:\Program Files (x86)\Windows Kits\8.1\Windows Performance Toolkit\;C:\Program Files\Microsoft\Web Platform Installer\;C:\Program Files (x86)\Skype\Phone\;C:\ffmpeg\bin;C:\rtmp;C:\Program Files\cURL\bin;C:\Windows\system32;C:\Windows;C:\Windows\System32\Wbem;C:\Windows\System32\WindowsPowerShell\v1.0\;C:\Program Files (x86)\ATI Technologies\ATI.ACE\Core-Static;C:\Program Files\adb;C:\Python27;C:\Python27\Scripts;C:\Program Files (x86)\Heroku\bin;C:\Program Files (x86)\git\cmd;C:\Program Files (x86)\GnuWin32\bin;C:\OpenSSL\bin;C:\Program Files\Microsoft SQL Server\110\Tools\Binn\;C:\Users\Sid\sdk1\tools;C:\Users\Sid\sdk1\platform-tools,C:\Program Files\Java\jdk1.7.0_76\bin;C:\ant\bin;C:\Users\Sid\sencha\Sencha\Cmd\5.1.2.52;C:\Program Files (x86)\Git\bin;C:\Program Files\Java\jdk1.7.0_76\bin;C:\Program Files\nodejs\;C:\Users\Sid\.dnx\bin;C:\Program Files\Microsoft DNX\Dnvm\;C:\Program Files (x86)\Windows Kits\8.1\Windows Performance Toolkit\;C:\Program Files\MATLAB\R2015b\bin;C:\Program Files\Microsoft\Web Platform Installer\;C:\Program Files (x86)\Skype\Phone\;C:\ffmpeg\bin;C:\rtmp;C:\Ruby21-x64\bin;C:\Users\Sid\AppData\Roaming\npm;C:\Users\Sid\AppData\Local\.meteor\
USERNAME=Sid
OS=Windows_NT
PROCESSOR_IDENTIFIER=Intel64 Family 6 Model 58 Stepping 9, GenuineIntel



---------------  S Y S T E M  ---------------

OS: Windows 8.1 , 64 bit Build 9600 (6.3.9600.17031)

CPU:total 4 (2 cores per cpu, 2 threads per core) family 6 model 58 stepping 9, cmov, cx8, fxsr, mmx, sse, sse2, sse3, ssse3, sse4.1, sse4.2, popcnt, avx, aes, clmul, erms, ht, tsc, tscinvbit, tscinv

Memory: 4k page, physical 4078900k(674172k free), swap 7224628k(5284k free)

vm_info: OpenJDK 64-Bit Server VM (25.76-b01) for windows-amd64 JRE (1.8.0_76-release-b01), built on May 12 2016 23:29:00 by "ralucas" with MS VC++ 10.0 (VS2010)

time: Fri Jun 10 15:09:04 2016
elapsed time: 1 seconds (0d 0h 0m 1s)

