#
# There is insufficient memory for the Java Runtime Environment to continue.
# Native memory allocation (malloc) failed to allocate 83536 bytes for Chunk::new
# Possible reasons:
#   The system is out of physical RAM or swap space
#   In 32 bit mode, the process size limit was hit
# Possible solutions:
#   Reduce memory load on the system
#   Increase physical memory or swap space
#   Check if swap backing store is full
#   Use 64 bit Java on a 64 bit OS
#   Decrease Java heap size (-Xmx/-Xms)
#   Decrease number of Java threads
#   Decrease Java thread stack sizes (-Xss)
#   Set larger code cache with -XX:ReservedCodeCacheSize=
# This output file may be truncated or incomplete.
#
#  Out of Memory Error (allocation.cpp:390), pid=3512, tid=0x0000000000003bd4
#
# JRE version: OpenJDK Runtime Environment (8.0_76-b01) (build 1.8.0_76-release-b01)
# Java VM: OpenJDK 64-Bit Server VM (25.76-b01 mixed mode windows-amd64 compressed oops)
# Failed to write core dump. Minidumps are not enabled by default on client versions of Windows
#

---------------  T H R E A D  ---------------

Current thread (0x0000000015169800):  JavaThread "C2 CompilerThread0" daemon [_thread_in_native, id=15316, stack(0x00000000167b0000,0x00000000168b0000)]

Stack: [0x00000000167b0000,0x00000000168b0000]
[error occurred during error reporting (printing stack bounds), id 0xc0000005]

Native frames: (J=compiled Java code, j=interpreted, Vv=VM code, C=native code)


Current CompileTask:
C2:   9511 1045       4       com.android.dx.ssa.SCCP::simulateStmt (481 bytes)


---------------  P R O C E S S  ---------------

Java Threads: ( => current thread )
  0x00000000169b3000 JavaThread "Service Thread" daemon [_thread_blocked, id=13020, stack(0x0000000016eb0000,0x0000000016fb0000)]
  0x00000000169b0800 JavaThread "C1 CompilerThread2" daemon [_thread_blocked, id=4312, stack(0x0000000016db0000,0x0000000016eb0000)]
  0x00000000151b6800 JavaThread "C2 CompilerThread1" daemon [_thread_blocked, id=9436, stack(0x00000000168b0000,0x00000000169b0000)]
=>0x0000000015169800 JavaThread "C2 CompilerThread0" daemon [_thread_in_native, id=15316, stack(0x00000000167b0000,0x00000000168b0000)]
  0x0000000015167000 JavaThread "Attach Listener" daemon [_thread_blocked, id=5320, stack(0x00000000166b0000,0x00000000167b0000)]
  0x0000000015165000 JavaThread "Signal Dispatcher" daemon [_thread_blocked, id=3208, stack(0x00000000165b0000,0x00000000166b0000)]
  0x0000000015148800 JavaThread "Finalizer" daemon [_thread_blocked, id=2988, stack(0x00000000163d0000,0x00000000164d0000)]
  0x0000000015127000 JavaThread "Reference Handler" daemon [_thread_blocked, id=2308, stack(0x00000000162d0000,0x00000000163d0000)]
  0x00000000010dd800 JavaThread "main" [_thread_in_Java, id=6436, stack(0x0000000002850000,0x0000000002950000)]

Other Threads:
  0x0000000015124800 VMThread [stack: 0x00000000161d0000,0x00000000162d0000] [id=10136]
  0x00000000169b5000 WatcherThread [stack: 0x0000000016fb0000,0x00000000170b0000] [id=13552]

VM state:not at safepoint (normal execution)

VM Mutex/Monitor currently owned by a thread: None

Heap:
 PSYoungGen      total 18944K, used 5969K [0x00000000eab00000, 0x00000000ec000000, 0x0000000100000000)
  eden space 16384K, 20% used [0x00000000eab00000,0x00000000eae59af8,0x00000000ebb00000)
  from space 2560K, 99% used [0x00000000ebb00000,0x00000000ebd7aa90,0x00000000ebd80000)
  to   space 2560K, 0% used [0x00000000ebd80000,0x00000000ebd80000,0x00000000ec000000)
 ParOldGen       total 44032K, used 1813K [0x00000000c0000000, 0x00000000c2b00000, 0x00000000eab00000)
  object space 44032K, 4% used [0x00000000c0000000,0x00000000c01c55f8,0x00000000c2b00000)
 Metaspace       used 5510K, capacity 6768K, committed 7040K, reserved 1056768K
  class space    used 535K, capacity 616K, committed 640K, reserved 1048576K

Card table byte_map: [0x0000000011e50000,0x0000000012060000] byte_map_base: 0x0000000011850000

Marking Bits: (ParMarkBitMap*) 0x0000000054749d00
 Begin Bits: [0x00000000125c0000, 0x00000000135c0000)
 End Bits:   [0x00000000135c0000, 0x00000000145c0000)

Polling page: 0x00000000010c0000

CodeCache: size=245760Kb used=4430Kb max_used=4430Kb free=241329Kb
 bounds [0x0000000002a90000, 0x0000000002ef0000, 0x0000000011a90000]
 total_blobs=1338 nmethods=1074 adapters=178
 compilation: enabled

Compilation events (10 events):
Event: 9.491 Thread 0x00000000169b0800 1071       3       com.android.dx.ssa.MoveParamCombiner$1::visitPhiInsn (1 bytes)
Event: 9.491 Thread 0x00000000169b0800 nmethod 1071 0x0000000002edc810 code [0x0000000002edc960, 0x0000000002edcab0]
Event: 9.492 Thread 0x00000000169b0800 1072       3       com.android.dx.rop.cst.CstType::getType (4 bytes)
Event: 9.492 Thread 0x00000000169b0800 nmethod 1072 0x0000000002ee68d0 code [0x0000000002ee6a20, 0x0000000002ee6b70]
Event: 9.492 Thread 0x00000000169b0800 1073       3       com.android.dx.rop.type.Prototype::getParameterFrameTypes (96 bytes)
Event: 9.493 Thread 0x00000000169b0800 nmethod 1073 0x0000000002ee4bd0 code [0x0000000002ee4e20, 0x0000000002ee5e38]
Event: 9.499 Thread 0x00000000169b0800 1074       3       com.android.dx.util.MutabilityControl::<init> (10 bytes)
Event: 9.499 Thread 0x00000000169b0800 nmethod 1074 0x0000000002ee4810 code [0x0000000002ee4960, 0x0000000002ee4b10]
Event: 9.500 Thread 0x00000000169b0800 1075       3       com.android.dx.rop.cst.CstBaseMethodRef::isInstanceInit (8 bytes)
Event: 9.500 Thread 0x00000000169b0800 nmethod 1075 0x0000000002ee4110 code [0x0000000002ee4280, 0x0000000002ee46a8]

GC Heap History (2 events):
Event: 9.024 GC heap before
{Heap before GC invocations=1 (full 0):
 PSYoungGen      total 18944K, used 16384K [0x00000000eab00000, 0x00000000ec000000, 0x0000000100000000)
  eden space 16384K, 100% used [0x00000000eab00000,0x00000000ebb00000,0x00000000ebb00000)
  from space 2560K, 0% used [0x00000000ebd80000,0x00000000ebd80000,0x00000000ec000000)
  to   space 2560K, 0% used [0x00000000ebb00000,0x00000000ebb00000,0x00000000ebd80000)
 ParOldGen       total 44032K, used 0K [0x00000000c0000000, 0x00000000c2b00000, 0x00000000eab00000)
  object space 44032K, 0% used [0x00000000c0000000,0x00000000c0000000,0x00000000c2b00000)
 Metaspace       used 5471K, capacity 6768K, committed 7040K, reserved 1056768K
  class space    used 533K, capacity 616K, committed 640K, reserved 1048576K
Event: 9.357 GC heap after
Heap after GC invocations=1 (full 0):
 PSYoungGen      total 18944K, used 2538K [0x00000000eab00000, 0x00000000ec000000, 0x0000000100000000)
  eden space 16384K, 0% used [0x00000000eab00000,0x00000000eab00000,0x00000000ebb00000)
  from space 2560K, 99% used [0x00000000ebb00000,0x00000000ebd7aa90,0x00000000ebd80000)
  to   space 2560K, 0% used [0x00000000ebd80000,0x00000000ebd80000,0x00000000ec000000)
 ParOldGen       total 44032K, used 1813K [0x00000000c0000000, 0x00000000c2b00000, 0x00000000eab00000)
  object space 44032K, 4% used [0x00000000c0000000,0x00000000c01c55f8,0x00000000c2b00000)
 Metaspace       used 5471K, capacity 6768K, committed 7040K, reserved 1056768K
  class space    used 533K, capacity 616K, committed 640K, reserved 1048576K
}

Deoptimization events (8 events):
Event: 6.792 Thread 0x00000000010dd800 Uncommon trap: reason=null_check action=make_not_entrant pc=0x0000000002db82e8 method=com.android.dx.ssa.SsaRenamer.getLocalForNewReg(I)Lcom/android/dx/rop/code/LocalItem; @ 19
Event: 6.792 Thread 0x00000000010dd800 Uncommon trap: reason=null_check action=make_not_entrant pc=0x0000000002dae630 method=com.android.dx.ssa.SsaRenamer.getLocalForNewReg(I)Lcom/android/dx/rop/code/LocalItem; @ 19
Event: 7.126 Thread 0x00000000010dd800 Uncommon trap: reason=unstable_if action=reinterpret pc=0x0000000002d01038 method=com.android.dx.cf.code.Ropper.labelToResultIndex(I)I @ 34
Event: 9.371 Thread 0x00000000010dd800 Uncommon trap: reason=unstable_if action=reinterpret pc=0x0000000002ea5f00 method=com.android.dx.ssa.SsaRenamer$BlockRenamer.addMapping(ILcom/android/dx/rop/code/RegisterSpec;)V @ 120
Event: 9.418 Thread 0x00000000010dd800 Uncommon trap: reason=unstable_if action=reinterpret pc=0x0000000002e50410 method=com.android.dx.rop.code.RegisterSpecSet.put(Lcom/android/dx/rop/code/RegisterSpec;)V @ 77
Event: 9.420 Thread 0x00000000010dd800 Uncommon trap: reason=class_check action=maybe_recompile pc=0x0000000002dfc760 method=com.android.dx.ssa.NormalSsaInsn.accept(Lcom/android/dx/ssa/SsaInsn$Visitor;)V @ 9
Event: 9.420 Thread 0x00000000010dd800 Uncommon trap: reason=class_check action=maybe_recompile pc=0x0000000002e02d8c method=com.android.dx.ssa.NormalSsaInsn.accept(Lcom/android/dx/ssa/SsaInsn$Visitor;)V @ 9
Event: 9.441 Thread 0x00000000010dd800 Uncommon trap: reason=unstable_if action=reinterpret pc=0x0000000002e7489c method=com.android.dx.rop.cst.Constant.compareTo(Lcom/android/dx/rop/cst/Constant;)I @ 12

Internal exceptions (4 events):
Event: 1.707 Thread 0x00000000010dd800 Exception <a 'java/lang/NoSuchMethodError': Method sun.misc.Unsafe.defineClass(Ljava/lang/String;[BII)Ljava/lang/Class; name or signature does not match> (0x00000000eab07cc0) thrown at [C:\src\android\AOSP-openjdk\external\jetbrains\jdk\hotspot\src\share\v¼Ø9žÏPû?
Event: 1.707 Thread 0x00000000010dd800 Exception <a 'java/lang/NoSuchMethodError': Method sun.misc.Unsafe.prefetchRead(Ljava/lang/Object;J)V name or signature does not match> (0x00000000eab07fa8) thrown at [C:\src\android\AOSP-openjdk\external\jetbrains\jdk\hotspot\src\share\vm\prims\jni.cpp, lÞîÏ*@
Event: 6.792 Thread 0x00000000010dd800 Implicit null exception at 0x0000000002db69a4 to 0x0000000002db829d
Event: 6.792 Thread 0x00000000010dd800 Implicit null exception at 0x0000000002dac8d0 to 0x0000000002dae615

Events (10 events):
Event: 9.420 Executing VM operation: Deoptimize done
Event: 9.420 Thread 0x00000000010dd800 Uncommon trap: trap_request=0xffffffde fr.pc=0x0000000002dfc760
Event: 9.420 Thread 0x00000000010dd800 DEOPT PACKING pc=0x0000000002dfc760 sp=0x000000000294e890
Event: 9.420 Thread 0x00000000010dd800 DEOPT UNPACKING pc=0x0000000002ad556a sp=0x000000000294e860 mode 2
Event: 9.420 Thread 0x00000000010dd800 Uncommon trap: trap_request=0xffffffde fr.pc=0x0000000002e02d8c
Event: 9.420 Thread 0x00000000010dd800 DEOPT PACKING pc=0x0000000002e02d8c sp=0x000000000294e810
Event: 9.420 Thread 0x00000000010dd800 DEOPT UNPACKING pc=0x0000000002ad556a sp=0x000000000294e850 mode 2
Event: 9.441 Thread 0x00000000010dd800 Uncommon trap: trap_request=0xffffff65 fr.pc=0x0000000002e7489c
Event: 9.441 Thread 0x00000000010dd800 DEOPT PACKING pc=0x0000000002e7489c sp=0x000000000294e660
Event: 9.441 Thread 0x00000000010dd800 DEOPT UNPACKING pc=0x0000000002ad556a sp=0x000000000294e600 mode 2


Dynamic libraries:
0x00007ff7f2bd0000 - 0x00007ff7f2c05000 	C:\android-studio\jre\bin\java.exe
0x00007fff3dee0000 - 0x00007fff3e08a000 	C:\Windows\SYSTEM32\ntdll.dll
0x00007fff3cfd0000 - 0x00007fff3d10a000 	C:\Windows\system32\KERNEL32.DLL
0x00007fff3b500000 - 0x00007fff3b610000 	C:\Windows\system32\KERNELBASE.dll
0x00007fff3cf20000 - 0x00007fff3cfc5000 	C:\Windows\system32\ADVAPI32.dll
0x00007fff3b760000 - 0x00007fff3b8d1000 	C:\Windows\system32\USER32.dll
0x00007fff38960000 - 0x00007fff38bba000 	C:\Windows\WinSxS\amd64_microsoft.windows.common-controls_6595b64144ccf1df_6.0.9600.17031_none_6242a4b3ecbb55a1\COMCTL32.dll
0x00007fff3d630000 - 0x00007fff3d6d7000 	C:\Windows\system32\msvcrt.dll
0x00007fff3ddd0000 - 0x00007fff3de27000 	C:\Windows\SYSTEM32\sechost.dll
0x00007fff3d840000 - 0x00007fff3d976000 	C:\Windows\system32\RPCRT4.dll
0x00007fff3d6f0000 - 0x00007fff3d835000 	C:\Windows\system32\GDI32.dll
0x00007fff3d4f0000 - 0x00007fff3d524000 	C:\Windows\system32\IMM32.DLL
0x00007fff3d110000 - 0x00007fff3d249000 	C:\Windows\system32\MSCTF.dll
0x0000000053eb0000 - 0x0000000053f82000 	C:\android-studio\jre\jre\bin\msvcr100.dll
0x0000000053f90000 - 0x00000000547c4000 	C:\android-studio\jre\jre\bin\server\jvm.dll
0x00007fff370d0000 - 0x00007fff370d9000 	C:\Windows\SYSTEM32\WSOCK32.dll
0x00007fff36e40000 - 0x00007fff36e5f000 	C:\Windows\SYSTEM32\WINMM.dll
0x00007fff33c90000 - 0x00007fff33c9a000 	C:\Windows\SYSTEM32\VERSION.dll
0x00007fff3ddc0000 - 0x00007fff3ddc7000 	C:\Windows\system32\PSAPI.DLL
0x00007fff3db80000 - 0x00007fff3dbd8000 	C:\Windows\system32\WS2_32.dll
0x00007fff36e10000 - 0x00007fff36e3a000 	C:\Windows\SYSTEM32\WINMMBASE.dll
0x00007fff3b8e0000 - 0x00007fff3b8e9000 	C:\Windows\system32\NSI.dll
0x00007fff3b710000 - 0x00007fff3b75a000 	C:\Windows\SYSTEM32\cfgmgr32.dll
0x00007fff3a0e0000 - 0x00007fff3a106000 	C:\Windows\SYSTEM32\DEVOBJ.dll
0x00007fff36500000 - 0x00007fff3650f000 	C:\android-studio\jre\jre\bin\verify.dll
0x00007fff34ca0000 - 0x00007fff34cc9000 	C:\android-studio\jre\jre\bin\java.dll
0x00007fff34c10000 - 0x00007fff34c26000 	C:\android-studio\jre\jre\bin\zip.dll
0x00007fff3b960000 - 0x00007fff3cd77000 	C:\Windows\system32\SHELL32.dll
0x00007fff3d980000 - 0x00007fff3db56000 	C:\Windows\SYSTEM32\combase.dll
0x00007fff3b900000 - 0x00007fff3b951000 	C:\Windows\system32\SHLWAPI.dll
0x00007fff396a0000 - 0x00007fff3973f000 	C:\Windows\SYSTEM32\SHCORE.dll
0x00007fff3b250000 - 0x00007fff3b264000 	C:\Windows\SYSTEM32\profapi.dll

VM Arguments:
jvm_args: -Djava.awt.headless=true -Xmx1024M -Dfile.encoding=windows-1252 -Duser.country=US -Duser.language=en -Duser.variant 
java_command: com.android.dx.command.Main --dex --force-jumbo --output C:\Users\Sid\AndroidStudioProjects\XMPPDemo\app\build\intermediates\pre-dexed\debug\minidns-0.1.7_8d0307afa02cf53ec983ab75ffc5744c355de9c9.jar C:\Users\Sid\.gradle\caches\modules-2\files-2.1\de.measite.minidns\minidns\0.1.7\993582d1455b93a5723d2af4b39d8679735b3550\minidns-0.1.7.jar
java_class_path (initial): C:\Users\Sid\sdk1\build-tools\22.0.1\lib\dx.jar
Launcher Type: SUN_STANDARD

Environment Variables:
JAVA_HOME=C:\Program Files\Java\jdk1.7.0_76
PATH=C:\Windows\system32;C:\Windows;C:\Windows\System32\Wbem;C:\Windows\System32\WindowsPowerShell\v1.0\;C:\Program Files (x86)\ATI Technologies\ATI.ACE\Core-Static;C:\Program Files\adb;C:\Python27;C:\Python27\Scripts;C:\Program Files (x86)\Heroku\bin;C:\Program Files (x86)\git\cmd;C:\Program Files (x86)\GnuWin32\bin;C:\OpenSSL\bin;C:\Program Files\Microsoft SQL Server\110\Tools\Binn\;%ANDROID_HOME%\tools;%ANDROID_HOME%\platform-tools,%JAVA_HOME%\bin;C:\Users\Sid\sdk1\tools;%ANT_HOME%\bin;C:\Users\Sid\sencha\Sencha\Cmd\5.1.2.52;C:\Program Files (x86)\Git\bin;C:\Program Files\Java\jdk1.7.0_76\bin;C:\Program Files\nodejs\;%USERPROFILE%\.dnx\bin;C:\Program Files\Microsoft DNX\Dnvm\;C:\Program Files (x86)\Windows Kits\8.1\Windows Performance Toolkit\;C:\Program Files\Microsoft\Web Platform Installer\;C:\Program Files (x86)\Skype\Phone\;C:\ffmpeg\bin;C:\rtmp;C:\Program Files\cURL\bin;C:\Windows\system32;C:\Windows;C:\Windows\System32\Wbem;C:\Windows\System32\WindowsPowerShell\v1.0\;C:\Program Files (x86)\ATI Technologies\ATI.ACE\Core-Static;C:\Program Files\adb;C:\Python27;C:\Python27\Scripts;C:\Program Files (x86)\Heroku\bin;C:\Program Files (x86)\git\cmd;C:\Program Files (x86)\GnuWin32\bin;C:\OpenSSL\bin;C:\Program Files\Microsoft SQL Server\110\Tools\Binn\;C:\Users\Sid\sdk1\tools;C:\Users\Sid\sdk1\platform-tools,C:\Program Files\Java\jdk1.7.0_76\bin;C:\ant\bin;C:\Users\Sid\sencha\Sencha\Cmd\5.1.2.52;C:\Program Files (x86)\Git\bin;C:\Program Files\Java\jdk1.7.0_76\bin;C:\Program Files\nodejs\;C:\Users\Sid\.dnx\bin;C:\Program Files\Microsoft DNX\Dnvm\;C:\Program Files (x86)\Windows Kits\8.1\Windows Performance Toolkit\;C:\Program Files\MATLAB\R2015b\bin;C:\Program Files\Microsoft\Web Platform Installer\;C:\Program Files (x86)\Skype\Phone\;C:\ffmpeg\bin;C:\rtmp;C:\Ruby21-x64\bin;C:\Users\Sid\AppData\Roaming\npm;C:\Users\Sid\AppData\Local\.meteor\
USERNAME=Sid
OS=Windows_NT
PROCESSOR_IDENTIFIER=Intel64 Family 6 Model 58 Stepping 9, GenuineIntel



---------------  S Y S T E M  ---------------

OS: Windows 8.1 , 64 bit Build 9600 (6.3.9600.17031)

CPU:total 4 (2 cores per cpu, 2 threads per core) family 6 model 58 stepping 9, cmov, cx8, fxsr, mmx, sse, sse2, sse3, ssse3, sse4.1, sse4.2, popcnt, avx, aes, clmul, erms, ht, tsc, tscinvbit, tscinv

Memory: 4k page, physical 4078900k(744188k free), swap 7224628k(5108k free)

vm_info: OpenJDK 64-Bit Server VM (25.76-b01) for windows-amd64 JRE (1.8.0_76-release-b01), built on May 12 2016 23:29:00 by "ralucas" with MS VC++ 10.0 (VS2010)

time: Thu Jun 09 23:30:01 2016
elapsed time: 9 seconds (0d 0h 0m 9s)

