#
# There is insufficient memory for the Java Runtime Environment to continue.
# Native memory allocation (malloc) failed to allocate 483536 bytes for Chunk::new
# Possible reasons:
#   The system is out of physical RAM or swap space
#   In 32 bit mode, the process size limit was hit
# Possible solutions:
#   Reduce memory load on the system
#   Increase physical memory or swap space
#   Check if swap backing store is full
#   Use 64 bit Java on a 64 bit OS
#   Decrease Java heap size (-Xmx/-Xms)
#   Decrease number of Java threads
#   Decrease Java thread stack sizes (-Xss)
#   Set larger code cache with -XX:ReservedCodeCacheSize=
# This output file may be truncated or incomplete.
#
#  Out of Memory Error (allocation.cpp:390), pid=5512, tid=0x00000000000029d0
#
# JRE version: OpenJDK Runtime Environment (8.0_76-b01) (build 1.8.0_76-release-b01)
# Java VM: OpenJDK 64-Bit Server VM (25.76-b01 mixed mode windows-amd64 compressed oops)
# Failed to write core dump. Minidumps are not enabled by default on client versions of Windows
#

---------------  T H R E A D  ---------------

Current thread (0x00000000153e9800):  JavaThread "C2 CompilerThread0" daemon [_thread_in_native, id=10704, stack(0x0000000016a30000,0x0000000016b30000)]

Stack: [0x0000000016a30000,0x0000000016b30000]
[error occurred during error reporting (printing stack bounds), id 0xc0000005]

Native frames: (J=compiled Java code, j=interpreted, Vv=VM code, C=native code)


Current CompileTask:
C2:  19193 2358       4       com.android.dx.dex.code.LocalList::make (102 bytes)


---------------  P R O C E S S  ---------------

Java Threads: ( => current thread )
  0x0000000016c33000 JavaThread "Service Thread" daemon [_thread_blocked, id=6060, stack(0x0000000017130000,0x0000000017230000)]
  0x0000000016c30800 JavaThread "C1 CompilerThread2" daemon [_thread_blocked, id=8836, stack(0x0000000017030000,0x0000000017130000)]
  0x0000000015436800 JavaThread "C2 CompilerThread1" daemon [_thread_in_native, id=8956, stack(0x0000000016b30000,0x0000000016c30000)]
=>0x00000000153e9800 JavaThread "C2 CompilerThread0" daemon [_thread_in_native, id=10704, stack(0x0000000016a30000,0x0000000016b30000)]
  0x00000000153e7000 JavaThread "Attach Listener" daemon [_thread_blocked, id=5280, stack(0x0000000016930000,0x0000000016a30000)]
  0x00000000153e5000 JavaThread "Signal Dispatcher" daemon [_thread_blocked, id=11012, stack(0x0000000016830000,0x0000000016930000)]
  0x00000000153c8800 JavaThread "Finalizer" daemon [_thread_blocked, id=8872, stack(0x0000000016650000,0x0000000016750000)]
  0x00000000153a7000 JavaThread "Reference Handler" daemon [_thread_blocked, id=1288, stack(0x0000000016550000,0x0000000016650000)]
  0x0000000002aed800 JavaThread "main" [_thread_in_Java, id=14280, stack(0x0000000002af0000,0x0000000002bf0000)]

Other Threads:
  0x00000000153a4800 VMThread [stack: 0x0000000016450000,0x0000000016550000] [id=11052]
  0x0000000016c35000 WatcherThread [stack: 0x0000000017230000,0x0000000017330000] [id=9900]

VM state:not at safepoint (normal execution)

VM Mutex/Monitor currently owned by a thread: None

Heap:
 PSYoungGen      total 73216K, used 57434K [0x00000000eab00000, 0x00000000f4500000, 0x0000000100000000)
  eden space 64000K, 75% used [0x00000000eab00000,0x00000000eda1d318,0x00000000ee980000)
  from space 9216K, 99% used [0x00000000ee980000,0x00000000ef2795a0,0x00000000ef280000)
  to   space 14848K, 0% used [0x00000000f3680000,0x00000000f3680000,0x00000000f4500000)
 ParOldGen       total 44032K, used 25213K [0x00000000c0000000, 0x00000000c2b00000, 0x00000000eab00000)
  object space 44032K, 57% used [0x00000000c0000000,0x00000000c189f4f0,0x00000000c2b00000)
 Metaspace       used 6248K, capacity 7408K, committed 7552K, reserved 1056768K
  class space    used 556K, capacity 616K, committed 640K, reserved 1048576K

Card table byte_map: [0x00000000120d0000,0x00000000122e0000] byte_map_base: 0x0000000011ad0000

Marking Bits: (ParMarkBitMap*) 0x0000000054749d00
 Begin Bits: [0x0000000012840000, 0x0000000013840000)
 End Bits:   [0x0000000013840000, 0x0000000014840000)

Polling page: 0x0000000001250000

CodeCache: size=245760Kb used=11854Kb max_used=11865Kb free=233905Kb
 bounds [0x0000000002d10000, 0x00000000038c0000, 0x0000000011d10000]
 total_blobs=2649 nmethods=2384 adapters=178
 compilation: enabled

Compilation events (10 events):
Event: 19.173 Thread 0x0000000015436800 nmethod 2388 0x00000000038a7910 code [0x00000000038a7a80, 0x00000000038a7db8]
Event: 19.174 Thread 0x0000000015436800 2389       4       com.android.dx.dex.code.form.Form11x::isCompatible (40 bytes)
Event: 19.176 Thread 0x0000000015436800 nmethod 2389 0x00000000038ad690 code [0x00000000038ad7e0, 0x00000000038ad918]
Event: 19.177 Thread 0x0000000016c30800 2390       3       com.android.dx.dex.code.form.Form23x::isCompatible (68 bytes)
Event: 19.178 Thread 0x0000000016c30800 nmethod 2390 0x00000000038af210 code [0x00000000038af420, 0x00000000038b04c8]
Event: 19.179 Thread 0x0000000016c30800 2391       1       com.android.dx.dex.code.form.Form21s::codeSize (2 bytes)
Event: 19.179 Thread 0x0000000016c30800 nmethod 2391 0x00000000038a4b90 code [0x00000000038a4ce0, 0x00000000038a4df0]
Event: 19.179 Thread 0x0000000015436800 2392   !   4       com.android.dx.dex.code.LocalList$Entry::<init> (91 bytes)
Event: 19.181 Thread 0x0000000015436800 nmethod 2392 0x00000000038aed50 code [0x00000000038aeea0, 0x00000000038af028]
Event: 19.181 Thread 0x0000000015436800 2393       4       com.android.dx.dex.code.LocalList$MakeState::add (75 bytes)

GC Heap History (10 events):
Event: 7.874 GC heap before
{Heap before GC invocations=3 (full 0):
 PSYoungGen      total 18944K, used 18938K [0x00000000eab00000, 0x00000000ed000000, 0x0000000100000000)
  eden space 16384K, 100% used [0x00000000eab00000,0x00000000ebb00000,0x00000000ebb00000)
  from space 2560K, 99% used [0x00000000ebd80000,0x00000000ebffeaa8,0x00000000ec000000)
  to   space 2560K, 0% used [0x00000000ebb00000,0x00000000ebb00000,0x00000000ebd80000)
 ParOldGen       total 44032K, used 4294K [0x00000000c0000000, 0x00000000c2b00000, 0x00000000eab00000)
  object space 44032K, 9% used [0x00000000c0000000,0x00000000c0431bb8,0x00000000c2b00000)
 Metaspace       used 5751K, capacity 7024K, committed 7296K, reserved 1056768K
  class space    used 537K, capacity 616K, committed 640K, reserved 1048576K
Event: 7.932 GC heap after
Heap after GC invocations=3 (full 0):
 PSYoungGen      total 18944K, used 2544K [0x00000000eab00000, 0x00000000ed000000, 0x0000000100000000)
  eden space 16384K, 0% used [0x00000000eab00000,0x00000000eab00000,0x00000000ebb00000)
  from space 2560K, 99% used [0x00000000ebb00000,0x00000000ebd7c3d0,0x00000000ebd80000)
  to   space 2560K, 0% used [0x00000000ecd80000,0x00000000ecd80000,0x00000000ed000000)
 ParOldGen       total 44032K, used 6770K [0x00000000c0000000, 0x00000000c2b00000, 0x00000000eab00000)
  object space 44032K, 15% used [0x00000000c0000000,0x00000000c069cb00,0x00000000c2b00000)
 Metaspace       used 5751K, capacity 7024K, committed 7296K, reserved 1056768K
  class space    used 537K, capacity 616K, committed 640K, reserved 1048576K
}
Event: 8.686 GC heap before
{Heap before GC invocations=4 (full 0):
 PSYoungGen      total 18944K, used 18928K [0x00000000eab00000, 0x00000000ed000000, 0x0000000100000000)
  eden space 16384K, 100% used [0x00000000eab00000,0x00000000ebb00000,0x00000000ebb00000)
  from space 2560K, 99% used [0x00000000ebb00000,0x00000000ebd7c3d0,0x00000000ebd80000)
  to   space 2560K, 0% used [0x00000000ecd80000,0x00000000ecd80000,0x00000000ed000000)
 ParOldGen       total 44032K, used 6770K [0x00000000c0000000, 0x00000000c2b00000, 0x00000000eab00000)
  object space 44032K, 15% used [0x00000000c0000000,0x00000000c069cb00,0x00000000c2b00000)
 Metaspace       used 5813K, capacity 7088K, committed 7296K, reserved 1056768K
  class space    used 537K, capacity 616K, committed 640K, reserved 1048576K
Event: 8.968 GC heap after
Heap after GC invocations=4 (full 0):
 PSYoungGen      total 35328K, used 2560K [0x00000000eab00000, 0x00000000ed000000, 0x0000000100000000)
  eden space 32768K, 0% used [0x00000000eab00000,0x00000000eab00000,0x00000000ecb00000)
  from space 2560K, 100% used [0x00000000ecd80000,0x00000000ed000000,0x00000000ed000000)
  to   space 2560K, 0% used [0x00000000ecb00000,0x00000000ecb00000,0x00000000ecd80000)
 ParOldGen       total 44032K, used 9673K [0x00000000c0000000, 0x00000000c2b00000, 0x00000000eab00000)
  object space 44032K, 21% used [0x00000000c0000000,0x00000000c09725a0,0x00000000c2b00000)
 Metaspace       used 5813K, capacity 7088K, committed 7296K, reserved 1056768K
  class space    used 537K, capacity 616K, committed 640K, reserved 1048576K
}
Event: 11.198 GC heap before
{Heap before GC invocations=5 (full 0):
 PSYoungGen      total 35328K, used 35328K [0x00000000eab00000, 0x00000000ed000000, 0x0000000100000000)
  eden space 32768K, 100% used [0x00000000eab00000,0x00000000ecb00000,0x00000000ecb00000)
  from space 2560K, 100% used [0x00000000ecd80000,0x00000000ed000000,0x00000000ed000000)
  to   space 2560K, 0% used [0x00000000ecb00000,0x00000000ecb00000,0x00000000ecd80000)
 ParOldGen       total 44032K, used 9673K [0x00000000c0000000, 0x00000000c2b00000, 0x00000000eab00000)
  object space 44032K, 21% used [0x00000000c0000000,0x00000000c09725a0,0x00000000c2b00000)
 Metaspace       used 5839K, capacity 7088K, committed 7296K, reserved 1056768K
  class space    used 537K, capacity 616K, committed 640K, reserved 1048576K
Event: 11.277 GC heap after
Heap after GC invocations=5 (full 0):
 PSYoungGen      total 35328K, used 2533K [0x00000000eab00000, 0x00000000efa00000, 0x0000000100000000)
  eden space 32768K, 0% used [0x00000000eab00000,0x00000000eab00000,0x00000000ecb00000)
  from space 2560K, 98% used [0x00000000ecb00000,0x00000000ecd79580,0x00000000ecd80000)
  to   space 7680K, 0% used [0x00000000ef280000,0x00000000ef280000,0x00000000efa00000)
 ParOldGen       total 44032K, used 15097K [0x00000000c0000000, 0x00000000c2b00000, 0x00000000eab00000)
  object space 44032K, 34% used [0x00000000c0000000,0x00000000c0ebe5b0,0x00000000c2b00000)
 Metaspace       used 5839K, capacity 7088K, committed 7296K, reserved 1056768K
  class space    used 537K, capacity 616K, committed 640K, reserved 1048576K
}
Event: 13.277 GC heap before
{Heap before GC invocations=6 (full 0):
 PSYoungGen      total 35328K, used 35301K [0x00000000eab00000, 0x00000000efa00000, 0x0000000100000000)
  eden space 32768K, 100% used [0x00000000eab00000,0x00000000ecb00000,0x00000000ecb00000)
  from space 2560K, 98% used [0x00000000ecb00000,0x00000000ecd79580,0x00000000ecd80000)
  to   space 7680K, 0% used [0x00000000ef280000,0x00000000ef280000,0x00000000efa00000)
 ParOldGen       total 44032K, used 15097K [0x00000000c0000000, 0x00000000c2b00000, 0x00000000eab00000)
  object space 44032K, 34% used [0x00000000c0000000,0x00000000c0ebe5b0,0x00000000c2b00000)
 Metaspace       used 5922K, capacity 7152K, committed 7296K, reserved 1056768K
  class space    used 538K, capacity 616K, committed 640K, reserved 1048576K
Event: 13.376 GC heap after
Heap after GC invocations=6 (full 0):
 PSYoungGen      total 71680K, used 7653K [0x00000000eab00000, 0x00000000efd00000, 0x0000000100000000)
  eden space 64000K, 0% used [0x00000000eab00000,0x00000000eab00000,0x00000000ee980000)
  from space 7680K, 99% used [0x00000000ef280000,0x00000000ef9f9580,0x00000000efa00000)
  to   space 9216K, 0% used [0x00000000ee980000,0x00000000ee980000,0x00000000ef280000)
 ParOldGen       total 44032K, used 15696K [0x00000000c0000000, 0x00000000c2b00000, 0x00000000eab00000)
  object space 44032K, 35% used [0x00000000c0000000,0x00000000c0f54118,0x00000000c2b00000)
 Metaspace       used 5922K, capacity 7152K, committed 7296K, reserved 1056768K
  class space    used 538K, capacity 616K, committed 640K, reserved 1048576K
}
Event: 15.515 GC heap before
{Heap before GC invocations=7 (full 0):
 PSYoungGen      total 71680K, used 71653K [0x00000000eab00000, 0x00000000efd00000, 0x0000000100000000)
  eden space 64000K, 100% used [0x00000000eab00000,0x00000000ee980000,0x00000000ee980000)
  from space 7680K, 99% used [0x00000000ef280000,0x00000000ef9f9580,0x00000000efa00000)
  to   space 9216K, 0% used [0x00000000ee980000,0x00000000ee980000,0x00000000ef280000)
 ParOldGen       total 44032K, used 15696K [0x00000000c0000000, 0x00000000c2b00000, 0x00000000eab00000)
  object space 44032K, 35% used [0x00000000c0000000,0x00000000c0f54118,0x00000000c2b00000)
 Metaspace       used 5931K, capacity 7152K, committed 7296K, reserved 1056768K
  class space    used 538K, capacity 616K, committed 640K, reserved 1048576K
Event: 15.940 GC heap after
Heap after GC invocations=7 (full 0):
 PSYoungGen      total 73216K, used 9189K [0x00000000eab00000, 0x00000000f4500000, 0x0000000100000000)
  eden space 64000K, 0% used [0x00000000eab00000,0x00000000eab00000,0x00000000ee980000)
  from space 9216K, 99% used [0x00000000ee980000,0x00000000ef2795a0,0x00000000ef280000)
  to   space 14848K, 0% used [0x00000000f3680000,0x00000000f3680000,0x00000000f4500000)
 ParOldGen       total 44032K, used 25213K [0x00000000c0000000, 0x00000000c2b00000, 0x00000000eab00000)
  object space 44032K, 57% used [0x00000000c0000000,0x00000000c189f4f0,0x00000000c2b00000)
 Metaspace       used 5931K, capacity 7152K, committed 7296K, reserved 1056768K
  class space    used 538K, capacity 616K, committed 640K, reserved 1048576K
}

Deoptimization events (10 events):
Event: 17.029 Thread 0x0000000002aed800 Uncommon trap: reason=bimorphic action=maybe_recompile pc=0x00000000032d48c0 method=java.util.HashMap.putVal(ILjava/lang/Object;Ljava/lang/Object;ZZ)Ljava/lang/Object; @ 203
Event: 17.038 Thread 0x0000000002aed800 Uncommon trap: reason=bimorphic action=maybe_recompile pc=0x00000000032d48c0 method=java.util.HashMap.putVal(ILjava/lang/Object;Ljava/lang/Object;ZZ)Ljava/lang/Object; @ 203
Event: 17.040 Thread 0x0000000002aed800 Uncommon trap: reason=bimorphic action=maybe_recompile pc=0x00000000032d48c0 method=java.util.HashMap.putVal(ILjava/lang/Object;Ljava/lang/Object;ZZ)Ljava/lang/Object; @ 203
Event: 17.338 Thread 0x0000000002aed800 Uncommon trap: reason=bimorphic action=maybe_recompile pc=0x00000000036c8bb4 method=java.util.HashMap.putVal(ILjava/lang/Object;Ljava/lang/Object;ZZ)Ljava/lang/Object; @ 203
Event: 17.401 Thread 0x0000000002aed800 Uncommon trap: reason=unstable_if action=reinterpret pc=0x00000000037ae5f8 method=com.android.dx.dex.code.OutputFinisher.addConstants(Ljava/util/HashSet;Lcom/android/dx/rop/code/RegisterSpec;)V @ 32
Event: 17.401 Thread 0x0000000002aed800 Uncommon trap: reason=unstable_if action=reinterpret pc=0x00000000037b0f30 method=com.android.dx.dex.code.OutputFinisher.addConstants(Ljava/util/HashSet;Lcom/android/dx/rop/code/RegisterSpec;)V @ 32
Event: 18.267 Thread 0x0000000002aed800 Uncommon trap: reason=unstable_if action=reinterpret pc=0x000000000347216c method=java.util.TreeMap.put(Ljava/lang/Object;Ljava/lang/Object;)Ljava/lang/Object; @ 163
Event: 18.500 Thread 0x0000000002aed800 Uncommon trap: reason=unstable_if action=reinterpret pc=0x000000000381fb1c method=com.android.dx.rop.code.RegisterSpec.matchesVariable(Lcom/android/dx/rop/code/RegisterSpec;)Z @ 59
Event: 18.807 Thread 0x0000000002aed800 Uncommon trap: reason=unstable_if action=reinterpret pc=0x000000000386fa5c method=com.android.dx.dex.code.OutputFinisher.align64bits([Lcom/android/dx/dex/code/Dop;)V @ 172
Event: 18.815 Thread 0x0000000002aed800 Uncommon trap: reason=unstable_if action=reinterpret pc=0x0000000003843600 method=com.android.dx.dex.code.LocalList$MakeState.snapshot(ILcom/android/dx/rop/code/RegisterSpecSet;)V @ 86

Internal exceptions (3 events):
Event: 1.810 Thread 0x0000000002aed800 Exception <a 'java/lang/NoSuchMethodError': Method sun.misc.Unsafe.defineClass(Ljava/lang/String;[BII)Ljava/lang/Class; name or signature does not match> (0x00000000eab07cc0) thrown at [C:\src\android\AOSP-openjdk\external\jetbrains\jdk\hotspot\src\share\v¦Î“ïc÷ü?
Event: 1.810 Thread 0x0000000002aed800 Exception <a 'java/lang/NoSuchMethodError': Method sun.misc.Unsafe.prefetchRead(Ljava/lang/Object;J)V name or signature does not match> (0x00000000eab07fa8) thrown at [C:\src\android\AOSP-openjdk\external\jetbrains\jdk\hotspot\src\share\vm\prims\jni.cpp, l?~qÓU@
Event: 6.012 Thread 0x0000000002aed800 Implicit null exception at 0x0000000003074df4 to 0x0000000003077279

Events (10 events):
Event: 19.090 Thread 0x0000000002aed800 DEOPT PACKING pc=0x0000000003885d23 sp=0x0000000002beefa0
Event: 19.090 Thread 0x0000000002aed800 DEOPT UNPACKING pc=0x0000000002d575bf sp=0x0000000002beecf0 mode 0
Event: 19.094 Thread 0x0000000002aed800 DEOPT PACKING pc=0x000000000382cb49 sp=0x0000000002beeec0
Event: 19.094 Thread 0x0000000002aed800 DEOPT UNPACKING pc=0x0000000002d575bf sp=0x0000000002beec10 mode 0
Event: 19.096 Thread 0x0000000002aed800 DEOPT PACKING pc=0x0000000003885d23 sp=0x0000000002beefa0
Event: 19.096 Thread 0x0000000002aed800 DEOPT UNPACKING pc=0x0000000002d575bf sp=0x0000000002beecf0 mode 0
Event: 19.159 Thread 0x0000000002aed800 DEOPT PACKING pc=0x000000000382cb49 sp=0x0000000002bef040
Event: 19.159 Thread 0x0000000002aed800 DEOPT UNPACKING pc=0x0000000002d575bf sp=0x0000000002beed90 mode 0
Event: 19.166 Thread 0x0000000002aed800 DEOPT PACKING pc=0x000000000382cb49 sp=0x0000000002bef040
Event: 19.166 Thread 0x0000000002aed800 DEOPT UNPACKING pc=0x0000000002d575bf sp=0x0000000002beed90 mode 0


Dynamic libraries:
0x00007ff7f2bd0000 - 0x00007ff7f2c05000 	C:\android-studio\jre\bin\java.exe
0x00007fff3dee0000 - 0x00007fff3e08a000 	C:\Windows\SYSTEM32\ntdll.dll
0x00007fff3cfd0000 - 0x00007fff3d10a000 	C:\Windows\system32\KERNEL32.DLL
0x00007fff3b500000 - 0x00007fff3b610000 	C:\Windows\system32\KERNELBASE.dll
0x00007fff3cf20000 - 0x00007fff3cfc5000 	C:\Windows\system32\ADVAPI32.dll
0x00007fff3b760000 - 0x00007fff3b8d1000 	C:\Windows\system32\USER32.dll
0x00007fff38960000 - 0x00007fff38bba000 	C:\Windows\WinSxS\amd64_microsoft.windows.common-controls_6595b64144ccf1df_6.0.9600.17031_none_6242a4b3ecbb55a1\COMCTL32.dll
0x00007fff3d630000 - 0x00007fff3d6d7000 	C:\Windows\system32\msvcrt.dll
0x00007fff3ddd0000 - 0x00007fff3de27000 	C:\Windows\SYSTEM32\sechost.dll
0x00007fff3d840000 - 0x00007fff3d976000 	C:\Windows\system32\RPCRT4.dll
0x00007fff3d6f0000 - 0x00007fff3d835000 	C:\Windows\system32\GDI32.dll
0x00007fff3d4f0000 - 0x00007fff3d524000 	C:\Windows\system32\IMM32.DLL
0x00007fff3d110000 - 0x00007fff3d249000 	C:\Windows\system32\MSCTF.dll
0x0000000053eb0000 - 0x0000000053f82000 	C:\android-studio\jre\jre\bin\msvcr100.dll
0x0000000053f90000 - 0x00000000547c4000 	C:\android-studio\jre\jre\bin\server\jvm.dll
0x00007fff370d0000 - 0x00007fff370d9000 	C:\Windows\SYSTEM32\WSOCK32.dll
0x00007fff36e40000 - 0x00007fff36e5f000 	C:\Windows\SYSTEM32\WINMM.dll
0x00007fff33c90000 - 0x00007fff33c9a000 	C:\Windows\SYSTEM32\VERSION.dll
0x00007fff3ddc0000 - 0x00007fff3ddc7000 	C:\Windows\system32\PSAPI.DLL
0x00007fff3db80000 - 0x00007fff3dbd8000 	C:\Windows\system32\WS2_32.dll
0x00007fff36e10000 - 0x00007fff36e3a000 	C:\Windows\SYSTEM32\WINMMBASE.dll
0x00007fff3b8e0000 - 0x00007fff3b8e9000 	C:\Windows\system32\NSI.dll
0x00007fff3b710000 - 0x00007fff3b75a000 	C:\Windows\SYSTEM32\cfgmgr32.dll
0x00007fff3a0e0000 - 0x00007fff3a106000 	C:\Windows\SYSTEM32\DEVOBJ.dll
0x00007fff36500000 - 0x00007fff3650f000 	C:\android-studio\jre\jre\bin\verify.dll
0x00007fff34ca0000 - 0x00007fff34cc9000 	C:\android-studio\jre\jre\bin\java.dll
0x00007fff34c10000 - 0x00007fff34c26000 	C:\android-studio\jre\jre\bin\zip.dll
0x00007fff3b960000 - 0x00007fff3cd77000 	C:\Windows\system32\SHELL32.dll
0x00007fff3d980000 - 0x00007fff3db56000 	C:\Windows\SYSTEM32\combase.dll
0x00007fff3b900000 - 0x00007fff3b951000 	C:\Windows\system32\SHLWAPI.dll
0x00007fff396a0000 - 0x00007fff3973f000 	C:\Windows\SYSTEM32\SHCORE.dll
0x00007fff3b250000 - 0x00007fff3b264000 	C:\Windows\SYSTEM32\profapi.dll

VM Arguments:
jvm_args: -Djava.awt.headless=true -Xmx1024M -Dfile.encoding=windows-1252 -Duser.country=US -Duser.language=en -Duser.variant 
java_command: com.android.dx.command.Main --dex --force-jumbo --output C:\Users\Sid\AndroidStudioProjects\XMPPDemo\app\build\intermediates\pre-dexed\debug\smack-extensions-4.1.0_35ccf2addc273eb9c3e7c602255d743b028e15e8.jar C:\Users\Sid\.gradle\caches\modules-2\files-2.1\org.igniterealtime.smack\smack-extensions\4.1.0\b0968f9b209feb2f51d1a1e72238989271750625\smack-extensions-4.1.0.jar
java_class_path (initial): C:\Users\Sid\sdk1\build-tools\22.0.1\lib\dx.jar
Launcher Type: SUN_STANDARD

Environment Variables:
JAVA_HOME=C:\Program Files\Java\jdk1.7.0_76
PATH=C:\Windows\system32;C:\Windows;C:\Windows\System32\Wbem;C:\Windows\System32\WindowsPowerShell\v1.0\;C:\Program Files (x86)\ATI Technologies\ATI.ACE\Core-Static;C:\Program Files\adb;C:\Python27;C:\Python27\Scripts;C:\Program Files (x86)\Heroku\bin;C:\Program Files (x86)\git\cmd;C:\Program Files (x86)\GnuWin32\bin;C:\OpenSSL\bin;C:\Program Files\Microsoft SQL Server\110\Tools\Binn\;%ANDROID_HOME%\tools;%ANDROID_HOME%\platform-tools,%JAVA_HOME%\bin;C:\Users\Sid\sdk1\tools;%ANT_HOME%\bin;C:\Users\Sid\sencha\Sencha\Cmd\5.1.2.52;C:\Program Files (x86)\Git\bin;C:\Program Files\Java\jdk1.7.0_76\bin;C:\Program Files\nodejs\;%USERPROFILE%\.dnx\bin;C:\Program Files\Microsoft DNX\Dnvm\;C:\Program Files (x86)\Windows Kits\8.1\Windows Performance Toolkit\;C:\Program Files\Microsoft\Web Platform Installer\;C:\Program Files (x86)\Skype\Phone\;C:\ffmpeg\bin;C:\rtmp;C:\Program Files\cURL\bin;C:\Windows\system32;C:\Windows;C:\Windows\System32\Wbem;C:\Windows\System32\WindowsPowerShell\v1.0\;C:\Program Files (x86)\ATI Technologies\ATI.ACE\Core-Static;C:\Program Files\adb;C:\Python27;C:\Python27\Scripts;C:\Program Files (x86)\Heroku\bin;C:\Program Files (x86)\git\cmd;C:\Program Files (x86)\GnuWin32\bin;C:\OpenSSL\bin;C:\Program Files\Microsoft SQL Server\110\Tools\Binn\;C:\Users\Sid\sdk1\tools;C:\Users\Sid\sdk1\platform-tools,C:\Program Files\Java\jdk1.7.0_76\bin;C:\ant\bin;C:\Users\Sid\sencha\Sencha\Cmd\5.1.2.52;C:\Program Files (x86)\Git\bin;C:\Program Files\Java\jdk1.7.0_76\bin;C:\Program Files\nodejs\;C:\Users\Sid\.dnx\bin;C:\Program Files\Microsoft DNX\Dnvm\;C:\Program Files (x86)\Windows Kits\8.1\Windows Performance Toolkit\;C:\Program Files\MATLAB\R2015b\bin;C:\Program Files\Microsoft\Web Platform Installer\;C:\Program Files (x86)\Skype\Phone\;C:\ffmpeg\bin;C:\rtmp;C:\Ruby21-x64\bin;C:\Users\Sid\AppData\Roaming\npm;C:\Users\Sid\AppData\Local\.meteor\
USERNAME=Sid
OS=Windows_NT
PROCESSOR_IDENTIFIER=Intel64 Family 6 Model 58 Stepping 9, GenuineIntel



---------------  S Y S T E M  ---------------

OS: Windows 8.1 , 64 bit Build 9600 (6.3.9600.17031)

CPU:total 4 (2 cores per cpu, 2 threads per core) family 6 model 58 stepping 9, cmov, cx8, fxsr, mmx, sse, sse2, sse3, ssse3, sse4.1, sse4.2, popcnt, avx, aes, clmul, erms, ht, tsc, tscinvbit, tscinv

Memory: 4k page, physical 4078900k(496100k free), swap 7224628k(5192k free)

vm_info: OpenJDK 64-Bit Server VM (25.76-b01) for windows-amd64 JRE (1.8.0_76-release-b01), built on May 12 2016 23:29:00 by "ralucas" with MS VC++ 10.0 (VS2010)

time: Fri Jun 10 10:25:24 2016
elapsed time: 19 seconds (0d 0h 0m 19s)

