#
# There is insufficient memory for the Java Runtime Environment to continue.
# Native memory allocation (malloc) failed to allocate 583376 bytes for Chunk::new
# Possible reasons:
#   The system is out of physical RAM or swap space
#   In 32 bit mode, the process size limit was hit
# Possible solutions:
#   Reduce memory load on the system
#   Increase physical memory or swap space
#   Check if swap backing store is full
#   Use 64 bit Java on a 64 bit OS
#   Decrease Java heap size (-Xmx/-Xms)
#   Decrease number of Java threads
#   Decrease Java thread stack sizes (-Xss)
#   Set larger code cache with -XX:ReservedCodeCacheSize=
# This output file may be truncated or incomplete.
#
#  Out of Memory Error (allocation.cpp:390), pid=748, tid=0x0000000000003064
#
# JRE version: OpenJDK Runtime Environment (8.0_76-b01) (build 1.8.0_76-release-b01)
# Java VM: OpenJDK 64-Bit Server VM (25.76-b01 mixed mode windows-amd64 compressed oops)
# Failed to write core dump. Minidumps are not enabled by default on client versions of Windows
#

---------------  T H R E A D  ---------------

Current thread (0x0000000014819800):  JavaThread "C2 CompilerThread0" daemon [_thread_in_native, id=12388, stack(0x0000000015e70000,0x0000000015f70000)]

Stack: [0x0000000015e70000,0x0000000015f70000]
[error occurred during error reporting (printing stack bounds), id 0xc0000005]

Native frames: (J=compiled Java code, j=interpreted, Vv=VM code, C=native code)


Current CompileTask:
C2:   6606 1366       4       com.android.dx.ssa.SCCP::simulatePhi (169 bytes)


---------------  P R O C E S S  ---------------

Java Threads: ( => current thread )
  0x000000001607b800 JavaThread "Service Thread" daemon [_thread_blocked, id=12792, stack(0x0000000016570000,0x0000000016670000)]
  0x0000000016070800 JavaThread "C1 CompilerThread2" daemon [_thread_blocked, id=14404, stack(0x0000000016470000,0x0000000016570000)]
  0x0000000014866800 JavaThread "C2 CompilerThread1" daemon [_thread_in_native, id=8020, stack(0x0000000015f70000,0x0000000016070000)]
=>0x0000000014819800 JavaThread "C2 CompilerThread0" daemon [_thread_in_native, id=12388, stack(0x0000000015e70000,0x0000000015f70000)]
  0x0000000014817000 JavaThread "Attach Listener" daemon [_thread_blocked, id=5904, stack(0x0000000015d70000,0x0000000015e70000)]
  0x0000000014815000 JavaThread "Signal Dispatcher" daemon [_thread_blocked, id=5380, stack(0x0000000015c70000,0x0000000015d70000)]
  0x00000000147f8800 JavaThread "Finalizer" daemon [_thread_blocked, id=6772, stack(0x0000000015a90000,0x0000000015b90000)]
  0x0000000002130000 JavaThread "Reference Handler" daemon [_thread_blocked, id=12848, stack(0x0000000015990000,0x0000000015a90000)]
  0x000000000062d800 JavaThread "main" [_thread_in_vm, id=9812, stack(0x0000000001f40000,0x0000000002040000)]

Other Threads:
  0x00000000147d5800 VMThread [stack: 0x0000000015890000,0x0000000015990000] [id=5668]
  0x000000001607d800 WatcherThread [stack: 0x0000000016670000,0x0000000016770000] [id=12184]

VM state:not at safepoint (normal execution)

VM Mutex/Monitor currently owned by a thread: None

Heap:
 PSYoungGen      total 35328K, used 6672K [0x00000000eab00000, 0x00000000ed000000, 0x0000000100000000)
  eden space 32768K, 12% used [0x00000000eab00000,0x00000000eaf0c0c0,0x00000000ecb00000)
  from space 2560K, 98% used [0x00000000ecd80000,0x00000000ecff8028,0x00000000ed000000)
  to   space 2560K, 0% used [0x00000000ecb00000,0x00000000ecb00000,0x00000000ecd80000)
 ParOldGen       total 44032K, used 4236K [0x00000000c0000000, 0x00000000c2b00000, 0x00000000eab00000)
  object space 44032K, 9% used [0x00000000c0000000,0x00000000c0423038,0x00000000c2b00000)
 Metaspace       used 5715K, capacity 6960K, committed 7040K, reserved 1056768K
  class space    used 535K, capacity 616K, committed 640K, reserved 1048576K

Card table byte_map: [0x0000000011500000,0x0000000011710000] byte_map_base: 0x0000000010f00000

Marking Bits: (ParMarkBitMap*) 0x0000000054749d00
 Begin Bits: [0x0000000011c70000, 0x0000000012c70000)
 End Bits:   [0x0000000012c70000, 0x0000000013c70000)

Polling page: 0x0000000000610000

CodeCache: size=245760Kb used=6317Kb max_used=6317Kb free=239442Kb
 bounds [0x0000000002140000, 0x0000000002770000, 0x0000000011140000]
 total_blobs=1685 nmethods=1421 adapters=178
 compilation: enabled

Compilation events (10 events):
Event: 6.594 Thread 0x0000000016070800 1422       3       com.android.dx.rop.code.RegisterSpec::make (21 bytes)
Event: 6.594 Thread 0x0000000016070800 nmethod 1422 0x000000000276c0d0 code [0x000000000276c240, 0x000000000276c498]
Event: 6.594 Thread 0x0000000016070800 1423       3       com.android.dx.rop.code.Rops::opMarkLocal (69 bytes)
Event: 6.595 Thread 0x0000000016070800 nmethod 1423 0x000000000276c590 code [0x000000000276c7c0, 0x000000000276d398]
Event: 6.600 Thread 0x0000000016070800 1424       3       com.android.dx.cf.iface.StdAttributeList::byteLength (35 bytes)
Event: 6.600 Thread 0x0000000016070800 nmethod 1424 0x000000000276d910 code [0x000000000276dac0, 0x000000000276e138]
Event: 6.600 Thread 0x0000000016070800 1425       3       com.android.dx.cf.iface.StdMethod::<init> (40 bytes)
Event: 6.601 Thread 0x0000000016070800 nmethod 1425 0x000000000276e350 code [0x000000000276e520, 0x000000000276ef88]
Event: 6.601 Thread 0x0000000016070800 1426       1       com.android.dx.cf.attrib.AttSignature::byteLength (3 bytes)
Event: 6.601 Thread 0x0000000016070800 nmethod 1426 0x000000000276f410 code [0x000000000276f560, 0x000000000276f670]

GC Heap History (4 events):
Event: 2.760 GC heap before
{Heap before GC invocations=1 (full 0):
 PSYoungGen      total 18944K, used 16384K [0x00000000eab00000, 0x00000000ec000000, 0x0000000100000000)
  eden space 16384K, 100% used [0x00000000eab00000,0x00000000ebb00000,0x00000000ebb00000)
  from space 2560K, 0% used [0x00000000ebd80000,0x00000000ebd80000,0x00000000ec000000)
  to   space 2560K, 0% used [0x00000000ebb00000,0x00000000ebb00000,0x00000000ebd80000)
 ParOldGen       total 44032K, used 0K [0x00000000c0000000, 0x00000000c2b00000, 0x00000000eab00000)
  object space 44032K, 0% used [0x00000000c0000000,0x00000000c0000000,0x00000000c2b00000)
 Metaspace       used 5546K, capacity 6832K, committed 7040K, reserved 1056768K
  class space    used 534K, capacity 616K, committed 640K, reserved 1048576K
Event: 2.947 GC heap after
Heap after GC invocations=1 (full 0):
 PSYoungGen      total 18944K, used 2551K [0x00000000eab00000, 0x00000000ed000000, 0x0000000100000000)
  eden space 16384K, 0% used [0x00000000eab00000,0x00000000eab00000,0x00000000ebb00000)
  from space 2560K, 99% used [0x00000000ebb00000,0x00000000ebd7dc78,0x00000000ebd80000)
  to   space 2560K, 0% used [0x00000000ecd80000,0x00000000ecd80000,0x00000000ed000000)
 ParOldGen       total 44032K, used 1737K [0x00000000c0000000, 0x00000000c2b00000, 0x00000000eab00000)
  object space 44032K, 3% used [0x00000000c0000000,0x00000000c01b2510,0x00000000c2b00000)
 Metaspace       used 5546K, capacity 6832K, committed 7040K, reserved 1056768K
  class space    used 534K, capacity 616K, committed 640K, reserved 1048576K
}
Event: 6.258 GC heap before
{Heap before GC invocations=2 (full 0):
 PSYoungGen      total 18944K, used 18935K [0x00000000eab00000, 0x00000000ed000000, 0x0000000100000000)
  eden space 16384K, 100% used [0x00000000eab00000,0x00000000ebb00000,0x00000000ebb00000)
  from space 2560K, 99% used [0x00000000ebb00000,0x00000000ebd7dc78,0x00000000ebd80000)
  to   space 2560K, 0% used [0x00000000ecd80000,0x00000000ecd80000,0x00000000ed000000)
 ParOldGen       total 44032K, used 1737K [0x00000000c0000000, 0x00000000c2b00000, 0x00000000eab00000)
  object space 44032K, 3% used [0x00000000c0000000,0x00000000c01b2510,0x00000000c2b00000)
 Metaspace       used 5698K, capacity 6960K, committed 7040K, reserved 1056768K
  class space    used 534K, capacity 616K, committed 640K, reserved 1048576K
Event: 6.492 GC heap after
Heap after GC invocations=2 (full 0):
 PSYoungGen      total 35328K, used 2528K [0x00000000eab00000, 0x00000000ed000000, 0x0000000100000000)
  eden space 32768K, 0% used [0x00000000eab00000,0x00000000eab00000,0x00000000ecb00000)
  from space 2560K, 98% used [0x00000000ecd80000,0x00000000ecff8028,0x00000000ed000000)
  to   space 2560K, 0% used [0x00000000ecb00000,0x00000000ecb00000,0x00000000ecd80000)
 ParOldGen       total 44032K, used 4236K [0x00000000c0000000, 0x00000000c2b00000, 0x00000000eab00000)
  object space 44032K, 9% used [0x00000000c0000000,0x00000000c0423038,0x00000000c2b00000)
 Metaspace       used 5698K, capacity 6960K, committed 7040K, reserved 1056768K
  class space    used 534K, capacity 616K, committed 640K, reserved 1048576K
}

Deoptimization events (10 events):
Event: 4.742 Thread 0x000000000062d800 Uncommon trap: reason=bimorphic action=maybe_recompile pc=0x000000000266b498 method=com.android.dx.cf.code.BytecodeArray.parseInstruction(ILcom/android/dx/cf/code/BytecodeArray$Visitor;)I @ 907
Event: 4.958 Thread 0x000000000062d800 Uncommon trap: reason=bimorphic action=maybe_recompile pc=0x00000000026a311c method=com.android.dx.cf.code.BytecodeArray.parseInstruction(ILcom/android/dx/cf/code/BytecodeArray$Visitor;)I @ 2135
Event: 5.945 Thread 0x000000000062d800 Uncommon trap: reason=unstable_if action=reinterpret pc=0x00000000025bdffc method=com.android.dx.util.IntList.binarysearch(I)I @ 105
Event: 6.165 Thread 0x000000000062d800 Uncommon trap: reason=unstable_if action=reinterpret pc=0x00000000026d278c method=com.android.dx.ssa.MoveParamCombiner$1.visitNonMoveInsn(Lcom/android/dx/ssa/NormalSsaInsn;)V @ 27
Event: 6.503 Thread 0x000000000062d800 Uncommon trap: reason=unstable_if action=reinterpret pc=0x0000000002709040 method=com.android.dx.rop.code.RegisterSpec.equals(ILcom/android/dx/rop/type/TypeBearer;Lcom/android/dx/rop/code/LocalItem;)Z @ 42
Event: 6.513 Thread 0x000000000062d800 Uncommon trap: reason=unstable_if action=reinterpret pc=0x00000000024fe110 method=com.android.dx.rop.code.RegisterSpec.equals(ILcom/android/dx/rop/type/TypeBearer;Lcom/android/dx/rop/code/LocalItem;)Z @ 42
Event: 6.529 Thread 0x000000000062d800 Uncommon trap: reason=uninitialized action=reinterpret pc=0x00000000026a13f4 method=com.android.dx.cf.code.BytecodeArray.parseInstruction(ILcom/android/dx/cf/code/BytecodeArray$Visitor;)I @ 999
Event: 6.552 Thread 0x000000000062d800 Uncommon trap: reason=bimorphic action=maybe_recompile pc=0x00000000026f54ec method=com.android.dx.ssa.LiteralOpUpgrader.tryReplacingWithConstant(Lcom/android/dx/ssa/NormalSsaInsn;)Z @ 52
Event: 6.552 Thread 0x000000000062d800 Uncommon trap: reason=unstable_if action=reinterpret pc=0x0000000002499b5c method=com.android.dx.rop.cst.Constant.compareTo(Lcom/android/dx/rop/cst/Constant;)I @ 12
Event: 6.553 Thread 0x000000000062d800 Uncommon trap: reason=unstable_if action=reinterpret pc=0x00000000026e0818 method=com.android.dx.rop.code.DexTranslationAdvice.requiresSourcesInOrder(Lcom/android/dx/rop/code/Rop;Lcom/android/dx/rop/code/RegisterSpecList;)Z @ 21

Internal exceptions (2 events):
Event: 0.035 Thread 0x000000000062d800 Exception <a 'java/lang/NoSuchMethodError': Method sun.misc.Unsafe.defineClass(Ljava/lang/String;[BII)Ljava/lang/Class; name or signature does not match> (0x00000000eab07cc0) thrown at [C:\src\android\AOSP-openjdk\external\jetbrains\jdk\hotspot\src\share\v`Q¡±æ¢?
Event: 0.035 Thread 0x000000000062d800 Exception <a 'java/lang/NoSuchMethodError': Method sun.misc.Unsafe.prefetchRead(Ljava/lang/Object;J)V name or signature does not match> (0x00000000eab07fa8) thrown at [C:\src\android\AOSP-openjdk\external\jetbrains\jdk\hotspot\src\share\vm\prims\jni.cpp, l

Events (10 events):
Event: 6.552 Thread 0x000000000062d800 DEOPT UNPACKING pc=0x000000000218556a sp=0x000000000203e490 mode 2
Event: 6.553 Thread 0x000000000062d800 Uncommon trap: trap_request=0xffffff65 fr.pc=0x00000000026e0818
Event: 6.553 Thread 0x000000000062d800 DEOPT PACKING pc=0x00000000026e0818 sp=0x000000000203e810
Event: 6.553 Thread 0x000000000062d800 DEOPT UNPACKING pc=0x000000000218556a sp=0x000000000203e7a0 mode 2
Event: 6.557 loading class java/util/TreeMap$EntrySet
Event: 6.557 loading class java/util/TreeMap$EntrySet done
Event: 6.557 loading class java/util/TreeMap$EntryIterator
Event: 6.557 loading class java/util/TreeMap$EntryIterator done
Event: 6.558 Executing VM operation: Deoptimize
Event: 6.558 Executing VM operation: Deoptimize done


Dynamic libraries:
0x00007ff7f2bd0000 - 0x00007ff7f2c05000 	C:\android-studio\jre\bin\java.exe
0x00007fff3dee0000 - 0x00007fff3e08a000 	C:\Windows\SYSTEM32\ntdll.dll
0x00007fff3cfd0000 - 0x00007fff3d10a000 	C:\Windows\system32\KERNEL32.DLL
0x00007fff3b500000 - 0x00007fff3b610000 	C:\Windows\system32\KERNELBASE.dll
0x00007fff3cf20000 - 0x00007fff3cfc5000 	C:\Windows\system32\ADVAPI32.dll
0x00007fff3b760000 - 0x00007fff3b8d1000 	C:\Windows\system32\USER32.dll
0x00007fff38960000 - 0x00007fff38bba000 	C:\Windows\WinSxS\amd64_microsoft.windows.common-controls_6595b64144ccf1df_6.0.9600.17031_none_6242a4b3ecbb55a1\COMCTL32.dll
0x00007fff3d630000 - 0x00007fff3d6d7000 	C:\Windows\system32\msvcrt.dll
0x00007fff3ddd0000 - 0x00007fff3de27000 	C:\Windows\SYSTEM32\sechost.dll
0x00007fff3d840000 - 0x00007fff3d976000 	C:\Windows\system32\RPCRT4.dll
0x00007fff3d6f0000 - 0x00007fff3d835000 	C:\Windows\system32\GDI32.dll
0x00007fff3d4f0000 - 0x00007fff3d524000 	C:\Windows\system32\IMM32.DLL
0x00007fff3d110000 - 0x00007fff3d249000 	C:\Windows\system32\MSCTF.dll
0x0000000053eb0000 - 0x0000000053f82000 	C:\android-studio\jre\jre\bin\msvcr100.dll
0x0000000053f90000 - 0x00000000547c4000 	C:\android-studio\jre\jre\bin\server\jvm.dll
0x00007fff370d0000 - 0x00007fff370d9000 	C:\Windows\SYSTEM32\WSOCK32.dll
0x00007fff36e40000 - 0x00007fff36e5f000 	C:\Windows\SYSTEM32\WINMM.dll
0x00007fff33c90000 - 0x00007fff33c9a000 	C:\Windows\SYSTEM32\VERSION.dll
0x00007fff3ddc0000 - 0x00007fff3ddc7000 	C:\Windows\system32\PSAPI.DLL
0x00007fff3db80000 - 0x00007fff3dbd8000 	C:\Windows\system32\WS2_32.dll
0x00007fff36e10000 - 0x00007fff36e3a000 	C:\Windows\SYSTEM32\WINMMBASE.dll
0x00007fff3b8e0000 - 0x00007fff3b8e9000 	C:\Windows\system32\NSI.dll
0x00007fff3b710000 - 0x00007fff3b75a000 	C:\Windows\SYSTEM32\cfgmgr32.dll
0x00007fff3a0e0000 - 0x00007fff3a106000 	C:\Windows\SYSTEM32\DEVOBJ.dll
0x00007fff36500000 - 0x00007fff3650f000 	C:\android-studio\jre\jre\bin\verify.dll
0x00007fff34ca0000 - 0x00007fff34cc9000 	C:\android-studio\jre\jre\bin\java.dll
0x00007fff34c10000 - 0x00007fff34c26000 	C:\android-studio\jre\jre\bin\zip.dll
0x00007fff3b960000 - 0x00007fff3cd77000 	C:\Windows\system32\SHELL32.dll
0x00007fff3d980000 - 0x00007fff3db56000 	C:\Windows\SYSTEM32\combase.dll
0x00007fff3b900000 - 0x00007fff3b951000 	C:\Windows\system32\SHLWAPI.dll
0x00007fff396a0000 - 0x00007fff3973f000 	C:\Windows\SYSTEM32\SHCORE.dll
0x00007fff3b250000 - 0x00007fff3b264000 	C:\Windows\SYSTEM32\profapi.dll

VM Arguments:
jvm_args: -Djava.awt.headless=true -Xmx1024M -Dfile.encoding=windows-1252 -Duser.country=US -Duser.language=en -Duser.variant 
java_command: com.android.dx.command.Main --dex --force-jumbo --output C:\Users\Sid\AndroidStudioProjects\XMPPDemo\app\build\intermediates\pre-dexed\debug\com.android.support-support-v4-23.4.0_744fb49b9cb56ed4a2bf374ad731194801e7d0cc.jar C:\Users\Sid\AndroidStudioProjects\XMPPDemo\app\build\intermediates\exploded-aar\com.android.support\support-v4\23.4.0\jars\classes.jar
java_class_path (initial): C:\Users\Sid\sdk1\build-tools\22.0.1\lib\dx.jar
Launcher Type: SUN_STANDARD

Environment Variables:
JAVA_HOME=C:\Program Files\Java\jdk1.7.0_76
PATH=C:\Windows\system32;C:\Windows;C:\Windows\System32\Wbem;C:\Windows\System32\WindowsPowerShell\v1.0\;C:\Program Files (x86)\ATI Technologies\ATI.ACE\Core-Static;C:\Program Files\adb;C:\Python27;C:\Python27\Scripts;C:\Program Files (x86)\Heroku\bin;C:\Program Files (x86)\git\cmd;C:\Program Files (x86)\GnuWin32\bin;C:\OpenSSL\bin;C:\Program Files\Microsoft SQL Server\110\Tools\Binn\;%ANDROID_HOME%\tools;%ANDROID_HOME%\platform-tools,%JAVA_HOME%\bin;C:\Users\Sid\sdk1\tools;%ANT_HOME%\bin;C:\Users\Sid\sencha\Sencha\Cmd\5.1.2.52;C:\Program Files (x86)\Git\bin;C:\Program Files\Java\jdk1.7.0_76\bin;C:\Program Files\nodejs\;%USERPROFILE%\.dnx\bin;C:\Program Files\Microsoft DNX\Dnvm\;C:\Program Files (x86)\Windows Kits\8.1\Windows Performance Toolkit\;C:\Program Files\Microsoft\Web Platform Installer\;C:\Program Files (x86)\Skype\Phone\;C:\ffmpeg\bin;C:\rtmp;C:\Program Files\cURL\bin;C:\Windows\system32;C:\Windows;C:\Windows\System32\Wbem;C:\Windows\System32\WindowsPowerShell\v1.0\;C:\Program Files (x86)\ATI Technologies\ATI.ACE\Core-Static;C:\Program Files\adb;C:\Python27;C:\Python27\Scripts;C:\Program Files (x86)\Heroku\bin;C:\Program Files (x86)\git\cmd;C:\Program Files (x86)\GnuWin32\bin;C:\OpenSSL\bin;C:\Program Files\Microsoft SQL Server\110\Tools\Binn\;C:\Users\Sid\sdk1\tools;C:\Users\Sid\sdk1\platform-tools,C:\Program Files\Java\jdk1.7.0_76\bin;C:\ant\bin;C:\Users\Sid\sencha\Sencha\Cmd\5.1.2.52;C:\Program Files (x86)\Git\bin;C:\Program Files\Java\jdk1.7.0_76\bin;C:\Program Files\nodejs\;C:\Users\Sid\.dnx\bin;C:\Program Files\Microsoft DNX\Dnvm\;C:\Program Files (x86)\Windows Kits\8.1\Windows Performance Toolkit\;C:\Program Files\MATLAB\R2015b\bin;C:\Program Files\Microsoft\Web Platform Installer\;C:\Program Files (x86)\Skype\Phone\;C:\ffmpeg\bin;C:\rtmp;C:\Ruby21-x64\bin;C:\Users\Sid\AppData\Roaming\npm;C:\Users\Sid\AppData\Local\.meteor\
USERNAME=Sid
OS=Windows_NT
PROCESSOR_IDENTIFIER=Intel64 Family 6 Model 58 Stepping 9, GenuineIntel



---------------  S Y S T E M  ---------------

OS: Windows 8.1 , 64 bit Build 9600 (6.3.9600.17031)

CPU:total 4 (2 cores per cpu, 2 threads per core) family 6 model 58 stepping 9, cmov, cx8, fxsr, mmx, sse, sse2, sse3, ssse3, sse4.1, sse4.2, popcnt, avx, aes, clmul, erms, ht, tsc, tscinvbit, tscinv

Memory: 4k page, physical 4078900k(605476k free), swap 7224628k(7932k free)

vm_info: OpenJDK 64-Bit Server VM (25.76-b01) for windows-amd64 JRE (1.8.0_76-release-b01), built on May 12 2016 23:29:00 by "ralucas" with MS VC++ 10.0 (VS2010)

time: Fri Jun 10 04:57:41 2016
elapsed time: 6 seconds (0d 0h 0m 6s)

