#
# There is insufficient memory for the Java Runtime Environment to continue.
# Native memory allocation (malloc) failed to allocate 32744 bytes for ChunkPool::allocate
# Possible reasons:
#   The system is out of physical RAM or swap space
#   In 32 bit mode, the process size limit was hit
# Possible solutions:
#   Reduce memory load on the system
#   Increase physical memory or swap space
#   Check if swap backing store is full
#   Use 64 bit Java on a 64 bit OS
#   Decrease Java heap size (-Xmx/-Xms)
#   Decrease number of Java threads
#   Decrease Java thread stack sizes (-Xss)
#   Set larger code cache with -XX:ReservedCodeCacheSize=
# This output file may be truncated or incomplete.
#
#  Out of Memory Error (allocation.cpp:273), pid=1892, tid=0x0000000000000b44
#
# JRE version: OpenJDK Runtime Environment (8.0_76-b01) (build 1.8.0_76-release-b01)
# Java VM: OpenJDK 64-Bit Server VM (25.76-b01 mixed mode windows-amd64 compressed oops)
# Failed to write core dump. Minidumps are not enabled by default on client versions of Windows
#

---------------  T H R E A D  ---------------

Current thread (0x00000000148dc000):  JavaThread "C2 CompilerThread0" daemon [_thread_in_native, id=2884, stack(0x0000000015e30000,0x0000000015f30000)]

Stack: [0x0000000015e30000,0x0000000015f30000]
[error occurred during error reporting (printing stack bounds), id 0xc0000005]

Native frames: (J=compiled Java code, j=interpreted, Vv=VM code, C=native code)


Current CompileTask:
C2:    715  573       4       java.util.HashMap::get (23 bytes)


---------------  P R O C E S S  ---------------

Java Threads: ( => current thread )
  0x00000000148d3800 JavaThread "Service Thread" daemon [_thread_blocked, id=9624, stack(0x0000000016530000,0x0000000016630000)]
  0x0000000016038800 JavaThread "C1 CompilerThread2" daemon [_thread_in_native, id=2532, stack(0x0000000016430000,0x0000000016530000)]
  0x00000000148cd000 JavaThread "C2 CompilerThread1" daemon [_thread_blocked, id=7020, stack(0x0000000015f30000,0x0000000016030000)]
=>0x00000000148dc000 JavaThread "C2 CompilerThread0" daemon [_thread_in_native, id=2884, stack(0x0000000015e30000,0x0000000015f30000)]
  0x00000000148da000 JavaThread "Attach Listener" daemon [_thread_blocked, id=12024, stack(0x0000000015d30000,0x0000000015e30000)]
  0x00000000148d6000 JavaThread "Signal Dispatcher" daemon [_thread_blocked, id=12740, stack(0x0000000015c30000,0x0000000015d30000)]
  0x00000000148b8800 JavaThread "Finalizer" daemon [_thread_blocked, id=6336, stack(0x0000000015b30000,0x0000000015c30000)]
  0x0000000014897000 JavaThread "Reference Handler" daemon [_thread_blocked, id=12744, stack(0x0000000015a30000,0x0000000015b30000)]
  0x000000000073d800 JavaThread "main" [_thread_in_Java, id=10428, stack(0x0000000002000000,0x0000000002100000)]

Other Threads:
  0x0000000014895800 VMThread [stack: 0x0000000015930000,0x0000000015a30000] [id=13552]
  0x000000001492b000 WatcherThread [stack: 0x0000000016630000,0x0000000016730000] [id=4128]

VM state:not at safepoint (normal execution)

VM Mutex/Monitor currently owned by a thread: None

Heap:
 PSYoungGen      total 18944K, used 8800K [0x00000000eab00000, 0x00000000ec000000, 0x0000000100000000)
  eden space 16384K, 53% used [0x00000000eab00000,0x00000000eb398270,0x00000000ebb00000)
  from space 2560K, 0% used [0x00000000ebd80000,0x00000000ebd80000,0x00000000ec000000)
  to   space 2560K, 0% used [0x00000000ebb00000,0x00000000ebb00000,0x00000000ebd80000)
 ParOldGen       total 44032K, used 0K [0x00000000c0000000, 0x00000000c2b00000, 0x00000000eab00000)
  object space 44032K, 0% used [0x00000000c0000000,0x00000000c0000000,0x00000000c2b00000)
 Metaspace       used 5161K, capacity 6512K, committed 6784K, reserved 1056768K
  class space    used 532K, capacity 616K, committed 640K, reserved 1048576K

Card table byte_map: [0x00000000115c0000,0x00000000117d0000] byte_map_base: 0x0000000010fc0000

Marking Bits: (ParMarkBitMap*) 0x0000000054749d00
 Begin Bits: [0x0000000011d30000, 0x0000000012d30000)
 End Bits:   [0x0000000012d30000, 0x0000000013d30000)

Polling page: 0x0000000000600000

CodeCache: size=245760Kb used=2222Kb max_used=2233Kb free=243537Kb
 bounds [0x0000000002200000, 0x0000000002470000, 0x0000000011200000]
 total_blobs=828 nmethods=564 adapters=178
 compilation: enabled

Compilation events (10 events):
Event: 0.697 Thread 0x0000000016038800 nmethod 561 0x0000000002428810 code [0x00000000024289c0, 0x0000000002429138]
Event: 0.697 Thread 0x0000000016038800  562       3       com.android.dx.rop.cst.CstFieldRef::compareTo0 (43 bytes)
Event: 0.698 Thread 0x0000000016038800 nmethod 562 0x00000000024293d0 code [0x00000000024295c0, 0x000000000242a248]
Event: 0.698 Thread 0x0000000016038800  563       3       com.android.dx.rop.code.SourcePosition::<init> (50 bytes)
Event: 0.699 Thread 0x0000000016038800 nmethod 563 0x000000000242a710 code [0x000000000242a8a0, 0x000000000242ac58]
Event: 0.699 Thread 0x0000000016038800  566   !   3       com.android.dx.cf.code.BytecodeArray::parseInstruction (2764 bytes)
Event: 0.699 Thread 0x00000000148dc000 nmethod 560 0x000000000242db50 code [0x000000000242dca0, 0x000000000242de38]
Event: 0.702 Thread 0x00000000148cd000 nmethod 557 0x000000000242bb90 code [0x000000000242bce0, 0x000000000242c258]
Event: 0.705 Thread 0x00000000148dc000  573       4       java.util.HashMap::get (23 bytes)
Event: 0.711 Thread 0x00000000148cd000  577       4       java.util.ArrayList::ensureExplicitCapacity (26 bytes)

GC Heap History (0 events):
No events

Deoptimization events (1 events):
Event: 0.655 Thread 0x000000000073d800 Uncommon trap: reason=unstable_if action=reinterpret pc=0x00000000023e5f78 method=java.util.HashMap.getNode(ILjava/lang/Object;)Ljava/util/HashMap$Node; @ 62

Internal exceptions (2 events):
Event: 0.040 Thread 0x000000000073d800 Exception <a 'java/lang/NoSuchMethodError': Method sun.misc.Unsafe.defineClass(Ljava/lang/String;[BII)Ljava/lang/Class; name or signature does not match> (0x00000000eab07cc0) thrown at [C:\src\android\AOSP-openjdk\external\jetbrains\jdk\hotspot\src\share\vðóc*d¥?
Event: 0.041 Thread 0x000000000073d800 Exception <a 'java/lang/NoSuchMethodError': Method sun.misc.Unsafe.prefetchRead(Ljava/lang/Object;J)V name or signature does not match> (0x00000000eab07fa8) thrown at [C:\src\android\AOSP-openjdk\external\jetbrains\jdk\hotspot\src\share\vm\prims\jni.cpp, l

Events (10 events):
Event: 0.694 loading class com/android/dx/cf/attrib/AttInnerClasses
Event: 0.694 loading class com/android/dx/cf/attrib/AttInnerClasses done
Event: 0.702 loading class com/android/dx/cf/code/Ropper$ExceptionHandlerSetup
Event: 0.702 loading class com/android/dx/cf/code/Ropper$ExceptionHandlerSetup done
Event: 0.702 loading class java/util/HashMap$Values
Event: 0.702 loading class java/util/HashMap$Values done
Event: 0.703 loading class java/util/HashMap$ValueIterator
Event: 0.703 loading class java/util/HashMap$ValueIterator done
Event: 0.708 loading class java/util/DualPivotQuicksort
Event: 0.708 loading class java/util/DualPivotQuicksort done


Dynamic libraries:
0x00007ff7f2bd0000 - 0x00007ff7f2c05000 	C:\android-studio\jre\bin\java.exe
0x00007fff3dee0000 - 0x00007fff3e08a000 	C:\Windows\SYSTEM32\ntdll.dll
0x00007fff3cfd0000 - 0x00007fff3d10a000 	C:\Windows\system32\KERNEL32.DLL
0x00007fff3b500000 - 0x00007fff3b610000 	C:\Windows\system32\KERNELBASE.dll
0x00007fff3cf20000 - 0x00007fff3cfc5000 	C:\Windows\system32\ADVAPI32.dll
0x00007fff3b760000 - 0x00007fff3b8d1000 	C:\Windows\system32\USER32.dll
0x00007fff38960000 - 0x00007fff38bba000 	C:\Windows\WinSxS\amd64_microsoft.windows.common-controls_6595b64144ccf1df_6.0.9600.17031_none_6242a4b3ecbb55a1\COMCTL32.dll
0x00007fff3d630000 - 0x00007fff3d6d7000 	C:\Windows\system32\msvcrt.dll
0x00007fff3ddd0000 - 0x00007fff3de27000 	C:\Windows\SYSTEM32\sechost.dll
0x00007fff3d840000 - 0x00007fff3d976000 	C:\Windows\system32\RPCRT4.dll
0x00007fff3d6f0000 - 0x00007fff3d835000 	C:\Windows\system32\GDI32.dll
0x00007fff3d4f0000 - 0x00007fff3d524000 	C:\Windows\system32\IMM32.DLL
0x00007fff3d110000 - 0x00007fff3d249000 	C:\Windows\system32\MSCTF.dll
0x0000000053eb0000 - 0x0000000053f82000 	C:\android-studio\jre\jre\bin\msvcr100.dll
0x0000000053f90000 - 0x00000000547c4000 	C:\android-studio\jre\jre\bin\server\jvm.dll
0x00007fff370d0000 - 0x00007fff370d9000 	C:\Windows\SYSTEM32\WSOCK32.dll
0x00007fff36e40000 - 0x00007fff36e5f000 	C:\Windows\SYSTEM32\WINMM.dll
0x00007fff33c90000 - 0x00007fff33c9a000 	C:\Windows\SYSTEM32\VERSION.dll
0x00007fff3ddc0000 - 0x00007fff3ddc7000 	C:\Windows\system32\PSAPI.DLL
0x00007fff3db80000 - 0x00007fff3dbd8000 	C:\Windows\system32\WS2_32.dll
0x00007fff36e10000 - 0x00007fff36e3a000 	C:\Windows\SYSTEM32\WINMMBASE.dll
0x00007fff3b8e0000 - 0x00007fff3b8e9000 	C:\Windows\system32\NSI.dll
0x00007fff3b710000 - 0x00007fff3b75a000 	C:\Windows\SYSTEM32\cfgmgr32.dll
0x00007fff3a0e0000 - 0x00007fff3a106000 	C:\Windows\SYSTEM32\DEVOBJ.dll
0x00007fff36500000 - 0x00007fff3650f000 	C:\android-studio\jre\jre\bin\verify.dll
0x00007fff34ca0000 - 0x00007fff34cc9000 	C:\android-studio\jre\jre\bin\java.dll
0x00007fff34c10000 - 0x00007fff34c26000 	C:\android-studio\jre\jre\bin\zip.dll
0x00007fff3b960000 - 0x00007fff3cd77000 	C:\Windows\system32\SHELL32.dll
0x00007fff3d980000 - 0x00007fff3db56000 	C:\Windows\SYSTEM32\combase.dll
0x00007fff3b900000 - 0x00007fff3b951000 	C:\Windows\system32\SHLWAPI.dll
0x00007fff396a0000 - 0x00007fff3973f000 	C:\Windows\SYSTEM32\SHCORE.dll
0x00007fff3b250000 - 0x00007fff3b264000 	C:\Windows\SYSTEM32\profapi.dll

VM Arguments:
jvm_args: -Djava.awt.headless=true -Xmx1024M -Dfile.encoding=windows-1252 -Duser.country=US -Duser.language=en -Duser.variant 
java_command: com.android.dx.command.Main --dex --force-jumbo --output C:\Users\Sid\AndroidStudioProjects\XMPPDemo\app\build\intermediates\pre-dexed\debug\jxmpp-core-0.4.2-beta1_ee3603a0161945f816553f94388ea787e6ff0bee.jar C:\Users\Sid\.gradle\caches\modules-2\files-2.1\org.jxmpp\jxmpp-core\0.4.2-beta1\14ade1a89b0f6db4fa481f9f8a721cdec69374de\jxmpp-core-0.4.2-beta1.jar
java_class_path (initial): C:\Users\Sid\sdk1\build-tools\22.0.1\lib\dx.jar
Launcher Type: SUN_STANDARD

Environment Variables:
JAVA_HOME=C:\Program Files\Java\jdk1.7.0_76
PATH=C:\Windows\system32;C:\Windows;C:\Windows\System32\Wbem;C:\Windows\System32\WindowsPowerShell\v1.0\;C:\Program Files (x86)\ATI Technologies\ATI.ACE\Core-Static;C:\Program Files\adb;C:\Python27;C:\Python27\Scripts;C:\Program Files (x86)\Heroku\bin;C:\Program Files (x86)\git\cmd;C:\Program Files (x86)\GnuWin32\bin;C:\OpenSSL\bin;C:\Program Files\Microsoft SQL Server\110\Tools\Binn\;%ANDROID_HOME%\tools;%ANDROID_HOME%\platform-tools,%JAVA_HOME%\bin;C:\Users\Sid\sdk1\tools;%ANT_HOME%\bin;C:\Users\Sid\sencha\Sencha\Cmd\5.1.2.52;C:\Program Files (x86)\Git\bin;C:\Program Files\Java\jdk1.7.0_76\bin;C:\Program Files\nodejs\;%USERPROFILE%\.dnx\bin;C:\Program Files\Microsoft DNX\Dnvm\;C:\Program Files (x86)\Windows Kits\8.1\Windows Performance Toolkit\;C:\Program Files\Microsoft\Web Platform Installer\;C:\Program Files (x86)\Skype\Phone\;C:\ffmpeg\bin;C:\rtmp;C:\Program Files\cURL\bin;C:\Windows\system32;C:\Windows;C:\Windows\System32\Wbem;C:\Windows\System32\WindowsPowerShell\v1.0\;C:\Program Files (x86)\ATI Technologies\ATI.ACE\Core-Static;C:\Program Files\adb;C:\Python27;C:\Python27\Scripts;C:\Program Files (x86)\Heroku\bin;C:\Program Files (x86)\git\cmd;C:\Program Files (x86)\GnuWin32\bin;C:\OpenSSL\bin;C:\Program Files\Microsoft SQL Server\110\Tools\Binn\;C:\Users\Sid\sdk1\tools;C:\Users\Sid\sdk1\platform-tools,C:\Program Files\Java\jdk1.7.0_76\bin;C:\ant\bin;C:\Users\Sid\sencha\Sencha\Cmd\5.1.2.52;C:\Program Files (x86)\Git\bin;C:\Program Files\Java\jdk1.7.0_76\bin;C:\Program Files\nodejs\;C:\Users\Sid\.dnx\bin;C:\Program Files\Microsoft DNX\Dnvm\;C:\Program Files (x86)\Windows Kits\8.1\Windows Performance Toolkit\;C:\Program Files\MATLAB\R2015b\bin;C:\Program Files\Microsoft\Web Platform Installer\;C:\Program Files (x86)\Skype\Phone\;C:\ffmpeg\bin;C:\rtmp;C:\Ruby21-x64\bin;C:\Users\Sid\AppData\Roaming\npm;C:\Users\Sid\AppData\Local\.meteor\
USERNAME=Sid
OS=Windows_NT
PROCESSOR_IDENTIFIER=Intel64 Family 6 Model 58 Stepping 9, GenuineIntel



---------------  S Y S T E M  ---------------

OS: Windows 8.1 , 64 bit Build 9600 (6.3.9600.17031)

CPU:total 4 (2 cores per cpu, 2 threads per core) family 6 model 58 stepping 9, cmov, cx8, fxsr, mmx, sse, sse2, sse3, ssse3, sse4.1, sse4.2, popcnt, avx, aes, clmul, erms, ht, tsc, tscinvbit, tscinv

Memory: 4k page, physical 4078900k(733540k free), swap 7224628k(5120k free)

vm_info: OpenJDK 64-Bit Server VM (25.76-b01) for windows-amd64 JRE (1.8.0_76-release-b01), built on May 12 2016 23:29:00 by "ralucas" with MS VC++ 10.0 (VS2010)

time: Fri Jun 10 15:09:21 2016
elapsed time: 0 seconds (0d 0h 0m 0s)

