#
# There is insufficient memory for the Java Runtime Environment to continue.
# Native memory allocation (malloc) failed to allocate 452944 bytes for Chunk::new
# Possible reasons:
#   The system is out of physical RAM or swap space
#   In 32 bit mode, the process size limit was hit
# Possible solutions:
#   Reduce memory load on the system
#   Increase physical memory or swap space
#   Check if swap backing store is full
#   Use 64 bit Java on a 64 bit OS
#   Decrease Java heap size (-Xmx/-Xms)
#   Decrease number of Java threads
#   Decrease Java thread stack sizes (-Xss)
#   Set larger code cache with -XX:ReservedCodeCacheSize=
# This output file may be truncated or incomplete.
#
#  Out of Memory Error (allocation.cpp:390), pid=1212, tid=0x0000000000001128
#
# JRE version: OpenJDK Runtime Environment (8.0_76-b01) (build 1.8.0_76-release-b01)
# Java VM: OpenJDK 64-Bit Server VM (25.76-b01 mixed mode windows-amd64 compressed oops)
# Failed to write core dump. Minidumps are not enabled by default on client versions of Windows
#

---------------  T H R E A D  ---------------

Current thread (0x0000000014e49000):  JavaThread "C2 CompilerThread0" daemon [_thread_in_native, id=4392, stack(0x0000000016470000,0x0000000016570000)]

Stack: [0x0000000016470000,0x0000000016570000]
[error occurred during error reporting (printing stack bounds), id 0xc0000005]

Native frames: (J=compiled Java code, j=interpreted, Vv=VM code, C=native code)


Current CompileTask:
C2:   7380 1435       4       com.android.dx.ssa.LocalVariableExtractor::processBlock (383 bytes)


---------------  P R O C E S S  ---------------

Java Threads: ( => current thread )
  0x0000000016773000 JavaThread "Service Thread" daemon [_thread_blocked, id=1684, stack(0x0000000016b70000,0x0000000016c70000)]
  0x0000000014e9e800 JavaThread "C1 CompilerThread2" daemon [_thread_blocked, id=5220, stack(0x0000000016670000,0x0000000016770000)]
  0x0000000014e96800 JavaThread "C2 CompilerThread1" daemon [_thread_in_native, id=6580, stack(0x0000000016570000,0x0000000016670000)]
=>0x0000000014e49000 JavaThread "C2 CompilerThread0" daemon [_thread_in_native, id=4392, stack(0x0000000016470000,0x0000000016570000)]
  0x0000000014e47000 JavaThread "Attach Listener" daemon [_thread_blocked, id=6332, stack(0x0000000016370000,0x0000000016470000)]
  0x0000000014e45000 JavaThread "Signal Dispatcher" daemon [_thread_blocked, id=4236, stack(0x0000000016270000,0x0000000016370000)]
  0x0000000014e28800 JavaThread "Finalizer" daemon [_thread_blocked, id=6968, stack(0x0000000016090000,0x0000000016190000)]
  0x0000000014e07000 JavaThread "Reference Handler" daemon [_thread_blocked, id=6076, stack(0x0000000015f90000,0x0000000016090000)]
  0x0000000000c1d800 JavaThread "main" [_thread_in_Java, id=6492, stack(0x00000000024d0000,0x00000000025d0000)]

Other Threads:
  0x0000000014e04800 VMThread [stack: 0x0000000015e90000,0x0000000015f90000] [id=6228]
  0x0000000016775000 WatcherThread [stack: 0x0000000016c70000,0x0000000016d70000] [id=548]

VM state:not at safepoint (normal execution)

VM Mutex/Monitor currently owned by a thread: None

Heap:
 PSYoungGen      total 35328K, used 11258K [0x00000000eab00000, 0x00000000ed000000, 0x0000000100000000)
  eden space 32768K, 26% used [0x00000000eab00000,0x00000000eb37fd80,0x00000000ecb00000)
  from space 2560K, 99% used [0x00000000ecd80000,0x00000000ecffeac8,0x00000000ed000000)
  to   space 2560K, 0% used [0x00000000ecb00000,0x00000000ecb00000,0x00000000ecd80000)
 ParOldGen       total 44032K, used 4214K [0x00000000c0000000, 0x00000000c2b00000, 0x00000000eab00000)
  object space 44032K, 9% used [0x00000000c0000000,0x00000000c041da20,0x00000000c2b00000)
 Metaspace       used 5735K, capacity 7024K, committed 7296K, reserved 1056768K
  class space    used 538K, capacity 616K, committed 640K, reserved 1048576K

Card table byte_map: [0x0000000011b30000,0x0000000011d40000] byte_map_base: 0x0000000011530000

Marking Bits: (ParMarkBitMap*) 0x0000000061729d00
 Begin Bits: [0x00000000122a0000, 0x00000000132a0000)
 End Bits:   [0x00000000132a0000, 0x00000000142a0000)

Polling page: 0x00000000025d0000

CodeCache: size=245760Kb used=6352Kb max_used=6363Kb free=239407Kb
 bounds [0x0000000002770000, 0x0000000002dc0000, 0x0000000011770000]
 total_blobs=1714 nmethods=1450 adapters=178
 compilation: enabled

Compilation events (10 events):
Event: 4.246 Thread 0x0000000014e9e800 nmethod 1451 0x0000000002d97990 code [0x0000000002d97bc0, 0x0000000002d98798]
Event: 4.256 Thread 0x0000000014e96800 nmethod 1401 0x0000000002da74d0 code [0x0000000002da78e0, 0x0000000002daad58]
Event: 4.256 Thread 0x0000000014e96800 1411       4       com.android.dx.rop.code.RegisterSpec::make (7 bytes)
Event: 4.256 Thread 0x0000000014e96800 nmethod 1411 0x0000000002bc3d50 code [0x0000000002bc3ea0, 0x0000000002bc3f08]
Event: 4.256 Thread 0x0000000014e96800 1441       4       com.android.dx.ssa.SsaRenamer$BlockRenamer::visitNonMoveInsn (14 bytes)
Event: 4.273 Thread 0x0000000014e96800 nmethod 1441 0x0000000002da2cd0 code [0x0000000002da2e60, 0x0000000002da3610]
Event: 4.273 Thread 0x0000000014e96800 1439   !   4       com.android.dx.cf.code.BaseMachine::arg (36 bytes)
Event: 4.274 Thread 0x0000000014e96800 nmethod 1439 0x0000000002d6ee90 code [0x0000000002d6efc0, 0x0000000002d6f078]
Event: 4.274 Thread 0x0000000014e96800 1430       4       com.android.dx.rop.code.LocalItem::compareTo (32 bytes)
Event: 4.277 Thread 0x0000000014e96800 nmethod 1430 0x0000000002d97290 code [0x0000000002d973e0, 0x0000000002d976b8]

GC Heap History (4 events):
Event: 2.144 GC heap before
{Heap before GC invocations=1 (full 0):
 PSYoungGen      total 18944K, used 16384K [0x00000000eab00000, 0x00000000ec000000, 0x0000000100000000)
  eden space 16384K, 100% used [0x00000000eab00000,0x00000000ebb00000,0x00000000ebb00000)
  from space 2560K, 0% used [0x00000000ebd80000,0x00000000ebd80000,0x00000000ec000000)
  to   space 2560K, 0% used [0x00000000ebb00000,0x00000000ebb00000,0x00000000ebd80000)
 ParOldGen       total 44032K, used 0K [0x00000000c0000000, 0x00000000c2b00000, 0x00000000eab00000)
  object space 44032K, 0% used [0x00000000c0000000,0x00000000c0000000,0x00000000c2b00000)
 Metaspace       used 5537K, capacity 6832K, committed 7040K, reserved 1056768K
  class space    used 534K, capacity 616K, committed 640K, reserved 1048576K
Event: 2.208 GC heap after
Heap after GC invocations=1 (full 0):
 PSYoungGen      total 18944K, used 2535K [0x00000000eab00000, 0x00000000ed000000, 0x0000000100000000)
  eden space 16384K, 0% used [0x00000000eab00000,0x00000000eab00000,0x00000000ebb00000)
  from space 2560K, 99% used [0x00000000ebb00000,0x00000000ebd79c88,0x00000000ebd80000)
  to   space 2560K, 0% used [0x00000000ecd80000,0x00000000ecd80000,0x00000000ed000000)
 ParOldGen       total 44032K, used 1762K [0x00000000c0000000, 0x00000000c2b00000, 0x00000000eab00000)
  object space 44032K, 4% used [0x00000000c0000000,0x00000000c01b89f8,0x00000000c2b00000)
 Metaspace       used 5537K, capacity 6832K, committed 7040K, reserved 1056768K
  class space    used 534K, capacity 616K, committed 640K, reserved 1048576K
}
Event: 3.538 GC heap before
{Heap before GC invocations=2 (full 0):
 PSYoungGen      total 18944K, used 18919K [0x00000000eab00000, 0x00000000ed000000, 0x0000000100000000)
  eden space 16384K, 100% used [0x00000000eab00000,0x00000000ebb00000,0x00000000ebb00000)
  from space 2560K, 99% used [0x00000000ebb00000,0x00000000ebd79c88,0x00000000ebd80000)
  to   space 2560K, 0% used [0x00000000ecd80000,0x00000000ecd80000,0x00000000ed000000)
 ParOldGen       total 44032K, used 1762K [0x00000000c0000000, 0x00000000c2b00000, 0x00000000eab00000)
  object space 44032K, 4% used [0x00000000c0000000,0x00000000c01b89f8,0x00000000c2b00000)
 Metaspace       used 5678K, capacity 6960K, committed 7040K, reserved 1056768K
  class space    used 534K, capacity 616K, committed 640K, reserved 1048576K
Event: 3.632 GC heap after
Heap after GC invocations=2 (full 0):
 PSYoungGen      total 35328K, used 2554K [0x00000000eab00000, 0x00000000ed000000, 0x0000000100000000)
  eden space 32768K, 0% used [0x00000000eab00000,0x00000000eab00000,0x00000000ecb00000)
  from space 2560K, 99% used [0x00000000ecd80000,0x00000000ecffeac8,0x00000000ed000000)
  to   space 2560K, 0% used [0x00000000ecb00000,0x00000000ecb00000,0x00000000ecd80000)
 ParOldGen       total 44032K, used 4214K [0x00000000c0000000, 0x00000000c2b00000, 0x00000000eab00000)
  object space 44032K, 9% used [0x00000000c0000000,0x00000000c041da20,0x00000000c2b00000)
 Metaspace       used 5678K, capacity 6960K, committed 7040K, reserved 1056768K
  class space    used 534K, capacity 616K, committed 640K, reserved 1048576K
}

Deoptimization events (10 events):
Event: 3.190 Thread 0x0000000000c1d800 Uncommon trap: reason=unstable_if action=reinterpret pc=0x0000000002ca2a8c method=com.android.dx.ssa.MoveParamCombiner$1.visitNonMoveInsn(Lcom/android/dx/ssa/NormalSsaInsn;)V @ 27
Event: 3.222 Thread 0x0000000000c1d800 Uncommon trap: reason=unstable_if action=reinterpret pc=0x0000000002ca7054 method=com.android.dx.ssa.SCCP.simulateStmt(Lcom/android/dx/ssa/SsaInsn;)V @ 53
Event: 3.641 Thread 0x0000000000c1d800 Uncommon trap: reason=unstable_if action=reinterpret pc=0x0000000002af2510 method=com.android.dx.rop.code.RegisterSpec.equals(ILcom/android/dx/rop/type/TypeBearer;Lcom/android/dx/rop/code/LocalItem;)Z @ 42
Event: 3.662 Thread 0x0000000000c1d800 Uncommon trap: reason=uninitialized action=reinterpret pc=0x0000000002d07a44 method=com.android.dx.cf.code.BytecodeArray.parseInstruction(ILcom/android/dx/cf/code/BytecodeArray$Visitor;)I @ 999
Event: 3.666 Thread 0x0000000000c1d800 Uncommon trap: reason=bimorphic action=maybe_recompile pc=0x0000000002cd46fc method=com.android.dx.ssa.LiteralOpUpgrader.tryReplacingWithConstant(Lcom/android/dx/ssa/NormalSsaInsn;)Z @ 52
Event: 3.666 Thread 0x0000000000c1d800 Uncommon trap: reason=unstable_if action=reinterpret pc=0x0000000002bd175c method=com.android.dx.rop.cst.Constant.compareTo(Lcom/android/dx/rop/cst/Constant;)I @ 12
Event: 3.666 Thread 0x0000000000c1d800 Uncommon trap: reason=unstable_if action=reinterpret pc=0x00000000029c8568 method=java.util.HashMap.getNode(ILjava/lang/Object;)Ljava/util/HashMap$Node; @ 62
Event: 3.667 Thread 0x0000000000c1d800 Uncommon trap: reason=unstable_if action=reinterpret pc=0x0000000002cccf18 method=com.android.dx.rop.code.DexTranslationAdvice.requiresSourcesInOrder(Lcom/android/dx/rop/code/Rop;Lcom/android/dx/rop/code/RegisterSpecList;)Z @ 21
Event: 4.092 Thread 0x0000000000c1d800 Uncommon trap: reason=unstable_if action=reinterpret pc=0x0000000002d5de18 method=com.android.dx.rop.code.RegisterSpec.intersect(Lcom/android/dx/rop/code/RegisterSpec;Z)Lcom/android/dx/rop/code/RegisterSpec; @ 8
Event: 4.105 Thread 0x0000000000c1d800 Uncommon trap: reason=bimorphic action=maybe_recompile pc=0x0000000002b72020 method=java.util.HashMap.getNode(ILjava/lang/Object;)Ljava/util/HashMap$Node; @ 126

Internal exceptions (3 events):
Event: 0.350 Thread 0x0000000000c1d800 Exception <a 'java/lang/NoSuchMethodError': Method sun.misc.Unsafe.defineClass(Ljava/lang/String;[BII)Ljava/lang/Class; name or signature does not match> (0x00000000eab07cc0) thrown at [C:\src\android\AOSP-openjdk\external\jetbrains\jdk\hotspot\src\share\vKùßÄÔc÷?
Event: 0.350 Thread 0x0000000000c1d800 Exception <a 'java/lang/NoSuchMethodError': Method sun.misc.Unsafe.prefetchRead(Ljava/lang/Object;J)V name or signature does not match> (0x00000000eab07fa8) thrown at [C:\src\android\AOSP-openjdk\external\jetbrains\jdk\hotspot\src\share\vm\prims\jni.cpp, lr∏≈õ@
Event: 2.326 Thread 0x0000000000c1d800 Implicit null exception at 0x0000000002b659f7 to 0x0000000002b670c5

Events (10 events):
Event: 4.092 Thread 0x0000000000c1d800 DEOPT UNPACKING pc=0x00000000027b556a sp=0x00000000025ce4f0 mode 2
Event: 4.105 Thread 0x0000000000c1d800 Uncommon trap: trap_request=0xffffffc6 fr.pc=0x0000000002b72020
Event: 4.105 Thread 0x0000000000c1d800 DEOPT PACKING pc=0x0000000002b72020 sp=0x00000000025ce5e0
Event: 4.105 Thread 0x0000000000c1d800 DEOPT UNPACKING pc=0x00000000027b556a sp=0x00000000025ce560 mode 2
Event: 4.246 loading class com/android/dx/cf/direct/AnnotationParser
Event: 4.246 loading class com/android/dx/cf/direct/AnnotationParser done
Event: 4.562 Executing VM operation: EnableBiasedLocking
Event: 5.285 Executing VM operation: EnableBiasedLocking done
Event: 5.370 loading class com/android/dx/cf/attrib/AttRuntimeInvisibleParameterAnnotations
Event: 5.370 loading class com/android/dx/cf/attrib/AttRuntimeInvisibleParameterAnnotations done


Dynamic libraries:
0x00007ff6dae80000 - 0x00007ff6daeb5000 	C:\android-studio\jre\bin\java.exe
0x00007ffe32710000 - 0x00007ffe328ba000 	C:\Windows\SYSTEM32\ntdll.dll
0x00007ffe303e0000 - 0x00007ffe3051a000 	C:\Windows\system32\KERNEL32.DLL
0x00007ffe2fba0000 - 0x00007ffe2fcb0000 	C:\Windows\system32\KERNELBASE.dll
0x00007ffe32600000 - 0x00007ffe326a5000 	C:\Windows\system32\ADVAPI32.dll
0x00007ffe308e0000 - 0x00007ffe30a51000 	C:\Windows\system32\USER32.dll
0x00007ffe2d2f0000 - 0x00007ffe2d54a000 	C:\Windows\WinSxS\amd64_microsoft.windows.common-controls_6595b64144ccf1df_6.0.9600.17031_none_6242a4b3ecbb55a1\COMCTL32.dll
0x00007ffe30b20000 - 0x00007ffe30bc7000 	C:\Windows\system32\msvcrt.dll
0x00007ffe30fe0000 - 0x00007ffe31037000 	C:\Windows\SYSTEM32\sechost.dll
0x00007ffe307a0000 - 0x00007ffe308d6000 	C:\Windows\system32\RPCRT4.dll
0x00007ffe30640000 - 0x00007ffe30785000 	C:\Windows\system32\GDI32.dll
0x00007ffe30bd0000 - 0x00007ffe30c04000 	C:\Windows\system32\IMM32.DLL
0x00007ffe30050000 - 0x00007ffe30189000 	C:\Windows\system32\MSCTF.dll
0x0000000061800000 - 0x00000000618d2000 	C:\android-studio\jre\jre\bin\msvcr100.dll
0x0000000060f70000 - 0x00000000617a4000 	C:\android-studio\jre\jre\bin\server\jvm.dll
0x00007ffe292e0000 - 0x00007ffe292e9000 	C:\Windows\SYSTEM32\WSOCK32.dll
0x00007ffe2bb90000 - 0x00007ffe2bbaf000 	C:\Windows\SYSTEM32\WINMM.dll
0x00007ffe284c0000 - 0x00007ffe284ca000 	C:\Windows\SYSTEM32\VERSION.dll
0x00007ffe30fd0000 - 0x00007ffe30fd7000 	C:\Windows\system32\PSAPI.DLL
0x00007ffe30ac0000 - 0x00007ffe30b18000 	C:\Windows\system32\WS2_32.dll
0x00007ffe2bac0000 - 0x00007ffe2baea000 	C:\Windows\SYSTEM32\WINMMBASE.dll
0x00007ffe30790000 - 0x00007ffe30799000 	C:\Windows\system32\NSI.dll
0x00007ffe2fcb0000 - 0x00007ffe2fcfa000 	C:\Windows\SYSTEM32\cfgmgr32.dll
0x00007ffe2e910000 - 0x00007ffe2e936000 	C:\Windows\SYSTEM32\DEVOBJ.dll
0x00007ffe28770000 - 0x00007ffe2877f000 	C:\android-studio\jre\jre\bin\verify.dll
0x00007ffe27b50000 - 0x00007ffe27b79000 	C:\android-studio\jre\jre\bin\java.dll
0x00007ffe27c60000 - 0x00007ffe27c76000 	C:\android-studio\jre\jre\bin\zip.dll
0x00007ffe31040000 - 0x00007ffe32457000 	C:\Windows\system32\SHELL32.dll
0x00007ffe30c10000 - 0x00007ffe30de6000 	C:\Windows\SYSTEM32\combase.dll
0x00007ffe30a60000 - 0x00007ffe30ab1000 	C:\Windows\system32\SHLWAPI.dll
0x00007ffe2de70000 - 0x00007ffe2df0f000 	C:\Windows\SYSTEM32\SHCORE.dll
0x00007ffe2fa40000 - 0x00007ffe2fa54000 	C:\Windows\SYSTEM32\profapi.dll

VM Arguments:
jvm_args: -Djava.awt.headless=true -Xmx1024M -Dfile.encoding=windows-1252 -Duser.country=US -Duser.language=en -Duser.variant 
java_command: com.android.dx.command.Main --dex --force-jumbo --multi-dex --output C:\Users\Sid\AndroidStudioProjects\XMPPDemo\app\build\intermediates\transforms\dex\debug\folders\1000\10\com.android.support-support-v4-23.4.0_744fb49b9cb56ed4a2bf374ad731194801e7d0cc C:\Users\Sid\AndroidStudioProjects\XMPPDemo\app\build\intermediates\exploded-aar\com.android.support\support-v4\23.4.0\jars\classes.jar
java_class_path (initial): C:\Users\Sid\sdk1\build-tools\22.0.1\lib\dx.jar
Launcher Type: SUN_STANDARD

Environment Variables:
JAVA_HOME=C:\Program Files\Java\jdk1.7.0_76
PATH=C:\Windows\system32;C:\Windows;C:\Windows\System32\Wbem;C:\Windows\System32\WindowsPowerShell\v1.0\;C:\Program Files (x86)\ATI Technologies\ATI.ACE\Core-Static;C:\Program Files\adb;C:\Python27;C:\Python27\Scripts;C:\Program Files (x86)\Heroku\bin;C:\Program Files (x86)\git\cmd;C:\Program Files (x86)\GnuWin32\bin;C:\OpenSSL\bin;C:\Program Files\Microsoft SQL Server\110\Tools\Binn\;%ANDROID_HOME%\tools;%ANDROID_HOME%\platform-tools,%JAVA_HOME%\bin;C:\Users\Sid\sdk1\tools;%ANT_HOME%\bin;C:\Users\Sid\sencha\Sencha\Cmd\5.1.2.52;C:\Program Files (x86)\Git\bin;C:\Program Files\Java\jdk1.7.0_76\bin;C:\Program Files\nodejs\;C:\Windows\system32\config\systemprofile\.dnx\bin;C:\Program Files\Microsoft DNX\Dnvm\;C:\Program Files (x86)\Windows Kits\8.1\Windows Performance Toolkit\;C:\Program Files\Microsoft\Web Platform Installer\;C:\Program Files (x86)\Skype\Phone\;C:\ffmpeg\bin;C:\rtmp;C:\Program Files\cURL\bin;C:\Windows\system32;C:\Windows;C:\Windows\System32\Wbem;C:\Windows\System32\WindowsPowerShell\v1.0\;C:\Program Files (x86)\ATI Technologies\ATI.ACE\Core-Static;C:\Program Files\adb;C:\Python27;C:\Python27\Scripts;C:\Program Files (x86)\Heroku\bin;C:\Program Files (x86)\git\cmd;C:\Program Files (x86)\GnuWin32\bin;C:\OpenSSL\bin;C:\Program Files\Microsoft SQL Server\110\Tools\Binn\;C:\Users\Sid\sdk1\tools;C:\Users\Sid\sdk1\platform-tools,C:\Program Files\Java\jdk1.7.0_76\bin;C:\ant\bin;C:\Users\Sid\sencha\Sencha\Cmd\5.1.2.52;C:\Program Files (x86)\Git\bin;C:\Program Files\Java\jdk1.7.0_76\bin;C:\Program Files\nodejs\;C:\Users\Sid\.dnx\bin;C:\Program Files\Microsoft DNX\Dnvm\;C:\Program Files (x86)\Windows Kits\8.1\Windows Performance Toolkit\;C:\Program Files\MATLAB\R2015b\bin;C:\Program Files\Microsoft\Web Platform Installer\;C:\Program Files (x86)\Skype\Phone\;C:\ffmpeg\bin;C:\rtmp;C:\Ruby21-x64\bin;C:\Users\Sid\AppData\Roaming\npm;C:\Users\Sid\AppData\Local\.meteor\
USERNAME=Sid
OS=Windows_NT
PROCESSOR_IDENTIFIER=Intel64 Family 6 Model 58 Stepping 9, GenuineIntel



---------------  S Y S T E M  ---------------

OS: Windows 8.1 , 64 bit Build 9600 (6.3.9600.17031)

CPU:total 4 (2 cores per cpu, 2 threads per core) family 6 model 58 stepping 9, cmov, cx8, fxsr, mmx, sse, sse2, sse3, ssse3, sse4.1, sse4.2, popcnt, avx, aes, clmul, erms, ht, tsc, tscinvbit, tscinv

Memory: 4k page, physical 4078900k(213140k free), swap 7175988k(17120k free)

vm_info: OpenJDK 64-Bit Server VM (25.76-b01) for windows-amd64 JRE (1.8.0_76-release-b01), built on May 12 2016 23:29:00 by "ralucas" with MS VC++ 10.0 (VS2010)

time: Wed Jun 15 19:12:02 2016
elapsed time: 7 seconds (0d 0h 0m 7s)

