#
# There is insufficient memory for the Java Runtime Environment to continue.
# Native memory allocation (malloc) failed to allocate 32784 bytes for Chunk::new
# Possible reasons:
#   The system is out of physical RAM or swap space
#   In 32 bit mode, the process size limit was hit
# Possible solutions:
#   Reduce memory load on the system
#   Increase physical memory or swap space
#   Check if swap backing store is full
#   Use 64 bit Java on a 64 bit OS
#   Decrease Java heap size (-Xmx/-Xms)
#   Decrease number of Java threads
#   Decrease Java thread stack sizes (-Xss)
#   Set larger code cache with -XX:ReservedCodeCacheSize=
# This output file may be truncated or incomplete.
#
#  Out of Memory Error (allocation.cpp:390), pid=12760, tid=0x00000000000022a8
#
# JRE version: OpenJDK Runtime Environment (8.0_76-b01) (build 1.8.0_76-release-b01)
# Java VM: OpenJDK 64-Bit Server VM (25.76-b01 mixed mode windows-amd64 compressed oops)
# Failed to write core dump. Minidumps are not enabled by default on client versions of Windows
#

---------------  T H R E A D  ---------------

Current thread (0x0000000014d1a000):  JavaThread "C2 CompilerThread0" daemon [_thread_in_native, id=8872, stack(0x0000000016350000,0x0000000016450000)]

Stack: [0x0000000016350000,0x0000000016450000]
[error occurred during error reporting (printing stack bounds), id 0xc0000005]

Native frames: (J=compiled Java code, j=interpreted, Vv=VM code, C=native code)


Current CompileTask:
C2:   2186 1092       4       com.android.dx.rop.code.RegisterSpec::makeLocalOptional (7 bytes)


---------------  P R O C E S S  ---------------

Java Threads: ( => current thread )
  0x0000000016554000 JavaThread "Service Thread" daemon [_thread_blocked, id=12016, stack(0x0000000016a50000,0x0000000016b50000)]
  0x0000000016550800 JavaThread "C1 CompilerThread2" daemon [_thread_in_native, id=9760, stack(0x0000000016950000,0x0000000016a50000)]
  0x0000000014d68800 JavaThread "C2 CompilerThread1" daemon [_thread_in_native, id=12428, stack(0x0000000016450000,0x0000000016550000)]
=>0x0000000014d1a000 JavaThread "C2 CompilerThread0" daemon [_thread_in_native, id=8872, stack(0x0000000016350000,0x0000000016450000)]
  0x0000000014d18000 JavaThread "Attach Listener" daemon [_thread_blocked, id=6716, stack(0x0000000016250000,0x0000000016350000)]
  0x0000000014d16000 JavaThread "Signal Dispatcher" daemon [_thread_blocked, id=13956, stack(0x0000000016150000,0x0000000016250000)]
  0x0000000014cf8800 JavaThread "Finalizer" daemon [_thread_blocked, id=4588, stack(0x0000000015f70000,0x0000000016070000)]
  0x0000000002630000 JavaThread "Reference Handler" daemon [_thread_blocked, id=12960, stack(0x0000000015e70000,0x0000000015f70000)]
  0x000000000248d800 JavaThread "main" [_thread_in_Java, id=1168, stack(0x0000000002370000,0x0000000002470000)]

Other Threads:
  0x0000000014cd4800 VMThread [stack: 0x0000000015d70000,0x0000000015e70000] [id=3388]
  0x0000000016556000 WatcherThread [stack: 0x0000000016b50000,0x0000000016c50000] [id=14964]

VM state:not at safepoint (normal execution)

VM Mutex/Monitor currently owned by a thread:  ([mutex/lock_event])
[0x000000000248bef0] CodeCache_lock - owner thread: 0x0000000016550800

Heap:
 PSYoungGen      total 18944K, used 7943K [0x00000000eab00000, 0x00000000ec000000, 0x0000000100000000)
  eden space 16384K, 33% used [0x00000000eab00000,0x00000000eb0488c0,0x00000000ebb00000)
  from space 2560K, 98% used [0x00000000ebb00000,0x00000000ebd795f8,0x00000000ebd80000)
  to   space 2560K, 0% used [0x00000000ebd80000,0x00000000ebd80000,0x00000000ec000000)
 ParOldGen       total 44032K, used 1824K [0x00000000c0000000, 0x00000000c2b00000, 0x00000000eab00000)
  object space 44032K, 4% used [0x00000000c0000000,0x00000000c01c8380,0x00000000c2b00000)
 Metaspace       used 5357K, capacity 6832K, committed 7040K, reserved 1056768K
  class space    used 517K, capacity 616K, committed 640K, reserved 1048576K

Card table byte_map: [0x0000000011a00000,0x0000000011c10000] byte_map_base: 0x0000000011400000

Marking Bits: (ParMarkBitMap*) 0x0000000054749d00
 Begin Bits: [0x0000000012170000, 0x0000000013170000)
 End Bits:   [0x0000000013170000, 0x0000000014170000)

Polling page: 0x0000000000aa0000

CodeCache: size=245760Kb used=4514Kb max_used=4514Kb free=241245Kb
 bounds [0x0000000002640000, 0x0000000002ab0000, 0x0000000011640000]
 total_blobs=1353 nmethods=1096 adapters=171
 compilation: enabled

Compilation events (10 events):
Event: 2.176 Thread 0x0000000016550800 nmethod 1093 0x0000000002a8b450 code [0x0000000002a8b620, 0x0000000002a8bca8]
Event: 2.176 Thread 0x0000000016550800 1094       3       com.android.dx.ssa.DeadCodeRemover$NoSideEffectVisitor::visitNonMoveInsn (28 bytes)
Event: 2.176 Thread 0x0000000016550800 nmethod 1094 0x0000000002a8ac10 code [0x0000000002a8ada0, 0x0000000002a8b238]
Event: 2.176 Thread 0x0000000016550800 1095       3       com.android.dx.ssa.NormalSsaInsn::hasSideEffect (76 bytes)
Event: 2.177 Thread 0x0000000016550800 nmethod 1095 0x0000000002aab6d0 code [0x0000000002aab860, 0x0000000002aabe88]
Event: 2.177 Thread 0x0000000016550800 1096       3       com.android.dx.ssa.NormalSsaInsn::getLocalAssignment (54 bytes)
Event: 2.177 Thread 0x0000000016550800 nmethod 1096 0x0000000002aaabd0 code [0x0000000002aaad60, 0x0000000002aab528]
Event: 2.177 Thread 0x0000000016550800 1091       3       com.android.dx.rop.code.LocalItem::compareTo (32 bytes)
Event: 2.178 Thread 0x0000000016550800 nmethod 1091 0x0000000002aabfd0 code [0x0000000002aac160, 0x0000000002aac6f8]
Event: 2.181 Thread 0x0000000014d68800 1097       4       java.lang.String::indexOf (166 bytes)

GC Heap History (2 events):
Event: 1.727 GC heap before
{Heap before GC invocations=1 (full 0):
 PSYoungGen      total 18944K, used 16384K [0x00000000eab00000, 0x00000000ec000000, 0x0000000100000000)
  eden space 16384K, 100% used [0x00000000eab00000,0x00000000ebb00000,0x00000000ebb00000)
  from space 2560K, 0% used [0x00000000ebd80000,0x00000000ebd80000,0x00000000ec000000)
  to   space 2560K, 0% used [0x00000000ebb00000,0x00000000ebb00000,0x00000000ebd80000)
 ParOldGen       total 44032K, used 0K [0x00000000c0000000, 0x00000000c2b00000, 0x00000000eab00000)
  object space 44032K, 0% used [0x00000000c0000000,0x00000000c0000000,0x00000000c2b00000)
 Metaspace       used 5295K, capacity 6736K, committed 7040K, reserved 1056768K
  class space    used 512K, capacity 584K, committed 640K, reserved 1048576K
Event: 1.736 GC heap after
Heap after GC invocations=1 (full 0):
 PSYoungGen      total 18944K, used 2533K [0x00000000eab00000, 0x00000000ec000000, 0x0000000100000000)
  eden space 16384K, 0% used [0x00000000eab00000,0x00000000eab00000,0x00000000ebb00000)
  from space 2560K, 98% used [0x00000000ebb00000,0x00000000ebd795f8,0x00000000ebd80000)
  to   space 2560K, 0% used [0x00000000ebd80000,0x00000000ebd80000,0x00000000ec000000)
 ParOldGen       total 44032K, used 1824K [0x00000000c0000000, 0x00000000c2b00000, 0x00000000eab00000)
  object space 44032K, 4% used [0x00000000c0000000,0x00000000c01c8380,0x00000000c2b00000)
 Metaspace       used 5295K, capacity 6736K, committed 7040K, reserved 1056768K
  class space    used 512K, capacity 584K, committed 640K, reserved 1048576K
}

Deoptimization events (8 events):
Event: 1.801 Thread 0x000000000248d800 Uncommon trap: reason=unstable_if action=reinterpret pc=0x00000000029e2d90 method=java.lang.String.<init>([CII)V @ 18
Event: 1.828 Thread 0x000000000248d800 Uncommon trap: reason=unstable_if action=reinterpret pc=0x0000000002998234 method=com.android.dx.rop.code.RegisterSpec.equals(ILcom/android/dx/rop/type/TypeBearer;Lcom/android/dx/rop/code/LocalItem;)Z @ 24
Event: 1.899 Thread 0x000000000248d800 Uncommon trap: reason=unstable_if action=reinterpret pc=0x0000000002946f8c method=com.android.dx.rop.code.RegisterSpec.equals(ILcom/android/dx/rop/type/TypeBearer;Lcom/android/dx/rop/code/LocalItem;)Z @ 24
Event: 2.174 Thread 0x000000000248d800 Uncommon trap: reason=unloaded action=reinterpret pc=0x000000000298ab70 method=com.android.dx.ssa.SsaRenamer$BlockRenamer.visitMoveInsn(Lcom/android/dx/ssa/NormalSsaInsn;)V @ 208
Event: 2.176 Thread 0x000000000248d800 Uncommon trap: reason=unstable_if action=reinterpret pc=0x0000000002a1b614 method=com.android.dx.ssa.NormalSsaInsn.getLocalAssignment()Lcom/android/dx/rop/code/RegisterSpec; @ 12
Event: 2.176 Thread 0x000000000248d800 Uncommon trap: reason=unstable_if action=reinterpret pc=0x00000000029ecfe8 method=com.android.dx.ssa.NormalSsaInsn.getLocalAssignment()Lcom/android/dx/rop/code/RegisterSpec; @ 12
Event: 2.176 Thread 0x000000000248d800 Uncommon trap: reason=unstable_if action=reinterpret pc=0x00000000029b8f30 method=com.android.dx.ssa.NormalSsaInsn.getLocalAssignment()Lcom/android/dx/rop/code/RegisterSpec; @ 12
Event: 2.179 Thread 0x000000000248d800 Uncommon trap: reason=unstable_if action=reinterpret pc=0x0000000002a92b40 method=com.android.dx.cf.code.BasicBlocker.addWorkIfNecessary(IZ)V @ 8

Internal exceptions (2 events):
Event: 0.114 Thread 0x000000000248d800 Exception <a 'java/lang/NoSuchMethodError': Method sun.misc.Unsafe.defineClass(Ljava/lang/String;[BII)Ljava/lang/Class; name or signature does not match> (0x00000000eab07cc0) thrown at [C:\src\android\AOSP-openjdk\external\jetbrains\jdk\hotspot\src\share\vdC)|½?
Event: 0.114 Thread 0x000000000248d800 Exception <a 'java/lang/NoSuchMethodError': Method sun.misc.Unsafe.prefetchRead(Ljava/lang/Object;J)V name or signature does not match> (0x00000000eab07fa8) thrown at [C:\src\android\AOSP-openjdk\external\jetbrains\jdk\hotspot\src\share\vm\prims\jni.cpp, l

Events (10 events):
Event: 2.176 Thread 0x000000000248d800 DEOPT PACKING pc=0x00000000029ecfe8 sp=0x000000000246e050
Event: 2.176 Thread 0x000000000248d800 DEOPT UNPACKING pc=0x000000000268556a sp=0x000000000246df70 mode 2
Event: 2.176 Thread 0x000000000248d800 Uncommon trap: trap_request=0xffffff65 fr.pc=0x00000000029b8f30
Event: 2.176 Thread 0x000000000248d800 DEOPT PACKING pc=0x00000000029b8f30 sp=0x000000000246dfd0
Event: 2.176 Thread 0x000000000248d800 DEOPT UNPACKING pc=0x000000000268556a sp=0x000000000246df60 mode 2
Event: 2.179 Thread 0x000000000248d800 Uncommon trap: trap_request=0xffffff65 fr.pc=0x0000000002a92b40
Event: 2.179 Thread 0x000000000248d800 DEOPT PACKING pc=0x0000000002a92b40 sp=0x000000000246e2b0
Event: 2.179 Thread 0x000000000248d800 DEOPT UNPACKING pc=0x000000000268556a sp=0x000000000246e0f8 mode 2
Event: 2.181 loading class com/android/dx/cf/code/Ropper$ExceptionHandlerSetup
Event: 2.181 loading class com/android/dx/cf/code/Ropper$ExceptionHandlerSetup done


Dynamic libraries:
0x00007ff7f2bd0000 - 0x00007ff7f2c05000 	C:\android-studio\jre\bin\java.exe
0x00007fff3dee0000 - 0x00007fff3e08a000 	C:\Windows\SYSTEM32\ntdll.dll
0x00007fff3cfd0000 - 0x00007fff3d10a000 	C:\Windows\system32\KERNEL32.DLL
0x00007fff3b500000 - 0x00007fff3b610000 	C:\Windows\system32\KERNELBASE.dll
0x00007fff3cf20000 - 0x00007fff3cfc5000 	C:\Windows\system32\ADVAPI32.dll
0x00007fff3b760000 - 0x00007fff3b8d1000 	C:\Windows\system32\USER32.dll
0x00007fff38960000 - 0x00007fff38bba000 	C:\Windows\WinSxS\amd64_microsoft.windows.common-controls_6595b64144ccf1df_6.0.9600.17031_none_6242a4b3ecbb55a1\COMCTL32.dll
0x00007fff3d630000 - 0x00007fff3d6d7000 	C:\Windows\system32\msvcrt.dll
0x00007fff3ddd0000 - 0x00007fff3de27000 	C:\Windows\SYSTEM32\sechost.dll
0x00007fff3d840000 - 0x00007fff3d976000 	C:\Windows\system32\RPCRT4.dll
0x00007fff3d6f0000 - 0x00007fff3d835000 	C:\Windows\system32\GDI32.dll
0x00007fff3d4f0000 - 0x00007fff3d524000 	C:\Windows\system32\IMM32.DLL
0x00007fff3d110000 - 0x00007fff3d249000 	C:\Windows\system32\MSCTF.dll
0x0000000053eb0000 - 0x0000000053f82000 	C:\android-studio\jre\jre\bin\msvcr100.dll
0x0000000053f90000 - 0x00000000547c4000 	C:\android-studio\jre\jre\bin\server\jvm.dll
0x00007fff370d0000 - 0x00007fff370d9000 	C:\Windows\SYSTEM32\WSOCK32.dll
0x00007fff36e40000 - 0x00007fff36e5f000 	C:\Windows\SYSTEM32\WINMM.dll
0x00007fff33c90000 - 0x00007fff33c9a000 	C:\Windows\SYSTEM32\VERSION.dll
0x00007fff3ddc0000 - 0x00007fff3ddc7000 	C:\Windows\system32\PSAPI.DLL
0x00007fff3db80000 - 0x00007fff3dbd8000 	C:\Windows\system32\WS2_32.dll
0x00007fff36e10000 - 0x00007fff36e3a000 	C:\Windows\SYSTEM32\WINMMBASE.dll
0x00007fff3b8e0000 - 0x00007fff3b8e9000 	C:\Windows\system32\NSI.dll
0x00007fff3b710000 - 0x00007fff3b75a000 	C:\Windows\SYSTEM32\cfgmgr32.dll
0x00007fff3a0e0000 - 0x00007fff3a106000 	C:\Windows\SYSTEM32\DEVOBJ.dll
0x00007fff36500000 - 0x00007fff3650f000 	C:\android-studio\jre\jre\bin\verify.dll
0x00007fff34ca0000 - 0x00007fff34cc9000 	C:\android-studio\jre\jre\bin\java.dll
0x00007fff34c10000 - 0x00007fff34c26000 	C:\android-studio\jre\jre\bin\zip.dll
0x00007fff3b960000 - 0x00007fff3cd77000 	C:\Windows\system32\SHELL32.dll
0x00007fff3d980000 - 0x00007fff3db56000 	C:\Windows\SYSTEM32\combase.dll
0x00007fff3b900000 - 0x00007fff3b951000 	C:\Windows\system32\SHLWAPI.dll
0x00007fff396a0000 - 0x00007fff3973f000 	C:\Windows\SYSTEM32\SHCORE.dll
0x00007fff3b250000 - 0x00007fff3b264000 	C:\Windows\SYSTEM32\profapi.dll

VM Arguments:
jvm_args: -Djava.awt.headless=true -Xmx1024M -Dfile.encoding=windows-1252 -Duser.country=US -Duser.language=en -Duser.variant 
java_command: com.android.dx.command.Main --dex --force-jumbo --output C:\Users\Sid\AndroidStudioProjects\XMPPDemo\app\build\intermediates\pre-dexed\debug\main_f3037f9a60ea0c7a2b4c29ed22c4ce776dcae03d.jar C:\Users\Sid\AndroidStudioProjects\XMPPDemo\app\build\intermediates\transforms\instantRun\debug\folders\1\5\main
java_class_path (initial): C:\Users\Sid\sdk1\build-tools\22.0.1\lib\dx.jar
Launcher Type: SUN_STANDARD

Environment Variables:
JAVA_HOME=C:\Program Files\Java\jdk1.7.0_76
PATH=C:\Windows\system32;C:\Windows;C:\Windows\System32\Wbem;C:\Windows\System32\WindowsPowerShell\v1.0\;C:\Program Files (x86)\ATI Technologies\ATI.ACE\Core-Static;C:\Program Files\adb;C:\Python27;C:\Python27\Scripts;C:\Program Files (x86)\Heroku\bin;C:\Program Files (x86)\git\cmd;C:\Program Files (x86)\GnuWin32\bin;C:\OpenSSL\bin;C:\Program Files\Microsoft SQL Server\110\Tools\Binn\;%ANDROID_HOME%\tools;%ANDROID_HOME%\platform-tools,%JAVA_HOME%\bin;C:\Users\Sid\sdk1\tools;%ANT_HOME%\bin;C:\Users\Sid\sencha\Sencha\Cmd\5.1.2.52;C:\Program Files (x86)\Git\bin;C:\Program Files\Java\jdk1.7.0_76\bin;C:\Program Files\nodejs\;%USERPROFILE%\.dnx\bin;C:\Program Files\Microsoft DNX\Dnvm\;C:\Program Files (x86)\Windows Kits\8.1\Windows Performance Toolkit\;C:\Program Files\Microsoft\Web Platform Installer\;C:\Program Files (x86)\Skype\Phone\;C:\ffmpeg\bin;C:\rtmp;C:\Program Files\cURL\bin;C:\Windows\system32;C:\Windows;C:\Windows\System32\Wbem;C:\Windows\System32\WindowsPowerShell\v1.0\;C:\Program Files (x86)\ATI Technologies\ATI.ACE\Core-Static;C:\Program Files\adb;C:\Python27;C:\Python27\Scripts;C:\Program Files (x86)\Heroku\bin;C:\Program Files (x86)\git\cmd;C:\Program Files (x86)\GnuWin32\bin;C:\OpenSSL\bin;C:\Program Files\Microsoft SQL Server\110\Tools\Binn\;C:\Users\Sid\sdk1\tools;C:\Users\Sid\sdk1\platform-tools,C:\Program Files\Java\jdk1.7.0_76\bin;C:\ant\bin;C:\Users\Sid\sencha\Sencha\Cmd\5.1.2.52;C:\Program Files (x86)\Git\bin;C:\Program Files\Java\jdk1.7.0_76\bin;C:\Program Files\nodejs\;C:\Users\Sid\.dnx\bin;C:\Program Files\Microsoft DNX\Dnvm\;C:\Program Files (x86)\Windows Kits\8.1\Windows Performance Toolkit\;C:\Program Files\MATLAB\R2015b\bin;C:\Program Files\Microsoft\Web Platform Installer\;C:\Program Files (x86)\Skype\Phone\;C:\ffmpeg\bin;C:\rtmp;C:\Ruby21-x64\bin;C:\Users\Sid\AppData\Roaming\npm;C:\Users\Sid\AppData\Local\.meteor\
USERNAME=Sid
OS=Windows_NT
PROCESSOR_IDENTIFIER=Intel64 Family 6 Model 58 Stepping 9, GenuineIntel



---------------  S Y S T E M  ---------------

OS: Windows 8.1 , 64 bit Build 9600 (6.3.9600.17031)

CPU:total 4 (2 cores per cpu, 2 threads per core) family 6 model 58 stepping 9, cmov, cx8, fxsr, mmx, sse, sse2, sse3, ssse3, sse4.1, sse4.2, popcnt, avx, aes, clmul, erms, ht, tsc, tscinvbit, tscinv

Memory: 4k page, physical 4078900k(638976k free), swap 7224628k(138356k free)

vm_info: OpenJDK 64-Bit Server VM (25.76-b01) for windows-amd64 JRE (1.8.0_76-release-b01), built on May 12 2016 23:29:00 by "ralucas" with MS VC++ 10.0 (VS2010)

time: Fri Jun 10 04:57:17 2016
elapsed time: 2 seconds (0d 0h 0m 2s)

