#
# There is insufficient memory for the Java Runtime Environment to continue.
# Native memory allocation (malloc) failed to allocate 32744 bytes for ChunkPool::allocate
# Possible reasons:
#   The system is out of physical RAM or swap space
#   In 32 bit mode, the process size limit was hit
# Possible solutions:
#   Reduce memory load on the system
#   Increase physical memory or swap space
#   Check if swap backing store is full
#   Use 64 bit Java on a 64 bit OS
#   Decrease Java heap size (-Xmx/-Xms)
#   Decrease number of Java threads
#   Decrease Java thread stack sizes (-Xss)
#   Set larger code cache with -XX:ReservedCodeCacheSize=
# This output file may be truncated or incomplete.
#
#  Out of Memory Error (allocation.cpp:273), pid=13800, tid=0x00000000000006e8
#
# JRE version: OpenJDK Runtime Environment (8.0_76-b01) (build 1.8.0_76-release-b01)
# Java VM: OpenJDK 64-Bit Server VM (25.76-b01 mixed mode windows-amd64 compressed oops)
# Failed to write core dump. Minidumps are not enabled by default on client versions of Windows
#

---------------  T H R E A D  ---------------

Current thread (0x0000000014a3a000):  JavaThread "C2 CompilerThread0" daemon [_thread_in_native, id=1768, stack(0x0000000016060000,0x0000000016160000)]

Stack: [0x0000000016060000,0x0000000016160000]
[error occurred during error reporting (printing stack bounds), id 0xc0000005]

Native frames: (J=compiled Java code, j=interpreted, Vv=VM code, C=native code)


Current CompileTask:
C2:   1667  520       4       java.lang.String::compareTo (78 bytes)


---------------  P R O C E S S  ---------------

Java Threads: ( => current thread )
  0x0000000016263800 JavaThread "Service Thread" daemon [_thread_blocked, id=1420, stack(0x0000000016760000,0x0000000016860000)]
  0x0000000016260800 JavaThread "C1 CompilerThread2" daemon [_thread_in_native, id=4836, stack(0x0000000016660000,0x0000000016760000)]
  0x0000000014a86800 JavaThread "C2 CompilerThread1" daemon [_thread_blocked, id=3536, stack(0x0000000016160000,0x0000000016260000)]
=>0x0000000014a3a000 JavaThread "C2 CompilerThread0" daemon [_thread_in_native, id=1768, stack(0x0000000016060000,0x0000000016160000)]
  0x0000000014a37800 JavaThread "Attach Listener" daemon [_thread_blocked, id=3980, stack(0x0000000015f60000,0x0000000016060000)]
  0x0000000014a36000 JavaThread "Signal Dispatcher" daemon [_thread_blocked, id=14360, stack(0x0000000015e60000,0x0000000015f60000)]
  0x0000000014a18800 JavaThread "Finalizer" daemon [_thread_blocked, id=12668, stack(0x0000000015c80000,0x0000000015d80000)]
  0x00000000149f7000 JavaThread "Reference Handler" daemon [_thread_blocked, id=9956, stack(0x0000000015b80000,0x0000000015c80000)]
  0x00000000009cd800 JavaThread "main" [_thread_in_Java, id=2496, stack(0x0000000002160000,0x0000000002260000)]

Other Threads:
  0x00000000149f4800 VMThread [stack: 0x0000000015a80000,0x0000000015b80000] [id=10888]
  0x0000000016265800 WatcherThread [stack: 0x0000000016860000,0x0000000016960000] [id=1416]

VM state:not at safepoint (normal execution)

VM Mutex/Monitor currently owned by a thread: None

Heap:
 PSYoungGen      total 18944K, used 8481K [0x00000000eab00000, 0x00000000ec000000, 0x0000000100000000)
  eden space 16384K, 51% used [0x00000000eab00000,0x00000000eb348660,0x00000000ebb00000)
  from space 2560K, 0% used [0x00000000ebd80000,0x00000000ebd80000,0x00000000ec000000)
  to   space 2560K, 0% used [0x00000000ebb00000,0x00000000ebb00000,0x00000000ebd80000)
 ParOldGen       total 44032K, used 0K [0x00000000c0000000, 0x00000000c2b00000, 0x00000000eab00000)
  object space 44032K, 0% used [0x00000000c0000000,0x00000000c0000000,0x00000000c2b00000)
 Metaspace       used 5101K, capacity 6448K, committed 6528K, reserved 1056768K
  class space    used 533K, capacity 616K, committed 640K, reserved 1048576K

Card table byte_map: [0x0000000011720000,0x0000000011930000] byte_map_base: 0x0000000011120000

Marking Bits: (ParMarkBitMap*) 0x0000000054749d00
 Begin Bits: [0x0000000011e90000, 0x0000000012e90000)
 End Bits:   [0x0000000012e90000, 0x0000000013e90000)

Polling page: 0x00000000007e0000

CodeCache: size=245760Kb used=2120Kb max_used=2121Kb free=243639Kb
 bounds [0x0000000002360000, 0x00000000025d0000, 0x0000000011360000]
 total_blobs=767 nmethods=503 adapters=178
 compilation: enabled

Compilation events (10 events):
Event: 1.655 Thread 0x0000000016260800 nmethod 500 0x000000000256d310 code [0x000000000256d460, 0x000000000256d570]
Event: 1.655 Thread 0x0000000016260800  501       3       com.android.dx.cf.direct.AttributeListParser::parseIfNecessary (12 bytes)
Event: 1.655 Thread 0x0000000014a86800 nmethod 493 0x000000000256ca90 code [0x000000000256cc00, 0x000000000256cfc8]
Event: 1.656 Thread 0x0000000016260800 nmethod 501 0x0000000002573190 code [0x0000000002573300, 0x00000000025734c8]
Event: 1.656 Thread 0x0000000016260800  502       3       com.android.dx.util.ByteArray::getInt (47 bytes)
Event: 1.656 Thread 0x0000000016260800 nmethod 502 0x0000000002572990 code [0x0000000002572b20, 0x0000000002572f08]
Event: 1.656 Thread 0x0000000016260800  503       3       com.android.dx.rop.cst.CstMemberRef::compareTo0 (49 bytes)
Event: 1.658 Thread 0x0000000016260800 nmethod 503 0x0000000002570a90 code [0x0000000002570ce0, 0x0000000002572078]
Event: 1.658 Thread 0x0000000016260800  504   !   3       com.android.dx.cf.code.BytecodeArray::parseInstruction (2764 bytes)
Event: 1.665 Thread 0x0000000014a3a000  520       4       java.lang.String::compareTo (78 bytes)

GC Heap History (0 events):
No events

Deoptimization events (0 events):
No events

Internal exceptions (2 events):
Event: 0.157 Thread 0x00000000009cd800 Exception <a 'java/lang/NoSuchMethodError': Method sun.misc.Unsafe.defineClass(Ljava/lang/String;[BII)Ljava/lang/Class; name or signature does not match> (0x00000000eab07cc0) thrown at [C:\src\android\AOSP-openjdk\external\jetbrains\jdk\hotspot\src\share\vm_D;P$Ä?
Event: 0.157 Thread 0x00000000009cd800 Exception <a 'java/lang/NoSuchMethodError': Method sun.misc.Unsafe.prefetchRead(Ljava/lang/Object;J)V name or signature does not match> (0x00000000eab07fa8) thrown at [C:\src\android\AOSP-openjdk\external\jetbrains\jdk\hotspot\src\share\vm\prims\jni.cpp, l

Events (10 events):
Event: 1.648 loading class com/android/dx/cf/attrib/AttExceptions
Event: 1.648 loading class com/android/dx/cf/attrib/AttExceptions done
Event: 1.653 loading class com/android/dx/cf/attrib/AttLocalVariableTypeTable
Event: 1.653 loading class com/android/dx/cf/attrib/AttLocalVariableTypeTable done
Event: 1.661 loading class com/android/dx/dex/file/ParameterAnnotationStruct
Event: 1.661 loading class com/android/dx/dex/file/ParameterAnnotationStruct done
Event: 1.661 loading class com/android/dx/dex/file/UniformListItem
Event: 1.661 loading class com/android/dx/dex/file/UniformListItem done
Event: 1.662 loading class com/android/dx/dex/file/AnnotationSetRefItem
Event: 1.662 loading class com/android/dx/dex/file/AnnotationSetRefItem done


Dynamic libraries:
0x00007ff7f2bd0000 - 0x00007ff7f2c05000 	C:\android-studio\jre\bin\java.exe
0x00007fff3dee0000 - 0x00007fff3e08a000 	C:\Windows\SYSTEM32\ntdll.dll
0x00007fff3cfd0000 - 0x00007fff3d10a000 	C:\Windows\system32\KERNEL32.DLL
0x00007fff3b500000 - 0x00007fff3b610000 	C:\Windows\system32\KERNELBASE.dll
0x00007fff3cf20000 - 0x00007fff3cfc5000 	C:\Windows\system32\ADVAPI32.dll
0x00007fff3b760000 - 0x00007fff3b8d1000 	C:\Windows\system32\USER32.dll
0x00007fff38960000 - 0x00007fff38bba000 	C:\Windows\WinSxS\amd64_microsoft.windows.common-controls_6595b64144ccf1df_6.0.9600.17031_none_6242a4b3ecbb55a1\COMCTL32.dll
0x00007fff3d630000 - 0x00007fff3d6d7000 	C:\Windows\system32\msvcrt.dll
0x00007fff3ddd0000 - 0x00007fff3de27000 	C:\Windows\SYSTEM32\sechost.dll
0x00007fff3d840000 - 0x00007fff3d976000 	C:\Windows\system32\RPCRT4.dll
0x00007fff3d6f0000 - 0x00007fff3d835000 	C:\Windows\system32\GDI32.dll
0x00007fff3d4f0000 - 0x00007fff3d524000 	C:\Windows\system32\IMM32.DLL
0x00007fff3d110000 - 0x00007fff3d249000 	C:\Windows\system32\MSCTF.dll
0x0000000053eb0000 - 0x0000000053f82000 	C:\android-studio\jre\jre\bin\msvcr100.dll
0x0000000053f90000 - 0x00000000547c4000 	C:\android-studio\jre\jre\bin\server\jvm.dll
0x00007fff370d0000 - 0x00007fff370d9000 	C:\Windows\SYSTEM32\WSOCK32.dll
0x00007fff36e40000 - 0x00007fff36e5f000 	C:\Windows\SYSTEM32\WINMM.dll
0x00007fff33c90000 - 0x00007fff33c9a000 	C:\Windows\SYSTEM32\VERSION.dll
0x00007fff3ddc0000 - 0x00007fff3ddc7000 	C:\Windows\system32\PSAPI.DLL
0x00007fff3db80000 - 0x00007fff3dbd8000 	C:\Windows\system32\WS2_32.dll
0x00007fff36e10000 - 0x00007fff36e3a000 	C:\Windows\SYSTEM32\WINMMBASE.dll
0x00007fff3b8e0000 - 0x00007fff3b8e9000 	C:\Windows\system32\NSI.dll
0x00007fff3b710000 - 0x00007fff3b75a000 	C:\Windows\SYSTEM32\cfgmgr32.dll
0x00007fff3a0e0000 - 0x00007fff3a106000 	C:\Windows\SYSTEM32\DEVOBJ.dll
0x00007fff36500000 - 0x00007fff3650f000 	C:\android-studio\jre\jre\bin\verify.dll
0x00007fff34ca0000 - 0x00007fff34cc9000 	C:\android-studio\jre\jre\bin\java.dll
0x00007fff34c10000 - 0x00007fff34c26000 	C:\android-studio\jre\jre\bin\zip.dll
0x00007fff3b960000 - 0x00007fff3cd77000 	C:\Windows\system32\SHELL32.dll
0x00007fff3d980000 - 0x00007fff3db56000 	C:\Windows\SYSTEM32\combase.dll
0x00007fff3b900000 - 0x00007fff3b951000 	C:\Windows\system32\SHLWAPI.dll
0x00007fff396a0000 - 0x00007fff3973f000 	C:\Windows\SYSTEM32\SHCORE.dll
0x00007fff3b250000 - 0x00007fff3b264000 	C:\Windows\SYSTEM32\profapi.dll

VM Arguments:
jvm_args: -Djava.awt.headless=true -Xmx1024M -Dfile.encoding=windows-1252 -Duser.country=US -Duser.language=en -Duser.variant 
java_command: com.android.dx.command.Main --dex --force-jumbo --output C:\Users\Sid\AndroidStudioProjects\XMPPDemo\app\build\intermediates\pre-dexed\debug\com.android.support-animated-vector-drawable-23.4.0_14977f4b20f4b733d1e1f43e7ca43ab8ea594cc5.jar C:\Users\Sid\AndroidStudioProjects\XMPPDemo\app\build\intermediates\exploded-aar\com.android.support\animated-vector-drawable\23.4.0\jars\classes.jar
java_class_path (initial): C:\Users\Sid\sdk1\build-tools\22.0.1\lib\dx.jar
Launcher Type: SUN_STANDARD

Environment Variables:
JAVA_HOME=C:\Program Files\Java\jdk1.7.0_76
PATH=C:\Windows\system32;C:\Windows;C:\Windows\System32\Wbem;C:\Windows\System32\WindowsPowerShell\v1.0\;C:\Program Files (x86)\ATI Technologies\ATI.ACE\Core-Static;C:\Program Files\adb;C:\Python27;C:\Python27\Scripts;C:\Program Files (x86)\Heroku\bin;C:\Program Files (x86)\git\cmd;C:\Program Files (x86)\GnuWin32\bin;C:\OpenSSL\bin;C:\Program Files\Microsoft SQL Server\110\Tools\Binn\;%ANDROID_HOME%\tools;%ANDROID_HOME%\platform-tools,%JAVA_HOME%\bin;C:\Users\Sid\sdk1\tools;%ANT_HOME%\bin;C:\Users\Sid\sencha\Sencha\Cmd\5.1.2.52;C:\Program Files (x86)\Git\bin;C:\Program Files\Java\jdk1.7.0_76\bin;C:\Program Files\nodejs\;%USERPROFILE%\.dnx\bin;C:\Program Files\Microsoft DNX\Dnvm\;C:\Program Files (x86)\Windows Kits\8.1\Windows Performance Toolkit\;C:\Program Files\Microsoft\Web Platform Installer\;C:\Program Files (x86)\Skype\Phone\;C:\ffmpeg\bin;C:\rtmp;C:\Program Files\cURL\bin;C:\Windows\system32;C:\Windows;C:\Windows\System32\Wbem;C:\Windows\System32\WindowsPowerShell\v1.0\;C:\Program Files (x86)\ATI Technologies\ATI.ACE\Core-Static;C:\Program Files\adb;C:\Python27;C:\Python27\Scripts;C:\Program Files (x86)\Heroku\bin;C:\Program Files (x86)\git\cmd;C:\Program Files (x86)\GnuWin32\bin;C:\OpenSSL\bin;C:\Program Files\Microsoft SQL Server\110\Tools\Binn\;C:\Users\Sid\sdk1\tools;C:\Users\Sid\sdk1\platform-tools,C:\Program Files\Java\jdk1.7.0_76\bin;C:\ant\bin;C:\Users\Sid\sencha\Sencha\Cmd\5.1.2.52;C:\Program Files (x86)\Git\bin;C:\Program Files\Java\jdk1.7.0_76\bin;C:\Program Files\nodejs\;C:\Users\Sid\.dnx\bin;C:\Program Files\Microsoft DNX\Dnvm\;C:\Program Files (x86)\Windows Kits\8.1\Windows Performance Toolkit\;C:\Program Files\MATLAB\R2015b\bin;C:\Program Files\Microsoft\Web Platform Installer\;C:\Program Files (x86)\Skype\Phone\;C:\ffmpeg\bin;C:\rtmp;C:\Ruby21-x64\bin;C:\Users\Sid\AppData\Roaming\npm;C:\Users\Sid\AppData\Local\.meteor\
USERNAME=Sid
OS=Windows_NT
PROCESSOR_IDENTIFIER=Intel64 Family 6 Model 58 Stepping 9, GenuineIntel



---------------  S Y S T E M  ---------------

OS: Windows 8.1 , 64 bit Build 9600 (6.3.9600.17031)

CPU:total 4 (2 cores per cpu, 2 threads per core) family 6 model 58 stepping 9, cmov, cx8, fxsr, mmx, sse, sse2, sse3, ssse3, sse4.1, sse4.2, popcnt, avx, aes, clmul, erms, ht, tsc, tscinvbit, tscinv

Memory: 4k page, physical 4078900k(619152k free), swap 7224628k(5132k free)

vm_info: OpenJDK 64-Bit Server VM (25.76-b01) for windows-amd64 JRE (1.8.0_76-release-b01), built on May 12 2016 23:29:00 by "ralucas" with MS VC++ 10.0 (VS2010)

time: Fri Jun 10 04:57:17 2016
elapsed time: 1 seconds (0d 0h 0m 1s)

