#
# There is insufficient memory for the Java Runtime Environment to continue.
# Native memory allocation (malloc) failed to allocate 297136 bytes for Chunk::new
# Possible reasons:
#   The system is out of physical RAM or swap space
#   In 32 bit mode, the process size limit was hit
# Possible solutions:
#   Reduce memory load on the system
#   Increase physical memory or swap space
#   Check if swap backing store is full
#   Use 64 bit Java on a 64 bit OS
#   Decrease Java heap size (-Xmx/-Xms)
#   Decrease number of Java threads
#   Decrease Java thread stack sizes (-Xss)
#   Set larger code cache with -XX:ReservedCodeCacheSize=
# This output file may be truncated or incomplete.
#
#  Out of Memory Error (allocation.cpp:390), pid=13840, tid=0x000000000000391c
#
# JRE version: OpenJDK Runtime Environment (8.0_76-b01) (build 1.8.0_76-release-b01)
# Java VM: OpenJDK 64-Bit Server VM (25.76-b01 mixed mode windows-amd64 compressed oops)
# Failed to write core dump. Minidumps are not enabled by default on client versions of Windows
#

---------------  T H R E A D  ---------------

Current thread (0x0000000014fde800):  JavaThread "C2 CompilerThread1" daemon [_thread_in_native, id=14620, stack(0x00000000166d0000,0x00000000167d0000)]

Stack: [0x00000000166d0000,0x00000000167d0000]
[error occurred during error reporting (printing stack bounds), id 0xc0000005]

Native frames: (J=compiled Java code, j=interpreted, Vv=VM code, C=native code)


Current CompileTask:
C2:   1424 1117       4       com.android.dx.ssa.SsaBasicBlock::forEachInsn (37 bytes)


---------------  P R O C E S S  ---------------

Java Threads: ( => current thread )
  0x00000000168eb000 JavaThread "Service Thread" daemon [_thread_blocked, id=4120, stack(0x0000000016cd0000,0x0000000016dd0000)]
  0x0000000014feb000 JavaThread "C1 CompilerThread2" daemon [_thread_in_native, id=8768, stack(0x00000000167d0000,0x00000000168d0000)]
=>0x0000000014fde800 JavaThread "C2 CompilerThread1" daemon [_thread_in_native, id=14620, stack(0x00000000166d0000,0x00000000167d0000)]
  0x0000000014f99800 JavaThread "C2 CompilerThread0" daemon [_thread_in_native, id=5316, stack(0x00000000165d0000,0x00000000166d0000)]
  0x0000000014f97000 JavaThread "Attach Listener" daemon [_thread_blocked, id=14848, stack(0x00000000164d0000,0x00000000165d0000)]
  0x0000000014f95000 JavaThread "Signal Dispatcher" daemon [_thread_blocked, id=8288, stack(0x00000000163d0000,0x00000000164d0000)]
  0x0000000014f78800 JavaThread "Finalizer" daemon [_thread_blocked, id=1676, stack(0x00000000161f0000,0x00000000162f0000)]
  0x0000000014f57000 JavaThread "Reference Handler" daemon [_thread_blocked, id=12440, stack(0x00000000160f0000,0x00000000161f0000)]
  0x0000000000edd800 JavaThread "main" [_thread_in_vm, id=6140, stack(0x00000000026c0000,0x00000000027c0000)]

Other Threads:
  0x0000000014f55800 VMThread [stack: 0x0000000015ff0000,0x00000000160f0000] [id=1648]
  0x00000000168ed000 WatcherThread [stack: 0x0000000016dd0000,0x0000000016ed0000] [id=10468]

VM state:not at safepoint (normal execution)

VM Mutex/Monitor currently owned by a thread: None

Heap:
 PSYoungGen      total 18944K, used 5993K [0x00000000eab00000, 0x00000000ec000000, 0x0000000100000000)
  eden space 16384K, 20% used [0x00000000eab00000,0x00000000eae5bc58,0x00000000ebb00000)
  from space 2560K, 99% used [0x00000000ebb00000,0x00000000ebd7ea98,0x00000000ebd80000)
  to   space 2560K, 0% used [0x00000000ebd80000,0x00000000ebd80000,0x00000000ec000000)
 ParOldGen       total 44032K, used 1811K [0x00000000c0000000, 0x00000000c2b00000, 0x00000000eab00000)
  object space 44032K, 4% used [0x00000000c0000000,0x00000000c01c4d50,0x00000000c2b00000)
 Metaspace       used 5585K, capacity 6896K, committed 7040K, reserved 1056768K
  class space    used 535K, capacity 616K, committed 640K, reserved 1048576K

Card table byte_map: [0x0000000011c80000,0x0000000011e90000] byte_map_base: 0x0000000011680000

Marking Bits: (ParMarkBitMap*) 0x0000000054749d00
 Begin Bits: [0x00000000123f0000, 0x00000000133f0000)
 End Bits:   [0x00000000133f0000, 0x00000000143f0000)

Polling page: 0x0000000000ec0000

CodeCache: size=245760Kb used=4745Kb max_used=4745Kb free=241014Kb
 bounds [0x00000000028c0000, 0x0000000002d70000, 0x00000000118c0000]
 total_blobs=1402 nmethods=1138 adapters=178
 compilation: enabled

Compilation events (10 events):
Event: 1.408 Thread 0x0000000014feb000 nmethod 1136 0x0000000002d62ed0 code [0x0000000002d63040, 0x0000000002d63368]
Event: 1.408 Thread 0x0000000014feb000 1139       3       com.android.dx.cf.direct.AttributeListParser::getList (9 bytes)
Event: 1.408 Thread 0x0000000014feb000 nmethod 1139 0x0000000002d63450 code [0x0000000002d635c0, 0x0000000002d63808]
Event: 1.408 Thread 0x0000000014feb000 1138       3       com.android.dx.cf.code.LocalVariableList::set (23 bytes)
Event: 1.409 Thread 0x0000000014feb000 nmethod 1138 0x0000000002d638d0 code [0x0000000002d63ac0, 0x0000000002d643b8]
Event: 1.417 Thread 0x0000000014feb000 1141       1       com.android.dx.dex.file.DexFile::getStringIds (5 bytes)
Event: 1.417 Thread 0x0000000014feb000 nmethod 1141 0x0000000002d64ad0 code [0x0000000002d64c20, 0x0000000002d64d30]
Event: 1.417 Thread 0x0000000014feb000 1142       3       com.android.dx.rop.cst.CstString::stringToUtf8Bytes (175 bytes)
Event: 1.418 Thread 0x0000000014feb000 nmethod 1142 0x0000000002d64d90 code [0x0000000002d64f60, 0x0000000002d657d8]
Event: 1.419 Thread 0x0000000014feb000 1143       3       com.android.dx.ssa.ConstCollector::getConstsSortedByCountUse (386 bytes)

GC Heap History (2 events):
Event: 1.235 GC heap before
{Heap before GC invocations=1 (full 0):
 PSYoungGen      total 18944K, used 16384K [0x00000000eab00000, 0x00000000ec000000, 0x0000000100000000)
  eden space 16384K, 100% used [0x00000000eab00000,0x00000000ebb00000,0x00000000ebb00000)
  from space 2560K, 0% used [0x00000000ebd80000,0x00000000ebd80000,0x00000000ec000000)
  to   space 2560K, 0% used [0x00000000ebb00000,0x00000000ebb00000,0x00000000ebd80000)
 ParOldGen       total 44032K, used 0K [0x00000000c0000000, 0x00000000c2b00000, 0x00000000eab00000)
  object space 44032K, 0% used [0x00000000c0000000,0x00000000c0000000,0x00000000c2b00000)
 Metaspace       used 5510K, capacity 6832K, committed 7040K, reserved 1056768K
  class space    used 535K, capacity 616K, committed 640K, reserved 1048576K
Event: 1.242 GC heap after
Heap after GC invocations=1 (full 0):
 PSYoungGen      total 18944K, used 2554K [0x00000000eab00000, 0x00000000ec000000, 0x0000000100000000)
  eden space 16384K, 0% used [0x00000000eab00000,0x00000000eab00000,0x00000000ebb00000)
  from space 2560K, 99% used [0x00000000ebb00000,0x00000000ebd7ea98,0x00000000ebd80000)
  to   space 2560K, 0% used [0x00000000ebd80000,0x00000000ebd80000,0x00000000ec000000)
 ParOldGen       total 44032K, used 1811K [0x00000000c0000000, 0x00000000c2b00000, 0x00000000eab00000)
  object space 44032K, 4% used [0x00000000c0000000,0x00000000c01c4d50,0x00000000c2b00000)
 Metaspace       used 5510K, capacity 6832K, committed 7040K, reserved 1056768K
  class space    used 535K, capacity 616K, committed 640K, reserved 1048576K
}

Deoptimization events (8 events):
Event: 0.845 Thread 0x0000000000edd800 Uncommon trap: reason=unstable_if action=reinterpret pc=0x0000000002add770 method=java.util.BitSet.nextSetBit(I)I @ 87
Event: 0.851 Thread 0x0000000000edd800 Uncommon trap: reason=unstable_if action=reinterpret pc=0x0000000002ac261c method=java.util.HashMap.getNode(ILjava/lang/Object;)Ljava/util/HashMap$Node; @ 129
Event: 1.198 Thread 0x0000000000edd800 Uncommon trap: reason=class_check action=maybe_recompile pc=0x0000000002b821d4 method=com.android.dx.ssa.NormalSsaInsn.accept(Lcom/android/dx/ssa/SsaInsn$Visitor;)V @ 9
Event: 1.360 Thread 0x0000000000edd800 Uncommon trap: reason=unstable_if action=reinterpret pc=0x0000000002ce5e84 method=com.android.dx.rop.code.RegisterSpecSet.<init>(I)V @ 2
Event: 1.376 Thread 0x0000000000edd800 Uncommon trap: reason=class_check action=maybe_recompile pc=0x0000000002b821d4 method=com.android.dx.ssa.NormalSsaInsn.accept(Lcom/android/dx/ssa/SsaInsn$Visitor;)V @ 9
Event: 1.376 Thread 0x0000000000edd800 Uncommon trap: reason=class_check action=maybe_recompile pc=0x0000000002b821d4 method=com.android.dx.ssa.NormalSsaInsn.accept(Lcom/android/dx/ssa/SsaInsn$Visitor;)V @ 9
Event: 1.376 Thread 0x0000000000edd800 Uncommon trap: reason=class_check action=maybe_recompile pc=0x0000000002b821d4 method=com.android.dx.ssa.NormalSsaInsn.accept(Lcom/android/dx/ssa/SsaInsn$Visitor;)V @ 9
Event: 1.376 Thread 0x0000000000edd800 Uncommon trap: reason=class_check action=maybe_recompile pc=0x0000000002b30930 method=com.android.dx.ssa.NormalSsaInsn.accept(Lcom/android/dx/ssa/SsaInsn$Visitor;)V @ 9

Internal exceptions (2 events):
Event: 0.074 Thread 0x0000000000edd800 Exception <a 'java/lang/NoSuchMethodError': Method sun.misc.Unsafe.defineClass(Ljava/lang/String;[BII)Ljava/lang/Class; name or signature does not match> (0x00000000eab07cc0) thrown at [C:\src\android\AOSP-openjdk\external\jetbrains\jdk\hotspot\src\share\vë[œ9ø³?
Event: 0.074 Thread 0x0000000000edd800 Exception <a 'java/lang/NoSuchMethodError': Method sun.misc.Unsafe.prefetchRead(Ljava/lang/Object;J)V name or signature does not match> (0x00000000eab07fa8) thrown at [C:\src\android\AOSP-openjdk\external\jetbrains\jdk\hotspot\src\share\vm\prims\jni.cpp, l

Events (10 events):
Event: 1.376 Thread 0x0000000000edd800 DEOPT UNPACKING pc=0x000000000290556a sp=0x00000000027beaf0 mode 2
Event: 1.376 Thread 0x0000000000edd800 Uncommon trap: trap_request=0xffffffde fr.pc=0x0000000002b821d4
Event: 1.376 Thread 0x0000000000edd800 DEOPT PACKING pc=0x0000000002b821d4 sp=0x00000000027be840
Event: 1.376 Thread 0x0000000000edd800 DEOPT UNPACKING pc=0x000000000290556a sp=0x00000000027be780 mode 2
Event: 1.376 Thread 0x0000000000edd800 Uncommon trap: trap_request=0xffffffde fr.pc=0x0000000002b821d4
Event: 1.376 Thread 0x0000000000edd800 DEOPT PACKING pc=0x0000000002b821d4 sp=0x00000000027be860
Event: 1.376 Thread 0x0000000000edd800 DEOPT UNPACKING pc=0x000000000290556a sp=0x00000000027be7a0 mode 2
Event: 1.376 Thread 0x0000000000edd800 Uncommon trap: trap_request=0xffffffde fr.pc=0x0000000002b30930
Event: 1.376 Thread 0x0000000000edd800 DEOPT PACKING pc=0x0000000002b30930 sp=0x00000000027bead0
Event: 1.376 Thread 0x0000000000edd800 DEOPT UNPACKING pc=0x000000000290556a sp=0x00000000027bea70 mode 2


Dynamic libraries:
0x00007ff7f2bd0000 - 0x00007ff7f2c05000 	C:\android-studio\jre\bin\java.exe
0x00007fff3dee0000 - 0x00007fff3e08a000 	C:\Windows\SYSTEM32\ntdll.dll
0x00007fff3cfd0000 - 0x00007fff3d10a000 	C:\Windows\system32\KERNEL32.DLL
0x00007fff3b500000 - 0x00007fff3b610000 	C:\Windows\system32\KERNELBASE.dll
0x00007fff3cf20000 - 0x00007fff3cfc5000 	C:\Windows\system32\ADVAPI32.dll
0x00007fff3b760000 - 0x00007fff3b8d1000 	C:\Windows\system32\USER32.dll
0x00007fff38960000 - 0x00007fff38bba000 	C:\Windows\WinSxS\amd64_microsoft.windows.common-controls_6595b64144ccf1df_6.0.9600.17031_none_6242a4b3ecbb55a1\COMCTL32.dll
0x00007fff3d630000 - 0x00007fff3d6d7000 	C:\Windows\system32\msvcrt.dll
0x00007fff3ddd0000 - 0x00007fff3de27000 	C:\Windows\SYSTEM32\sechost.dll
0x00007fff3d840000 - 0x00007fff3d976000 	C:\Windows\system32\RPCRT4.dll
0x00007fff3d6f0000 - 0x00007fff3d835000 	C:\Windows\system32\GDI32.dll
0x00007fff3d4f0000 - 0x00007fff3d524000 	C:\Windows\system32\IMM32.DLL
0x00007fff3d110000 - 0x00007fff3d249000 	C:\Windows\system32\MSCTF.dll
0x0000000053eb0000 - 0x0000000053f82000 	C:\android-studio\jre\jre\bin\msvcr100.dll
0x0000000053f90000 - 0x00000000547c4000 	C:\android-studio\jre\jre\bin\server\jvm.dll
0x00007fff370d0000 - 0x00007fff370d9000 	C:\Windows\SYSTEM32\WSOCK32.dll
0x00007fff36e40000 - 0x00007fff36e5f000 	C:\Windows\SYSTEM32\WINMM.dll
0x00007fff33c90000 - 0x00007fff33c9a000 	C:\Windows\SYSTEM32\VERSION.dll
0x00007fff3ddc0000 - 0x00007fff3ddc7000 	C:\Windows\system32\PSAPI.DLL
0x00007fff3db80000 - 0x00007fff3dbd8000 	C:\Windows\system32\WS2_32.dll
0x00007fff36e10000 - 0x00007fff36e3a000 	C:\Windows\SYSTEM32\WINMMBASE.dll
0x00007fff3b8e0000 - 0x00007fff3b8e9000 	C:\Windows\system32\NSI.dll
0x00007fff3b710000 - 0x00007fff3b75a000 	C:\Windows\SYSTEM32\cfgmgr32.dll
0x00007fff3a0e0000 - 0x00007fff3a106000 	C:\Windows\SYSTEM32\DEVOBJ.dll
0x00007fff36500000 - 0x00007fff3650f000 	C:\android-studio\jre\jre\bin\verify.dll
0x00007fff34ca0000 - 0x00007fff34cc9000 	C:\android-studio\jre\jre\bin\java.dll
0x00007fff34c10000 - 0x00007fff34c26000 	C:\android-studio\jre\jre\bin\zip.dll
0x00007fff3b960000 - 0x00007fff3cd77000 	C:\Windows\system32\SHELL32.dll
0x00007fff3d980000 - 0x00007fff3db56000 	C:\Windows\SYSTEM32\combase.dll
0x00007fff3b900000 - 0x00007fff3b951000 	C:\Windows\system32\SHLWAPI.dll
0x00007fff396a0000 - 0x00007fff3973f000 	C:\Windows\SYSTEM32\SHCORE.dll
0x00007fff3b250000 - 0x00007fff3b264000 	C:\Windows\SYSTEM32\profapi.dll

VM Arguments:
jvm_args: -Djava.awt.headless=true -Xmx1024M -Dfile.encoding=windows-1252 -Duser.country=US -Duser.language=en -Duser.variant 
java_command: com.android.dx.command.Main --dex --force-jumbo --output C:\Users\Sid\AndroidStudioProjects\XMPPDemo\app\build\intermediates\pre-dexed\debug\smack-core-4.1.0_776676de40addedc337725312d3ce73c4208c95f.jar C:\Users\Sid\.gradle\caches\modules-2\files-2.1\org.igniterealtime.smack\smack-core\4.1.0\ad5c17dc5fe7f383118c5a3f1818b8789b697930\smack-core-4.1.0.jar
java_class_path (initial): C:\Users\Sid\sdk1\build-tools\22.0.1\lib\dx.jar
Launcher Type: SUN_STANDARD

Environment Variables:
JAVA_HOME=C:\Program Files\Java\jdk1.7.0_76
PATH=C:\Windows\system32;C:\Windows;C:\Windows\System32\Wbem;C:\Windows\System32\WindowsPowerShell\v1.0\;C:\Program Files (x86)\ATI Technologies\ATI.ACE\Core-Static;C:\Program Files\adb;C:\Python27;C:\Python27\Scripts;C:\Program Files (x86)\Heroku\bin;C:\Program Files (x86)\git\cmd;C:\Program Files (x86)\GnuWin32\bin;C:\OpenSSL\bin;C:\Program Files\Microsoft SQL Server\110\Tools\Binn\;%ANDROID_HOME%\tools;%ANDROID_HOME%\platform-tools,%JAVA_HOME%\bin;C:\Users\Sid\sdk1\tools;%ANT_HOME%\bin;C:\Users\Sid\sencha\Sencha\Cmd\5.1.2.52;C:\Program Files (x86)\Git\bin;C:\Program Files\Java\jdk1.7.0_76\bin;C:\Program Files\nodejs\;%USERPROFILE%\.dnx\bin;C:\Program Files\Microsoft DNX\Dnvm\;C:\Program Files (x86)\Windows Kits\8.1\Windows Performance Toolkit\;C:\Program Files\Microsoft\Web Platform Installer\;C:\Program Files (x86)\Skype\Phone\;C:\ffmpeg\bin;C:\rtmp;C:\Program Files\cURL\bin;C:\Windows\system32;C:\Windows;C:\Windows\System32\Wbem;C:\Windows\System32\WindowsPowerShell\v1.0\;C:\Program Files (x86)\ATI Technologies\ATI.ACE\Core-Static;C:\Program Files\adb;C:\Python27;C:\Python27\Scripts;C:\Program Files (x86)\Heroku\bin;C:\Program Files (x86)\git\cmd;C:\Program Files (x86)\GnuWin32\bin;C:\OpenSSL\bin;C:\Program Files\Microsoft SQL Server\110\Tools\Binn\;C:\Users\Sid\sdk1\tools;C:\Users\Sid\sdk1\platform-tools,C:\Program Files\Java\jdk1.7.0_76\bin;C:\ant\bin;C:\Users\Sid\sencha\Sencha\Cmd\5.1.2.52;C:\Program Files (x86)\Git\bin;C:\Program Files\Java\jdk1.7.0_76\bin;C:\Program Files\nodejs\;C:\Users\Sid\.dnx\bin;C:\Program Files\Microsoft DNX\Dnvm\;C:\Program Files (x86)\Windows Kits\8.1\Windows Performance Toolkit\;C:\Program Files\MATLAB\R2015b\bin;C:\Program Files\Microsoft\Web Platform Installer\;C:\Program Files (x86)\Skype\Phone\;C:\ffmpeg\bin;C:\rtmp;C:\Ruby21-x64\bin;C:\Users\Sid\AppData\Roaming\npm;C:\Users\Sid\AppData\Local\.meteor\
USERNAME=Sid
OS=Windows_NT
PROCESSOR_IDENTIFIER=Intel64 Family 6 Model 58 Stepping 9, GenuineIntel



---------------  S Y S T E M  ---------------

OS: Windows 8.1 , 64 bit Build 9600 (6.3.9600.17031)

CPU:total 4 (2 cores per cpu, 2 threads per core) family 6 model 58 stepping 9, cmov, cx8, fxsr, mmx, sse, sse2, sse3, ssse3, sse4.1, sse4.2, popcnt, avx, aes, clmul, erms, ht, tsc, tscinvbit, tscinv

Memory: 4k page, physical 4078900k(721060k free), swap 7224628k(5176k free)

vm_info: OpenJDK 64-Bit Server VM (25.76-b01) for windows-amd64 JRE (1.8.0_76-release-b01), built on May 12 2016 23:29:00 by "ralucas" with MS VC++ 10.0 (VS2010)

time: Fri Jun 10 15:09:21 2016
elapsed time: 1 seconds (0d 0h 0m 1s)

