#
# There is insufficient memory for the Java Runtime Environment to continue.
# Native memory allocation (malloc) failed to allocate 1048576 bytes for AllocateHeap
# Possible reasons:
#   The system is out of physical RAM or swap space
#   In 32 bit mode, the process size limit was hit
# Possible solutions:
#   Reduce memory load on the system
#   Increase physical memory or swap space
#   Check if swap backing store is full
#   Use 64 bit Java on a 64 bit OS
#   Decrease Java heap size (-Xmx/-Xms)
#   Decrease number of Java threads
#   Decrease Java thread stack sizes (-Xss)
#   Set larger code cache with -XX:ReservedCodeCacheSize=
# This output file may be truncated or incomplete.
#
#  Out of Memory Error (memory/allocation.inline.hpp:61), pid=2956, tid=0x0000000000000fd8
#
# JRE version:  (8.0_76-b01) (build )
# Java VM: OpenJDK 64-Bit Server VM (25.76-b01 mixed mode windows-amd64 compressed oops)
# Failed to write core dump. Minidumps are not enabled by default on client versions of Windows
#

---------------  T H R E A D  ---------------

Current thread (0x000000000204d800):  JavaThread "Unknown thread" [_thread_in_vm, id=4056, stack(0x0000000001ee0000,0x0000000001fe0000)]

Stack: [0x0000000001ee0000,0x0000000001fe0000]
[error occurred during error reporting (printing stack bounds), id 0xc0000005]

Native frames: (J=compiled Java code, j=interpreted, Vv=VM code, C=native code)


---------------  P R O C E S S  ---------------

Java Threads: ( => current thread )

Other Threads:

=>0x000000000204d800 (exited) JavaThread "Unknown thread" [_thread_in_vm, id=4056, stack(0x0000000001ee0000,0x0000000001fe0000)]

VM state:not at safepoint (normal execution)

VM Mutex/Monitor currently owned by a thread: None

Heap:
 PSYoungGen      total 18944K, used 327K [0x00000000eab00000, 0x00000000ec000000, 0x0000000100000000)
  eden space 16384K, 2% used [0x00000000eab00000,0x00000000eab51ec8,0x00000000ebb00000)
  from space 2560K, 0% used [0x00000000ebd80000,0x00000000ebd80000,0x00000000ec000000)
  to   space 2560K, 0% used [0x00000000ebb00000,0x00000000ebb00000,0x00000000ebd80000)
 ParOldGen       total 44032K, used 0K [0x00000000c0000000, 0x00000000c2b00000, 0x00000000eab00000)
  object space 44032K, 0% used [0x00000000c0000000,0x00000000c0000000,0x00000000c2b00000)
 Metaspace       used 771K, capacity 4480K, committed 4480K, reserved 1056768K
  class space    used 73K, capacity 384K, committed 384K, reserved 1048576K

Card table byte_map: [0x0000000011510000,0x0000000011720000] byte_map_base: 0x0000000010f10000

Marking Bits: (ParMarkBitMap*) 0x0000000061729d00
 Begin Bits: [0x0000000011c80000, 0x0000000012c80000)
 End Bits:   [0x0000000012c80000, 0x0000000013c80000)

Polling page: 0x0000000001e80000

CodeCache: size=245760Kb used=328Kb max_used=328Kb free=245431Kb
 bounds [0x0000000002150000, 0x00000000023c0000, 0x0000000011150000]
 total_blobs=57 nmethods=0 adapters=38
 compilation: enabled

Compilation events (0 events):
No events

GC Heap History (0 events):
No events

Deoptimization events (0 events):
No events

Internal exceptions (0 events):
No events

Events (10 events):
Event: 0.026 loading class java/lang/Short
Event: 0.027 loading class java/lang/Short done
Event: 0.027 loading class java/lang/Integer
Event: 0.027 loading class java/lang/Integer done
Event: 0.027 loading class java/lang/Long
Event: 0.027 loading class java/lang/Long done
Event: 0.028 loading class java/lang/NullPointerException
Event: 0.028 loading class java/lang/NullPointerException done
Event: 0.028 loading class java/lang/ArithmeticException
Event: 0.028 loading class java/lang/ArithmeticException done


Dynamic libraries:
0x00007ff7da5f0000 - 0x00007ff7da625000 	C:\android-studio\jre\bin\java.exe
0x00007ffe32710000 - 0x00007ffe328ba000 	C:\Windows\SYSTEM32\ntdll.dll
0x00007ffe303e0000 - 0x00007ffe3051a000 	C:\Windows\system32\KERNEL32.DLL
0x00007ffe2fba0000 - 0x00007ffe2fcb0000 	C:\Windows\system32\KERNELBASE.dll
0x00007ffe32600000 - 0x00007ffe326a5000 	C:\Windows\system32\ADVAPI32.dll
0x00007ffe308e0000 - 0x00007ffe30a51000 	C:\Windows\system32\USER32.dll
0x00007ffe2d2f0000 - 0x00007ffe2d54a000 	C:\Windows\WinSxS\amd64_microsoft.windows.common-controls_6595b64144ccf1df_6.0.9600.17031_none_6242a4b3ecbb55a1\COMCTL32.dll
0x00007ffe30b20000 - 0x00007ffe30bc7000 	C:\Windows\system32\msvcrt.dll
0x00007ffe30fe0000 - 0x00007ffe31037000 	C:\Windows\SYSTEM32\sechost.dll
0x00007ffe307a0000 - 0x00007ffe308d6000 	C:\Windows\system32\RPCRT4.dll
0x00007ffe30640000 - 0x00007ffe30785000 	C:\Windows\system32\GDI32.dll
0x00007ffe30bd0000 - 0x00007ffe30c04000 	C:\Windows\system32\IMM32.DLL
0x00007ffe30050000 - 0x00007ffe30189000 	C:\Windows\system32\MSCTF.dll
0x0000000061800000 - 0x00000000618d2000 	C:\android-studio\jre\jre\bin\msvcr100.dll
0x0000000060f70000 - 0x00000000617a4000 	C:\android-studio\jre\jre\bin\server\jvm.dll
0x00007ffe292e0000 - 0x00007ffe292e9000 	C:\Windows\SYSTEM32\WSOCK32.dll
0x00007ffe2bb90000 - 0x00007ffe2bbaf000 	C:\Windows\SYSTEM32\WINMM.dll
0x00007ffe284c0000 - 0x00007ffe284ca000 	C:\Windows\SYSTEM32\VERSION.dll
0x00007ffe30fd0000 - 0x00007ffe30fd7000 	C:\Windows\system32\PSAPI.DLL
0x00007ffe30ac0000 - 0x00007ffe30b18000 	C:\Windows\system32\WS2_32.dll
0x00007ffe2bac0000 - 0x00007ffe2baea000 	C:\Windows\SYSTEM32\WINMMBASE.dll
0x00007ffe30790000 - 0x00007ffe30799000 	C:\Windows\system32\NSI.dll
0x00007ffe2fcb0000 - 0x00007ffe2fcfa000 	C:\Windows\SYSTEM32\cfgmgr32.dll
0x00007ffe2e910000 - 0x00007ffe2e936000 	C:\Windows\SYSTEM32\DEVOBJ.dll
0x00007ffe28770000 - 0x00007ffe2877f000 	C:\android-studio\jre\jre\bin\verify.dll
0x00007ffe27b50000 - 0x00007ffe27b79000 	C:\android-studio\jre\jre\bin\java.dll
0x00007ffe27c60000 - 0x00007ffe27c76000 	C:\android-studio\jre\jre\bin\zip.dll

VM Arguments:
jvm_args: -Djava.awt.headless=true -Xmx1024M -Dfile.encoding=windows-1252 -Duser.country=US -Duser.language=en -Duser.variant 
java_command: com.android.dx.command.Main --dex --force-jumbo --multi-dex --output C:\Users\Sid\AndroidStudioProjects\XMPPDemo\app\build\intermediates\transforms\dex\debug\folders\1000\10\smack-android-extensions-4.1.0_8265bac8ce4a135f0505c10fca623d780c672766 C:\Users\Sid\.gradle\caches\modules-2\files-2.1\org.igniterealtime.smack\smack-android-extensions\4.1.0\355b8e606f77ae354e86a84755d2dab9f7536121\smack-android-extensions-4.1.0.jar
java_class_path (initial): C:\Users\Sid\sdk1\build-tools\22.0.1\lib\dx.jar
Launcher Type: SUN_STANDARD

Environment Variables:
JAVA_HOME=C:\Program Files\Java\jdk1.7.0_76
PATH=C:\Windows\system32;C:\Windows;C:\Windows\System32\Wbem;C:\Windows\System32\WindowsPowerShell\v1.0\;C:\Program Files (x86)\ATI Technologies\ATI.ACE\Core-Static;C:\Program Files\adb;C:\Python27;C:\Python27\Scripts;C:\Program Files (x86)\Heroku\bin;C:\Program Files (x86)\git\cmd;C:\Program Files (x86)\GnuWin32\bin;C:\OpenSSL\bin;C:\Program Files\Microsoft SQL Server\110\Tools\Binn\;%ANDROID_HOME%\tools;%ANDROID_HOME%\platform-tools,%JAVA_HOME%\bin;C:\Users\Sid\sdk1\tools;%ANT_HOME%\bin;C:\Users\Sid\sencha\Sencha\Cmd\5.1.2.52;C:\Program Files (x86)\Git\bin;C:\Program Files\Java\jdk1.7.0_76\bin;C:\Program Files\nodejs\;C:\Windows\system32\config\systemprofile\.dnx\bin;C:\Program Files\Microsoft DNX\Dnvm\;C:\Program Files (x86)\Windows Kits\8.1\Windows Performance Toolkit\;C:\Program Files\Microsoft\Web Platform Installer\;C:\Program Files (x86)\Skype\Phone\;C:\ffmpeg\bin;C:\rtmp;C:\Program Files\cURL\bin;C:\Windows\system32;C:\Windows;C:\Windows\System32\Wbem;C:\Windows\System32\WindowsPowerShell\v1.0\;C:\Program Files (x86)\ATI Technologies\ATI.ACE\Core-Static;C:\Program Files\adb;C:\Python27;C:\Python27\Scripts;C:\Program Files (x86)\Heroku\bin;C:\Program Files (x86)\git\cmd;C:\Program Files (x86)\GnuWin32\bin;C:\OpenSSL\bin;C:\Program Files\Microsoft SQL Server\110\Tools\Binn\;C:\Users\Sid\sdk1\tools;C:\Users\Sid\sdk1\platform-tools,C:\Program Files\Java\jdk1.7.0_76\bin;C:\ant\bin;C:\Users\Sid\sencha\Sencha\Cmd\5.1.2.52;C:\Program Files (x86)\Git\bin;C:\Program Files\Java\jdk1.7.0_76\bin;C:\Program Files\nodejs\;C:\Users\Sid\.dnx\bin;C:\Program Files\Microsoft DNX\Dnvm\;C:\Program Files (x86)\Windows Kits\8.1\Windows Performance Toolkit\;C:\Program Files\MATLAB\R2015b\bin;C:\Program Files\Microsoft\Web Platform Installer\;C:\Program Files (x86)\Skype\Phone\;C:\ffmpeg\bin;C:\rtmp;C:\Ruby21-x64\bin;C:\Users\Sid\AppData\Roaming\npm;C:\Users\Sid\AppData\Local\.meteor\
USERNAME=Sid
OS=Windows_NT
PROCESSOR_IDENTIFIER=Intel64 Family 6 Model 58 Stepping 9, GenuineIntel



---------------  S Y S T E M  ---------------

OS: Windows 8.1 , 64 bit Build 9600 (6.3.9600.17031)

CPU:total 4 (2 cores per cpu, 2 threads per core) family 6 model 58 stepping 9, cmov, cx8, fxsr, mmx, sse, sse2, sse3, ssse3, sse4.1, sse4.2, popcnt, avx, aes, clmul, erms, ht, tsc, tscinvbit, tscinv

Memory: 4k page, physical 4078900k(184164k free), swap 7224628k(5172k free)

vm_info: OpenJDK 64-Bit Server VM (25.76-b01) for windows-amd64 JRE (1.8.0_76-release-b01), built on May 12 2016 23:29:00 by "ralucas" with MS VC++ 10.0 (VS2010)

time: Thu Jun 16 17:37:06 2016
elapsed time: 0 seconds (0d 0h 0m 0s)

