#
# There is insufficient memory for the Java Runtime Environment to continue.
# Native memory allocation (malloc) failed to allocate 746736 bytes for Chunk::new
# Possible reasons:
#   The system is out of physical RAM or swap space
#   In 32 bit mode, the process size limit was hit
# Possible solutions:
#   Reduce memory load on the system
#   Increase physical memory or swap space
#   Check if swap backing store is full
#   Use 64 bit Java on a 64 bit OS
#   Decrease Java heap size (-Xmx/-Xms)
#   Decrease number of Java threads
#   Decrease Java thread stack sizes (-Xss)
#   Set larger code cache with -XX:ReservedCodeCacheSize=
# This output file may be truncated or incomplete.
#
#  Out of Memory Error (allocation.cpp:390), pid=13044, tid=0x0000000000002ac8
#
# JRE version: OpenJDK Runtime Environment (8.0_76-b01) (build 1.8.0_76-release-b01)
# Java VM: OpenJDK 64-Bit Server VM (25.76-b01 mixed mode windows-amd64 compressed oops)
# Failed to write core dump. Minidumps are not enabled by default on client versions of Windows
#

---------------  T H R E A D  ---------------

Current thread (0x0000000015359000):  JavaThread "C2 CompilerThread0" daemon [_thread_in_native, id=10952, stack(0x00000000169a0000,0x0000000016aa0000)]

Stack: [0x00000000169a0000,0x0000000016aa0000]
[error occurred during error reporting (printing stack bounds), id 0xc0000005]

Native frames: (J=compiled Java code, j=interpreted, Vv=VM code, C=native code)


Current CompileTask:
C2:   3114 1233       4       com.android.dx.ssa.LocalVariableExtractor::processBlock (383 bytes)


---------------  P R O C E S S  ---------------

Java Threads: ( => current thread )
  0x0000000016cb3800 JavaThread "Service Thread" daemon [_thread_blocked, id=2052, stack(0x00000000170a0000,0x00000000171a0000)]
  0x0000000015353000 JavaThread "C1 CompilerThread2" daemon [_thread_blocked, id=7524, stack(0x0000000016ba0000,0x0000000016ca0000)]
  0x0000000015348800 JavaThread "C2 CompilerThread1" daemon [_thread_in_native, id=3784, stack(0x0000000016aa0000,0x0000000016ba0000)]
=>0x0000000015359000 JavaThread "C2 CompilerThread0" daemon [_thread_in_native, id=10952, stack(0x00000000169a0000,0x0000000016aa0000)]
  0x0000000015357000 JavaThread "Attach Listener" daemon [_thread_blocked, id=2992, stack(0x00000000168a0000,0x00000000169a0000)]
  0x0000000015355000 JavaThread "Signal Dispatcher" daemon [_thread_blocked, id=2872, stack(0x00000000167a0000,0x00000000168a0000)]
  0x0000000015338000 JavaThread "Finalizer" daemon [_thread_blocked, id=11356, stack(0x00000000165c0000,0x00000000166c0000)]
  0x0000000015317000 JavaThread "Reference Handler" daemon [_thread_blocked, id=12192, stack(0x00000000164c0000,0x00000000165c0000)]
  0x0000000002b7d800 JavaThread "main" [_thread_in_Java, id=15308, stack(0x0000000002a00000,0x0000000002b00000)]

Other Threads:
  0x0000000015314800 VMThread [stack: 0x00000000163c0000,0x00000000164c0000] [id=660]
  0x0000000016cb6000 WatcherThread [stack: 0x00000000171a0000,0x00000000172a0000] [id=1596]

VM state:not at safepoint (normal execution)

VM Mutex/Monitor currently owned by a thread: None

Heap:
 PSYoungGen      total 18944K, used 15140K [0x00000000eab00000, 0x00000000ed000000, 0x0000000100000000)
  eden space 16384K, 76% used [0x00000000eab00000,0x00000000eb751010,0x00000000ebb00000)
  from space 2560K, 98% used [0x00000000ebb00000,0x00000000ebd78218,0x00000000ebd80000)
  to   space 2560K, 0% used [0x00000000ecd80000,0x00000000ecd80000,0x00000000ed000000)
 ParOldGen       total 44032K, used 1627K [0x00000000c0000000, 0x00000000c2b00000, 0x00000000eab00000)
  object space 44032K, 3% used [0x00000000c0000000,0x00000000c0196f88,0x00000000c2b00000)
 Metaspace       used 5638K, capacity 6960K, committed 7040K, reserved 1056768K
  class space    used 540K, capacity 616K, committed 640K, reserved 1048576K

Card table byte_map: [0x0000000012040000,0x0000000012250000] byte_map_base: 0x0000000011a40000

Marking Bits: (ParMarkBitMap*) 0x0000000054749d00
 Begin Bits: [0x00000000127b0000, 0x00000000137b0000)
 End Bits:   [0x00000000137b0000, 0x00000000147b0000)

Polling page: 0x0000000002990000

CodeCache: size=245760Kb used=5240Kb max_used=5261Kb free=240519Kb
 bounds [0x0000000002c80000, 0x00000000031b0000, 0x0000000011c80000]
 total_blobs=1506 nmethods=1242 adapters=178
 compilation: enabled

Compilation events (10 events):
Event: 2.855 Thread 0x0000000015353000 1242       3       java.lang.Integer::bitCount (49 bytes)
Event: 2.856 Thread 0x0000000015353000 nmethod 1242 0x000000000318a990 code [0x000000000318aae0, 0x000000000318ac50]
Event: 2.856 Thread 0x0000000015353000 1243       3       com.android.dx.ssa.back.FirstFitLocalCombiningAllocator::getLocalItemForReg (97 bytes)
Event: 2.857 Thread 0x0000000015353000 nmethod 1243 0x000000000319d550 code [0x000000000319d7a0, 0x000000000319e718]
Event: 2.858 Thread 0x0000000015353000 1244       1       com.android.dx.rop.cst.CstFloat::getType (4 bytes)
Event: 2.858 Thread 0x0000000015353000 nmethod 1244 0x0000000003188910 code [0x0000000003188a60, 0x0000000003188b70]
Event: 3.062 Thread 0x0000000015348800 nmethod 1235 0x00000000031a2d50 code [0x00000000031a3080, 0x00000000031a5950]
Event: 3.063 Thread 0x0000000015348800 1239       4       java.util.ArrayList$SubList::size (9 bytes)
Event: 3.063 Thread 0x0000000015348800 nmethod 1239 0x0000000003183510 code [0x0000000003183640, 0x00000000031836d8]
Event: 3.063 Thread 0x0000000015348800 1236       4       com.android.dx.ssa.LiteralOpUpgrader$1::visitNonMoveInsn (203 bytes)

GC Heap History (2 events):
Event: 1.623 GC heap before
{Heap before GC invocations=1 (full 0):
 PSYoungGen      total 18944K, used 16384K [0x00000000eab00000, 0x00000000ec000000, 0x0000000100000000)
  eden space 16384K, 100% used [0x00000000eab00000,0x00000000ebb00000,0x00000000ebb00000)
  from space 2560K, 0% used [0x00000000ebd80000,0x00000000ebd80000,0x00000000ec000000)
  to   space 2560K, 0% used [0x00000000ebb00000,0x00000000ebb00000,0x00000000ebd80000)
 ParOldGen       total 44032K, used 0K [0x00000000c0000000, 0x00000000c2b00000, 0x00000000eab00000)
  object space 44032K, 0% used [0x00000000c0000000,0x00000000c0000000,0x00000000c2b00000)
 Metaspace       used 5459K, capacity 6768K, committed 7040K, reserved 1056768K
  class space    used 537K, capacity 616K, committed 640K, reserved 1048576K
Event: 1.692 GC heap after
Heap after GC invocations=1 (full 0):
 PSYoungGen      total 18944K, used 2528K [0x00000000eab00000, 0x00000000ed000000, 0x0000000100000000)
  eden space 16384K, 0% used [0x00000000eab00000,0x00000000eab00000,0x00000000ebb00000)
  from space 2560K, 98% used [0x00000000ebb00000,0x00000000ebd78218,0x00000000ebd80000)
  to   space 2560K, 0% used [0x00000000ecd80000,0x00000000ecd80000,0x00000000ed000000)
 ParOldGen       total 44032K, used 1627K [0x00000000c0000000, 0x00000000c2b00000, 0x00000000eab00000)
  object space 44032K, 3% used [0x00000000c0000000,0x00000000c0196f88,0x00000000c2b00000)
 Metaspace       used 5459K, capacity 6768K, committed 7040K, reserved 1056768K
  class space    used 537K, capacity 616K, committed 640K, reserved 1048576K
}

Deoptimization events (7 events):
Event: 0.552 Thread 0x0000000002b7d800 Uncommon trap: reason=unstable_if action=reinterpret pc=0x0000000002e6ff9c method=java.util.HashMap.getNode(ILjava/lang/Object;)Ljava/util/HashMap$Node; @ 129
Event: 0.593 Thread 0x0000000002b7d800 Uncommon trap: reason=unstable_if action=reinterpret pc=0x0000000002e83b30 method=java.util.BitSet.nextSetBit(I)I @ 87
Event: 1.295 Thread 0x0000000002b7d800 Uncommon trap: reason=bimorphic action=maybe_recompile pc=0x0000000002e89d8c method=java.util.HashMap.getNode(ILjava/lang/Object;)Ljava/util/HashMap$Node; @ 126
Event: 1.448 Thread 0x0000000002b7d800 Uncommon trap: reason=unstable_if action=reinterpret pc=0x0000000002fd12ec method=com.android.dx.rop.code.RegisterSpecSet.put(Lcom/android/dx/rop/code/RegisterSpec;)V @ 77
Event: 1.448 Thread 0x0000000002b7d800 Uncommon trap: reason=unstable_if action=reinterpret pc=0x00000000030425e8 method=com.android.dx.rop.code.RegisterSpecSet.put(Lcom/android/dx/rop/code/RegisterSpec;)V @ 77
Event: 1.867 Thread 0x0000000002b7d800 Uncommon trap: reason=null_check action=make_not_entrant pc=0x000000000303bd20 method=com.android.dx.rop.type.Type.equals(Ljava/lang/Object;)Z @ 8
Event: 1.893 Thread 0x0000000002b7d800 Uncommon trap: reason=unstable_if action=reinterpret pc=0x0000000002fbb7d0 method=com.android.dx.rop.code.RegisterSpec.equals(ILcom/android/dx/rop/type/TypeBearer;Lcom/android/dx/rop/code/LocalItem;)Z @ 42

Internal exceptions (3 events):
Event: 0.035 Thread 0x0000000002b7d800 Exception <a 'java/lang/NoSuchMethodError': Method sun.misc.Unsafe.defineClass(Ljava/lang/String;[BII)Ljava/lang/Class; name or signature does not match> (0x00000000eab07cc0) thrown at [C:\src\android\AOSP-openjdk\external\jetbrains\jdk\hotspot\src\share\vTÂŸÉá¡?
Event: 0.035 Thread 0x0000000002b7d800 Exception <a 'java/lang/NoSuchMethodError': Method sun.misc.Unsafe.prefetchRead(Ljava/lang/Object;J)V name or signature does not match> (0x00000000eab07fa8) thrown at [C:\src\android\AOSP-openjdk\external\jetbrains\jdk\hotspot\src\share\vm\prims\jni.cpp, lñ­*A<Þý?
Event: 1.867 Thread 0x0000000002b7d800 Implicit null exception at 0x000000000303bc22 to 0x000000000303bd12

Events (10 events):
Event: 1.879 loading class java/util/TreeMap$EntrySet done
Event: 1.879 loading class java/util/TreeMap$EntryIterator
Event: 1.879 loading class java/util/TreeMap$EntryIterator done
Event: 1.879 Executing VM operation: Deoptimize
Event: 1.879 Executing VM operation: Deoptimize done
Event: 1.893 Thread 0x0000000002b7d800 Uncommon trap: trap_request=0xffffff65 fr.pc=0x0000000002fbb7d0
Event: 1.893 Thread 0x0000000002b7d800 DEOPT PACKING pc=0x0000000002fbb7d0 sp=0x0000000002afe520
Event: 1.893 Thread 0x0000000002b7d800 DEOPT UNPACKING pc=0x0000000002cc556a sp=0x0000000002afe4a8 mode 2
Event: 2.758 Thread 0x0000000002b7d800 DEOPT PACKING pc=0x0000000002f9d897 sp=0x0000000002afe450
Event: 2.758 Thread 0x0000000002b7d800 DEOPT UNPACKING pc=0x0000000002cc75bf sp=0x0000000002afe230 mode 0


Dynamic libraries:
0x00007ff7f2bd0000 - 0x00007ff7f2c05000 	C:\android-studio\jre\bin\java.exe
0x00007fff3dee0000 - 0x00007fff3e08a000 	C:\Windows\SYSTEM32\ntdll.dll
0x00007fff3cfd0000 - 0x00007fff3d10a000 	C:\Windows\system32\KERNEL32.DLL
0x00007fff3b500000 - 0x00007fff3b610000 	C:\Windows\system32\KERNELBASE.dll
0x00007fff3cf20000 - 0x00007fff3cfc5000 	C:\Windows\system32\ADVAPI32.dll
0x00007fff3b760000 - 0x00007fff3b8d1000 	C:\Windows\system32\USER32.dll
0x00007fff38960000 - 0x00007fff38bba000 	C:\Windows\WinSxS\amd64_microsoft.windows.common-controls_6595b64144ccf1df_6.0.9600.17031_none_6242a4b3ecbb55a1\COMCTL32.dll
0x00007fff3d630000 - 0x00007fff3d6d7000 	C:\Windows\system32\msvcrt.dll
0x00007fff3ddd0000 - 0x00007fff3de27000 	C:\Windows\SYSTEM32\sechost.dll
0x00007fff3d840000 - 0x00007fff3d976000 	C:\Windows\system32\RPCRT4.dll
0x00007fff3d6f0000 - 0x00007fff3d835000 	C:\Windows\system32\GDI32.dll
0x00007fff3d4f0000 - 0x00007fff3d524000 	C:\Windows\system32\IMM32.DLL
0x00007fff3d110000 - 0x00007fff3d249000 	C:\Windows\system32\MSCTF.dll
0x0000000053eb0000 - 0x0000000053f82000 	C:\android-studio\jre\jre\bin\msvcr100.dll
0x0000000053f90000 - 0x00000000547c4000 	C:\android-studio\jre\jre\bin\server\jvm.dll
0x00007fff370d0000 - 0x00007fff370d9000 	C:\Windows\SYSTEM32\WSOCK32.dll
0x00007fff36e40000 - 0x00007fff36e5f000 	C:\Windows\SYSTEM32\WINMM.dll
0x00007fff33c90000 - 0x00007fff33c9a000 	C:\Windows\SYSTEM32\VERSION.dll
0x00007fff3ddc0000 - 0x00007fff3ddc7000 	C:\Windows\system32\PSAPI.DLL
0x00007fff3db80000 - 0x00007fff3dbd8000 	C:\Windows\system32\WS2_32.dll
0x00007fff36e10000 - 0x00007fff36e3a000 	C:\Windows\SYSTEM32\WINMMBASE.dll
0x00007fff3b8e0000 - 0x00007fff3b8e9000 	C:\Windows\system32\NSI.dll
0x00007fff3b710000 - 0x00007fff3b75a000 	C:\Windows\SYSTEM32\cfgmgr32.dll
0x00007fff3a0e0000 - 0x00007fff3a106000 	C:\Windows\SYSTEM32\DEVOBJ.dll
0x00007fff36500000 - 0x00007fff3650f000 	C:\android-studio\jre\jre\bin\verify.dll
0x00007fff34ca0000 - 0x00007fff34cc9000 	C:\android-studio\jre\jre\bin\java.dll
0x00007fff34c10000 - 0x00007fff34c26000 	C:\android-studio\jre\jre\bin\zip.dll
0x00007fff3b960000 - 0x00007fff3cd77000 	C:\Windows\system32\SHELL32.dll
0x00007fff3d980000 - 0x00007fff3db56000 	C:\Windows\SYSTEM32\combase.dll
0x00007fff3b900000 - 0x00007fff3b951000 	C:\Windows\system32\SHLWAPI.dll
0x00007fff396a0000 - 0x00007fff3973f000 	C:\Windows\SYSTEM32\SHCORE.dll
0x00007fff3b250000 - 0x00007fff3b264000 	C:\Windows\SYSTEM32\profapi.dll

VM Arguments:
jvm_args: -Djava.awt.headless=true -Xmx1024M -Dfile.encoding=windows-1252 -Duser.country=US -Duser.language=en -Duser.variant 
java_command: com.android.dx.command.Main --dex --force-jumbo --output C:\Users\Sid\AndroidStudioProjects\XMPPDemo\app\build\intermediates\pre-dexed\debug\com.android.support-support-vector-drawable-23.4.0_00f04980b794e5a87509144b939dd1cd561860dc.jar C:\Users\Sid\AndroidStudioProjects\XMPPDemo\app\build\intermediates\exploded-aar\com.android.support\support-vector-drawable\23.4.0\jars\classes.jar
java_class_path (initial): C:\Users\Sid\sdk1\build-tools\22.0.1\lib\dx.jar
Launcher Type: SUN_STANDARD

Environment Variables:
JAVA_HOME=C:\Program Files\Java\jdk1.7.0_76
PATH=C:\Windows\system32;C:\Windows;C:\Windows\System32\Wbem;C:\Windows\System32\WindowsPowerShell\v1.0\;C:\Program Files (x86)\ATI Technologies\ATI.ACE\Core-Static;C:\Program Files\adb;C:\Python27;C:\Python27\Scripts;C:\Program Files (x86)\Heroku\bin;C:\Program Files (x86)\git\cmd;C:\Program Files (x86)\GnuWin32\bin;C:\OpenSSL\bin;C:\Program Files\Microsoft SQL Server\110\Tools\Binn\;%ANDROID_HOME%\tools;%ANDROID_HOME%\platform-tools,%JAVA_HOME%\bin;C:\Users\Sid\sdk1\tools;%ANT_HOME%\bin;C:\Users\Sid\sencha\Sencha\Cmd\5.1.2.52;C:\Program Files (x86)\Git\bin;C:\Program Files\Java\jdk1.7.0_76\bin;C:\Program Files\nodejs\;%USERPROFILE%\.dnx\bin;C:\Program Files\Microsoft DNX\Dnvm\;C:\Program Files (x86)\Windows Kits\8.1\Windows Performance Toolkit\;C:\Program Files\Microsoft\Web Platform Installer\;C:\Program Files (x86)\Skype\Phone\;C:\ffmpeg\bin;C:\rtmp;C:\Program Files\cURL\bin;C:\Windows\system32;C:\Windows;C:\Windows\System32\Wbem;C:\Windows\System32\WindowsPowerShell\v1.0\;C:\Program Files (x86)\ATI Technologies\ATI.ACE\Core-Static;C:\Program Files\adb;C:\Python27;C:\Python27\Scripts;C:\Program Files (x86)\Heroku\bin;C:\Program Files (x86)\git\cmd;C:\Program Files (x86)\GnuWin32\bin;C:\OpenSSL\bin;C:\Program Files\Microsoft SQL Server\110\Tools\Binn\;C:\Users\Sid\sdk1\tools;C:\Users\Sid\sdk1\platform-tools,C:\Program Files\Java\jdk1.7.0_76\bin;C:\ant\bin;C:\Users\Sid\sencha\Sencha\Cmd\5.1.2.52;C:\Program Files (x86)\Git\bin;C:\Program Files\Java\jdk1.7.0_76\bin;C:\Program Files\nodejs\;C:\Users\Sid\.dnx\bin;C:\Program Files\Microsoft DNX\Dnvm\;C:\Program Files (x86)\Windows Kits\8.1\Windows Performance Toolkit\;C:\Program Files\MATLAB\R2015b\bin;C:\Program Files\Microsoft\Web Platform Installer\;C:\Program Files (x86)\Skype\Phone\;C:\ffmpeg\bin;C:\rtmp;C:\Ruby21-x64\bin;C:\Users\Sid\AppData\Roaming\npm;C:\Users\Sid\AppData\Local\.meteor\
USERNAME=Sid
OS=Windows_NT
PROCESSOR_IDENTIFIER=Intel64 Family 6 Model 58 Stepping 9, GenuineIntel



---------------  S Y S T E M  ---------------

OS: Windows 8.1 , 64 bit Build 9600 (6.3.9600.17031)

CPU:total 4 (2 cores per cpu, 2 threads per core) family 6 model 58 stepping 9, cmov, cx8, fxsr, mmx, sse, sse2, sse3, ssse3, sse4.1, sse4.2, popcnt, avx, aes, clmul, erms, ht, tsc, tscinvbit, tscinv

Memory: 4k page, physical 4078900k(570984k free), swap 7224628k(6644k free)

vm_info: OpenJDK 64-Bit Server VM (25.76-b01) for windows-amd64 JRE (1.8.0_76-release-b01), built on May 12 2016 23:29:00 by "ralucas" with MS VC++ 10.0 (VS2010)

time: Fri Jun 10 04:57:29 2016
elapsed time: 3 seconds (0d 0h 0m 3s)

